[2019-06-12 15:31:28][DEBUG][ERROR] : [Class 'App\Utility\PlatesRender' not found at file:/work/eschat/App/HttpController/Base.php line:29]
[2019-06-12 15:31:28][DEBUG][ERROR] : [Class 'App\Utility\PlatesRender' not found at file:/work/eschat/App/HttpController/Base.php line:29]
[2019-06-12 15:31:28][DEBUG][ERROR] : [Class 'App\Utility\PlatesRender' not found at file:/work/eschat/App/HttpController/Base.php line:29]
[2019-06-12 15:31:29][DEBUG][ERROR] : [Class 'App\Utility\PlatesRender' not found at file:/work/eschat/App/HttpController/Base.php line:29]
[2019-06-12 15:31:31][DEBUG][ERROR] : [Class 'App\Utility\PlatesRender' not found at file:/work/eschat/App/HttpController/Base.php line:29]
[2019-06-12 15:31:31][DEBUG][ERROR] : [Class 'App\Utility\PlatesRender' not found at file:/work/eschat/App/HttpController/Base.php line:29]
[2019-06-12 15:31:33][DEBUG][ERROR] : [Class 'App\Utility\PlatesRender' not found at file:/work/eschat/App/HttpController/Base.php line:29]
[2019-06-12 15:31:33][DEBUG][ERROR] : [Class 'App\Utility\PlatesRender' not found at file:/work/eschat/App/HttpController/Base.php line:29]
[2019-06-12 15:31:33][DEBUG][ERROR] : [Class 'App\Utility\PlatesRender' not found at file:/work/eschat/App/HttpController/Base.php line:29]
[2019-06-12 15:31:35][DEBUG][ERROR] : [Class 'App\Utility\PlatesRender' not found at file:/work/eschat/App/HttpController/Base.php line:29]
[2019-06-12 15:31:36][DEBUG][ERROR] : [Class 'App\Utility\PlatesRender' not found at file:/work/eschat/App/HttpController/Base.php line:29]
[2019-06-12 15:31:36][DEBUG][ERROR] : [Class 'App\Utility\PlatesRender' not found at file:/work/eschat/App/HttpController/Base.php line:29]
[2019-06-12 15:32:02][DEBUG][ERROR] : [Call to undefined method App\HttpController\Index::cfgValue() at file:/work/eschat/App/HttpController/Index.php line:17]
[2019-06-12 15:32:02][DEBUG][ERROR] : [Call to undefined method App\HttpController\Index::cfgValue() at file:/work/eschat/App/HttpController/Index.php line:17]
[2019-06-12 15:32:02][DEBUG][ERROR] : [Call to undefined method App\HttpController\Index::cfgValue() at file:/work/eschat/App/HttpController/Index.php line:17]
[2019-06-12 15:32:03][DEBUG][ERROR] : [Call to undefined method App\HttpController\Index::cfgValue() at file:/work/eschat/App/HttpController/Index.php line:17]
[2019-06-12 15:32:05][DEBUG][ERROR] : [Call to undefined method App\HttpController\Index::cfgValue() at file:/work/eschat/App/HttpController/Index.php line:17]
[2019-06-12 15:32:05][DEBUG][ERROR] : [Call to undefined method App\HttpController\Index::cfgValue() at file:/work/eschat/App/HttpController/Index.php line:17]
[2019-06-12 15:32:05][DEBUG][ERROR] : [Call to undefined method App\HttpController\Index::cfgValue() at file:/work/eschat/App/HttpController/Index.php line:17]
[2019-06-12 15:32:06][DEBUG][ERROR] : [Call to undefined method App\HttpController\Index::cfgValue() at file:/work/eschat/App/HttpController/Index.php line:17]
[2019-06-12 15:32:08][DEBUG][ERROR] : [Call to undefined method App\HttpController\Index::cfgValue() at file:/work/eschat/App/HttpController/Index.php line:17]
[2019-06-12 15:32:09][DEBUG][ERROR] : [Call to undefined method App\HttpController\Index::cfgValue() at file:/work/eschat/App/HttpController/Index.php line:17]
[2019-06-12 15:32:10][DEBUG][ERROR] : [Call to undefined method App\HttpController\Index::cfgValue() at file:/work/eschat/App/HttpController/Index.php line:17]
[2019-06-12 15:32:10][DEBUG][ERROR] : [Call to undefined method App\HttpController\Index::cfgValue() at file:/work/eschat/App/HttpController/Index.php line:17]
[2019-06-12 15:32:11][DEBUG][ERROR] : [Call to undefined method App\HttpController\Index::cfgValue() at file:/work/eschat/App/HttpController/Index.php line:17]
[2019-06-12 15:32:11][DEBUG][ERROR] : [Call to undefined method App\HttpController\Index::cfgValue() at file:/work/eschat/App/HttpController/Index.php line:17]
[2019-06-12 15:32:13][DEBUG][ERROR] : [Call to undefined method App\HttpController\Index::cfgValue() at file:/work/eschat/App/HttpController/Index.php line:17]
[2019-06-12 15:32:13][DEBUG][ERROR] : [Call to undefined method App\HttpController\Index::cfgValue() at file:/work/eschat/App/HttpController/Index.php line:17]
[2019-06-12 15:32:15][DEBUG][ERROR] : [Call to undefined method App\HttpController\Index::cfgValue() at file:/work/eschat/App/HttpController/Index.php line:17]
[2019-06-12 15:42:45][DEBUG][ERROR] : [Call to undefined method App\HttpController\Index::cfgValue() at file:/work/eschat/App/HttpController/Index.php line:17]
[2019-06-12 15:43:24][DEBUG][ERROR] : [Class 'League\Plates\Engine' not found at file:/work/eschat/App/Utility/PlatesRender.php line:21]
[2019-06-12 15:45:54][DEBUG][ERROR] : [Class 'League\Plates\Engine' not found at file:/work/eschat/App/Utility/PlatesRender.php line:21]
[2019-06-12 15:45:56][DEBUG][ERROR] : [Class 'League\Plates\Engine' not found at file:/work/eschat/App/Utility/PlatesRender.php line:21]
[2019-06-12 15:45:56][DEBUG][ERROR] : [Class 'League\Plates\Engine' not found at file:/work/eschat/App/Utility/PlatesRender.php line:21]
[2019-06-12 15:45:56][DEBUG][ERROR] : [Class 'League\Plates\Engine' not found at file:/work/eschat/App/Utility/PlatesRender.php line:21]
[2019-06-12 15:45:57][DEBUG][ERROR] : [Class 'League\Plates\Engine' not found at file:/work/eschat/App/Utility/PlatesRender.php line:21]
[2019-06-12 15:45:57][DEBUG][ERROR] : [Class 'League\Plates\Engine' not found at file:/work/eschat/App/Utility/PlatesRender.php line:21]
[2019-06-12 15:45:57][DEBUG][ERROR] : [Class 'League\Plates\Engine' not found at file:/work/eschat/App/Utility/PlatesRender.php line:21]
[2019-06-12 15:45:57][DEBUG][ERROR] : [Class 'League\Plates\Engine' not found at file:/work/eschat/App/Utility/PlatesRender.php line:21]
[2019-06-12 15:45:57][DEBUG][ERROR] : [Class 'League\Plates\Engine' not found at file:/work/eschat/App/Utility/PlatesRender.php line:21]
[2019-06-13 12:17:56][DEBUG][ERROR] : [Class 'App\HttpController\EasySwoole\MysqliPool\My' not found at file:/work/eschat/App/HttpController/Index.php line:17]
[2019-06-13 12:32:39][DEBUG][ERROR] : [Swoole\Server::start(): require onMessage callback at file:/work/eschat/vendor/easyswoole/easyswoole/src/ServerManager.php line:114]
[2019-06-13 14:17:17][DEBUG][ERROR] : [Uncaught Error: Class 'EasySwoole\Socket\Config' not found in /work/eschat/EasySwooleEvent.php:38
Stack trace:
#0 /work/eschat/vendor/easyswoole/easyswoole/src/Core.php(121): EasySwoole\EasySwoole\EasySwooleEvent::mainServerCreate(Object(EasySwoole\EasySwoole\Swoole\EventRegister))
#1 /work/eschat/vendor/easyswoole/easyswoole/src/Command/DefaultCommand/Start.php(42): EasySwoole\EasySwoole\Core->createServer()
#2 /work/eschat/vendor/easyswoole/easyswoole/src/Command/CommandContainer.php(44): EasySwoole\EasySwoole\Command\DefaultCommand\Start->exec(Array)
#3 /work/eschat/vendor/easyswoole/easyswoole/src/Command/CommandRunner.php(52): EasySwoole\EasySwoole\Command\CommandContainer->hook('start', Array)
#4 /work/eschat/easyswoole(20): EasySwoole\EasySwoole\Command\CommandRunner->run(Array)
#5 {main}
  thrown at file:/work/eschat/EasySwooleEvent.php line:38]
[2019-06-13 14:17:54][DEBUG][ERROR] : [Uncaught Error: Class 'EasySwoole\Socket\Config' not found in /work/eschat/EasySwooleEvent.php:40
Stack trace:
#0 /work/eschat/vendor/easyswoole/easyswoole/src/Core.php(121): EasySwoole\EasySwoole\EasySwooleEvent::mainServerCreate(Object(EasySwoole\EasySwoole\Swoole\EventRegister))
#1 /work/eschat/vendor/easyswoole/easyswoole/src/Command/DefaultCommand/Start.php(42): EasySwoole\EasySwoole\Core->createServer()
#2 /work/eschat/vendor/easyswoole/easyswoole/src/Command/CommandContainer.php(44): EasySwoole\EasySwoole\Command\DefaultCommand\Start->exec(Array)
#3 /work/eschat/vendor/easyswoole/easyswoole/src/Command/CommandRunner.php(52): EasySwoole\EasySwoole\Command\CommandContainer->hook('start', Array)
#4 /work/eschat/easyswoole(20): EasySwoole\EasySwoole\Command\CommandRunner->run(Array)
#5 {main}
  thrown at file:/work/eschat/EasySwooleEvent.php line:40]
[2019-06-13 14:18:29][DEBUG][ERROR] : [Uncaught Error: Class 'EasySwoole\Socket\Config' not found in /work/eschat/EasySwooleEvent.php:41
Stack trace:
#0 /work/eschat/vendor/easyswoole/easyswoole/src/Core.php(121): EasySwoole\EasySwoole\EasySwooleEvent::mainServerCreate(Object(EasySwoole\EasySwoole\Swoole\EventRegister))
#1 /work/eschat/vendor/easyswoole/easyswoole/src/Command/DefaultCommand/Start.php(42): EasySwoole\EasySwoole\Core->createServer()
#2 /work/eschat/vendor/easyswoole/easyswoole/src/Command/CommandContainer.php(44): EasySwoole\EasySwoole\Command\DefaultCommand\Start->exec(Array)
#3 /work/eschat/vendor/easyswoole/easyswoole/src/Command/CommandRunner.php(52): EasySwoole\EasySwoole\Command\CommandContainer->hook('start', Array)
#4 /work/eschat/easyswoole(20): EasySwoole\EasySwoole\Command\CommandRunner->run(Array)
#5 {main}
  thrown at file:/work/eschat/EasySwooleEvent.php line:41]
[2019-06-13 14:45:50][DEBUG][ERROR] : [Unknown column 'name' in 'where clause' query: SELECT SQL_CALC_FOUND_ROWS * FROM user WHERE  name <> ?  ORDER BY member_id DESC  LIMIT 0, 10 at file:/work/eschat/vendor/easyswoole/mysqli/src/Mysqli.php line:1511]
[2019-06-13 14:46:22][DEBUG][ERROR] : [Unknown column 'member_id' in 'order clause' query: SELECT SQL_CALC_FOUND_ROWS * FROM user ORDER BY member_id DESC  LIMIT 0, 10 at file:/work/eschat/vendor/easyswoole/mysqli/src/Mysqli.php line:1511]
[2019-06-13 14:53:32][DEBUG][ERROR] : [Uncaught Error: Class 'EasySwoole\EasySwoole\HotReload' not found in /work/eschat/EasySwooleEvent.php:74
Stack trace:
#0 /work/eschat/vendor/easyswoole/easyswoole/src/Core.php(121): EasySwoole\EasySwoole\EasySwooleEvent::mainServerCreate(Object(EasySwoole\EasySwoole\Swoole\EventRegister))
#1 /work/eschat/vendor/easyswoole/easyswoole/src/Command/DefaultCommand/Start.php(42): EasySwoole\EasySwoole\Core->createServer()
#2 /work/eschat/vendor/easyswoole/easyswoole/src/Command/CommandContainer.php(44): EasySwoole\EasySwoole\Command\DefaultCommand\Start->exec(Array)
#3 /work/eschat/vendor/easyswoole/easyswoole/src/Command/CommandRunner.php(52): EasySwoole\EasySwoole\Command\CommandContainer->hook('start', Array)
#4 /work/eschat/easyswoole(20): EasySwoole\EasySwoole\Command\CommandRunner->run(Array)
#5 {main}
  thrown at file:/work/eschat/EasySwooleEvent.php line:74]
[2019-06-13 14:59:41][DEBUG][ERROR] : [Too few arguments to function App\HttpController\Index::login(), 0 passed in /work/eschat/vendor/easyswoole/http/src/AbstractInterface/Controller.php on line 106 and exactly 1 expected at file:/work/eschat/App/HttpController/Index.php line:40]
[2019-06-13 15:00:22][DEBUG][ERROR] : [Too few arguments to function App\HttpController\Index::login(), 0 passed in /work/eschat/vendor/easyswoole/http/src/AbstractInterface/Controller.php on line 106 and exactly 1 expected at file:/work/eschat/App/HttpController/Index.php line:40]
[2019-06-13 15:02:50][DEBUG][ERROR] : [Too few arguments to function App\HttpController\Index::login(), 0 passed in /work/eschat/vendor/easyswoole/http/src/AbstractInterface/Controller.php on line 106 and exactly 1 expected at file:/work/eschat/App/HttpController/Index.php line:40]
[2019-06-13 15:03:09][DEBUG][ERROR] : [Too few arguments to function App\HttpController\Index::login(), 0 passed in /work/eschat/vendor/easyswoole/http/src/AbstractInterface/Controller.php on line 106 and exactly 1 expected at file:/work/eschat/App/HttpController/Index.php line:40]
[2019-06-13 15:03:10][DEBUG][ERROR] : [Too few arguments to function App\HttpController\Index::login(), 0 passed in /work/eschat/vendor/easyswoole/http/src/AbstractInterface/Controller.php on line 106 and exactly 1 expected at file:/work/eschat/App/HttpController/Index.php line:40]
[2019-06-13 15:03:10][DEBUG][ERROR] : [Too few arguments to function App\HttpController\Index::login(), 0 passed in /work/eschat/vendor/easyswoole/http/src/AbstractInterface/Controller.php on line 106 and exactly 1 expected at file:/work/eschat/App/HttpController/Index.php line:40]
[2019-06-13 15:03:10][DEBUG][ERROR] : [Too few arguments to function App\HttpController\Index::login(), 0 passed in /work/eschat/vendor/easyswoole/http/src/AbstractInterface/Controller.php on line 106 and exactly 1 expected at file:/work/eschat/App/HttpController/Index.php line:40]
[2019-06-13 15:03:10][DEBUG][ERROR] : [Too few arguments to function App\HttpController\Index::login(), 0 passed in /work/eschat/vendor/easyswoole/http/src/AbstractInterface/Controller.php on line 106 and exactly 1 expected at file:/work/eschat/App/HttpController/Index.php line:40]
[2019-06-13 15:03:10][DEBUG][ERROR] : [Too few arguments to function App\HttpController\Index::login(), 0 passed in /work/eschat/vendor/easyswoole/http/src/AbstractInterface/Controller.php on line 106 and exactly 1 expected at file:/work/eschat/App/HttpController/Index.php line:40]
[2019-06-13 15:03:46][DEBUG][ERROR] : [Too few arguments to function App\HttpController\Index::login(), 0 passed in /work/eschat/vendor/easyswoole/http/src/AbstractInterface/Controller.php on line 106 and exactly 1 expected at file:/work/eschat/App/HttpController/Index.php line:40]
[2019-06-13 15:03:47][DEBUG][ERROR] : [Too few arguments to function App\HttpController\Index::login(), 0 passed in /work/eschat/vendor/easyswoole/http/src/AbstractInterface/Controller.php on line 106 and exactly 1 expected at file:/work/eschat/App/HttpController/Index.php line:40]
[2019-06-13 15:04:20][DEBUG][ERROR] : [Too few arguments to function App\HttpController\Index::login(), 0 passed in /work/eschat/vendor/easyswoole/http/src/AbstractInterface/Controller.php on line 106 and exactly 1 expected at file:/work/eschat/App/HttpController/Index.php line:40]
[2019-06-13 15:04:27][DEBUG][ERROR] : [Too few arguments to function App\HttpController\Index::login(), 0 passed in /work/eschat/vendor/easyswoole/http/src/AbstractInterface/Controller.php on line 106 and exactly 1 expected at file:/work/eschat/App/HttpController/Index.php line:40]
[2019-06-13 15:04:27][DEBUG][ERROR] : [Too few arguments to function App\HttpController\Index::login(), 0 passed in /work/eschat/vendor/easyswoole/http/src/AbstractInterface/Controller.php on line 106 and exactly 1 expected at file:/work/eschat/App/HttpController/Index.php line:40]
[2019-06-13 15:04:28][DEBUG][ERROR] : [Too few arguments to function App\HttpController\Index::login(), 0 passed in /work/eschat/vendor/easyswoole/http/src/AbstractInterface/Controller.php on line 106 and exactly 1 expected at file:/work/eschat/App/HttpController/Index.php line:40]
[2019-06-13 15:04:28][DEBUG][ERROR] : [Too few arguments to function App\HttpController\Index::login(), 0 passed in /work/eschat/vendor/easyswoole/http/src/AbstractInterface/Controller.php on line 106 and exactly 1 expected at file:/work/eschat/App/HttpController/Index.php line:40]
[2019-06-13 15:04:28][DEBUG][ERROR] : [Too few arguments to function App\HttpController\Index::login(), 0 passed in /work/eschat/vendor/easyswoole/http/src/AbstractInterface/Controller.php on line 106 and exactly 1 expected at file:/work/eschat/App/HttpController/Index.php line:40]
[2019-06-13 15:05:35][DEBUG][ERROR] : [Too few arguments to function App\HttpController\Index::login(), 0 passed in /work/eschat/vendor/easyswoole/http/src/AbstractInterface/Controller.php on line 106 and exactly 1 expected at file:/work/eschat/App/HttpController/Index.php line:40]
[2019-06-13 15:05:36][DEBUG][ERROR] : [Too few arguments to function App\HttpController\Index::login(), 0 passed in /work/eschat/vendor/easyswoole/http/src/AbstractInterface/Controller.php on line 106 and exactly 1 expected at file:/work/eschat/App/HttpController/Index.php line:40]
[2019-06-13 15:06:03][DEBUG][ERROR] : [Too few arguments to function App\HttpController\Index::login(), 0 passed in /work/eschat/vendor/easyswoole/http/src/AbstractInterface/Controller.php on line 106 and exactly 1 expected at file:/work/eschat/App/HttpController/Index.php line:40]
[2019-06-13 15:07:18][DEBUG][ERROR] : [Too few arguments to function App\HttpController\Index::login(), 0 passed in /work/eschat/vendor/easyswoole/http/src/AbstractInterface/Controller.php on line 106 and exactly 1 expected at file:/work/eschat/App/HttpController/Index.php line:40]
[2019-06-13 15:07:21][DEBUG][ERROR] : [Too few arguments to function App\HttpController\Index::login(), 0 passed in /work/eschat/vendor/easyswoole/http/src/AbstractInterface/Controller.php on line 106 and exactly 1 expected at file:/work/eschat/App/HttpController/Index.php line:40]
[2019-06-13 15:07:29][DEBUG][ERROR] : [Too few arguments to function App\HttpController\Index::login(), 0 passed in /work/eschat/vendor/easyswoole/http/src/AbstractInterface/Controller.php on line 106 and exactly 1 expected at file:/work/eschat/App/HttpController/Index.php line:40]
[2019-06-13 15:07:33][DEBUG][ERROR] : [Too few arguments to function App\HttpController\Index::login(), 0 passed in /work/eschat/vendor/easyswoole/http/src/AbstractInterface/Controller.php on line 106 and exactly 1 expected at file:/work/eschat/App/HttpController/Index.php line:40]
[2019-06-13 15:07:33][DEBUG][ERROR] : [Too few arguments to function App\HttpController\Index::login(), 0 passed in /work/eschat/vendor/easyswoole/http/src/AbstractInterface/Controller.php on line 106 and exactly 1 expected at file:/work/eschat/App/HttpController/Index.php line:40]
[2019-06-13 15:07:33][DEBUG][ERROR] : [Too few arguments to function App\HttpController\Index::login(), 0 passed in /work/eschat/vendor/easyswoole/http/src/AbstractInterface/Controller.php on line 106 and exactly 1 expected at file:/work/eschat/App/HttpController/Index.php line:40]
[2019-06-13 15:07:34][DEBUG][ERROR] : [Too few arguments to function App\HttpController\Index::login(), 0 passed in /work/eschat/vendor/easyswoole/http/src/AbstractInterface/Controller.php on line 106 and exactly 1 expected at file:/work/eschat/App/HttpController/Index.php line:40]
[2019-06-13 15:07:34][DEBUG][ERROR] : [Too few arguments to function App\HttpController\Index::login(), 0 passed in /work/eschat/vendor/easyswoole/http/src/AbstractInterface/Controller.php on line 106 and exactly 1 expected at file:/work/eschat/App/HttpController/Index.php line:40]
[2019-06-13 16:34:39][DEBUG][NOTICE] : [Undefined variable: code_hash at file:/work/eschat/App/Views/register.php line:54]
[2019-06-13 16:34:54][DEBUG][NOTICE] : [Undefined variable: code_hash at file:/work/eschat/App/Views/register.php line:54]
[2019-06-13 16:41:15][DEBUG][NOTICE] : [Undefined variable: code_hash at file:/work/eschat/App/Views/register.php line:54]
[2019-06-13 16:41:27][DEBUG][NOTICE] : [Undefined variable: code_hash at file:/work/eschat/App/Views/register.php line:54]
[2019-06-13 16:44:45][DEBUG][NOTICE] : [Undefined variable: code_hash at file:/work/eschat/App/Views/register.php line:54]
[2019-06-13 16:45:05][DEBUG][NOTICE] : [Undefined variable: code_hash at file:/work/eschat/App/Views/register.php line:55]
[2019-06-13 16:45:50][DEBUG][NOTICE] : [Undefined variable: code_hash at file:/work/eschat/App/Views/register.php line:55]
[2019-06-13 17:14:50][DEBUG][ERROR] : [Class 'App\HttpController\Cache' not found at file:/work/eschat/App/HttpController/Index.php line:43]
[2019-06-13 17:17:57][DEBUG][ERROR] : [swoole exit at file:/work/eschat/App/HttpController/Index.php line:50]
[2019-06-13 17:57:59][DEBUG][NOTICE] : [listen /work/eschat/Temp/EasySwoole.FastCacheProcess.0.sock fail at file:/work/eschat/vendor/easyswoole/fast-cache/src/CacheProcess.php line:93]
[2019-06-13 17:57:59][DEBUG][NOTICE] : [listen /work/eschat/Temp/EasySwoole.FastCacheProcess.1.sock fail at file:/work/eschat/vendor/easyswoole/fast-cache/src/CacheProcess.php line:93]
[2019-06-13 17:57:59][DEBUG][NOTICE] : [listen /work/eschat/Temp/EasySwoole.FastCacheProcess.2.sock fail at file:/work/eschat/vendor/easyswoole/fast-cache/src/CacheProcess.php line:93]
[2019-06-13 18:00:29][DEBUG][NOTICE] : [listen /work/eschat/Temp/EasySwoole.FastCacheProcess.0.sock fail at file:/work/eschat/vendor/easyswoole/fast-cache/src/CacheProcess.php line:93]
[2019-06-13 18:00:29][DEBUG][NOTICE] : [listen /work/eschat/Temp/EasySwoole.FastCacheProcess.1.sock fail at file:/work/eschat/vendor/easyswoole/fast-cache/src/CacheProcess.php line:93]
[2019-06-13 18:00:29][DEBUG][NOTICE] : [listen /work/eschat/Temp/EasySwoole.FastCacheProcess.2.sock fail at file:/work/eschat/vendor/easyswoole/fast-cache/src/CacheProcess.php line:93]
[2019-06-13 18:01:09][DEBUG][NOTICE] : [listen /work/eschat/Temp/EasySwoole.FastCacheProcess.0.sock fail at file:/work/eschat/vendor/easyswoole/fast-cache/src/CacheProcess.php line:93]
[2019-06-13 18:01:09][DEBUG][NOTICE] : [listen /work/eschat/Temp/EasySwoole.FastCacheProcess.2.sock fail at file:/work/eschat/vendor/easyswoole/fast-cache/src/CacheProcess.php line:93]
[2019-06-13 18:01:09][DEBUG][NOTICE] : [listen /work/eschat/Temp/EasySwoole.FastCacheProcess.1.sock fail at file:/work/eschat/vendor/easyswoole/fast-cache/src/CacheProcess.php line:93]
[2019-06-13 18:04:45][DEBUG][ERROR] : [Uncaught Swoole\Exception: failed to listen server port[0.0.0.0:9501], Error: Address already in use[98] in /work/eschat/vendor/easyswoole/easyswoole/src/ServerManager.php:60
Stack trace:
#0 /work/eschat/vendor/easyswoole/easyswoole/src/ServerManager.php(60): Swoole\Server->__construct('0.0.0.0', 9501, 2, 1)
#1 /work/eschat/vendor/easyswoole/easyswoole/src/Core.php(117): EasySwoole\EasySwoole\ServerManager->createSwooleServer(9501, 3, '0.0.0.0', Array, 2, 1)
#2 /work/eschat/vendor/easyswoole/easyswoole/src/Command/DefaultCommand/Start.php(42): EasySwoole\EasySwoole\Core->createServer()
#3 /work/eschat/vendor/easyswoole/easyswoole/src/Command/CommandContainer.php(44): EasySwoole\EasySwoole\Command\DefaultCommand\Start->exec(Array)
#4 /work/eschat/vendor/easyswoole/easyswoole/src/Command/CommandRunner.php(52): EasySwoole\EasySwoole\Command\CommandContainer->hook('start', Array)
#5 /work/eschat/easyswoole(20): EasySwoole\EasySwoole\Command\CommandRunner->run(Array)
#6 {main}
  thrown at file:/work/eschat/vendor/easyswoole/easyswoole/src/ServerManager.php line:60]
[2019-06-13 18:04:51][DEBUG][ERROR] : [Uncaught Swoole\Exception: failed to listen server port[0.0.0.0:9501], Error: Address already in use[98] in /work/eschat/vendor/easyswoole/easyswoole/src/ServerManager.php:60
Stack trace:
#0 /work/eschat/vendor/easyswoole/easyswoole/src/ServerManager.php(60): Swoole\Server->__construct('0.0.0.0', 9501, 2, 1)
#1 /work/eschat/vendor/easyswoole/easyswoole/src/Core.php(117): EasySwoole\EasySwoole\ServerManager->createSwooleServer(9501, 3, '0.0.0.0', Array, 2, 1)
#2 /work/eschat/vendor/easyswoole/easyswoole/src/Command/DefaultCommand/Start.php(42): EasySwoole\EasySwoole\Core->createServer()
#3 /work/eschat/vendor/easyswoole/easyswoole/src/Command/CommandContainer.php(44): EasySwoole\EasySwoole\Command\DefaultCommand\Start->exec(Array)
#4 /work/eschat/vendor/easyswoole/easyswoole/src/Command/CommandRunner.php(52): EasySwoole\EasySwoole\Command\CommandContainer->hook('start', Array)
#5 /work/eschat/easyswoole(20): EasySwoole\EasySwoole\Command\CommandRunner->run(Array)
#6 {main}
  thrown at file:/work/eschat/vendor/easyswoole/easyswoole/src/ServerManager.php line:60]
[2019-06-13 18:05:08][DEBUG][ERROR] : [Uncaught Swoole\Exception: failed to listen server port[0.0.0.0:9501], Error: Address already in use[98] in /work/eschat/vendor/easyswoole/easyswoole/src/ServerManager.php:60
Stack trace:
#0 /work/eschat/vendor/easyswoole/easyswoole/src/ServerManager.php(60): Swoole\Server->__construct('0.0.0.0', 9501, 2, 1)
#1 /work/eschat/vendor/easyswoole/easyswoole/src/Core.php(117): EasySwoole\EasySwoole\ServerManager->createSwooleServer(9501, 3, '0.0.0.0', Array, 2, 1)
#2 /work/eschat/vendor/easyswoole/easyswoole/src/Command/DefaultCommand/Start.php(42): EasySwoole\EasySwoole\Core->createServer()
#3 /work/eschat/vendor/easyswoole/easyswoole/src/Command/CommandContainer.php(44): EasySwoole\EasySwoole\Command\DefaultCommand\Start->exec(Array)
#4 /work/eschat/vendor/easyswoole/easyswoole/src/Command/CommandRunner.php(52): EasySwoole\EasySwoole\Command\CommandContainer->hook('start', Array)
#5 /work/eschat/easyswoole(20): EasySwoole\EasySwoole\Command\CommandRunner->run(Array)
#6 {main}
  thrown at file:/work/eschat/vendor/easyswoole/easyswoole/src/ServerManager.php line:60]
[2019-06-13 18:05:17][DEBUG][ERROR] : [Uncaught Swoole\Exception: failed to listen server port[0.0.0.0:9501], Error: Address already in use[98] in /work/eschat/vendor/easyswoole/easyswoole/src/ServerManager.php:60
Stack trace:
#0 /work/eschat/vendor/easyswoole/easyswoole/src/ServerManager.php(60): Swoole\Server->__construct('0.0.0.0', 9501, 2, 1)
#1 /work/eschat/vendor/easyswoole/easyswoole/src/Core.php(117): EasySwoole\EasySwoole\ServerManager->createSwooleServer(9501, 3, '0.0.0.0', Array, 2, 1)
#2 /work/eschat/vendor/easyswoole/easyswoole/src/Command/DefaultCommand/Start.php(42): EasySwoole\EasySwoole\Core->createServer()
#3 /work/eschat/vendor/easyswoole/easyswoole/src/Command/CommandContainer.php(44): EasySwoole\EasySwoole\Command\DefaultCommand\Start->exec(Array)
#4 /work/eschat/vendor/easyswoole/easyswoole/src/Command/CommandRunner.php(52): EasySwoole\EasySwoole\Command\CommandContainer->hook('start', Array)
#5 /work/eschat/easyswoole(20): EasySwoole\EasySwoole\Command\CommandRunner->run(Array)
#6 {main}
  thrown at file:/work/eschat/vendor/easyswoole/easyswoole/src/ServerManager.php line:60]
[2019-06-13 18:06:19][DEBUG][ERROR] : [Uncaught Swoole\Exception: failed to listen server port[0.0.0.0:9501], Error: Address already in use[98] in /work/eschat/vendor/easyswoole/easyswoole/src/ServerManager.php:60
Stack trace:
#0 /work/eschat/vendor/easyswoole/easyswoole/src/ServerManager.php(60): Swoole\Server->__construct('0.0.0.0', 9501, 2, 1)
#1 /work/eschat/vendor/easyswoole/easyswoole/src/Core.php(117): EasySwoole\EasySwoole\ServerManager->createSwooleServer(9501, 3, '0.0.0.0', Array, 2, 1)
#2 /work/eschat/vendor/easyswoole/easyswoole/src/Command/DefaultCommand/Start.php(42): EasySwoole\EasySwoole\Core->createServer()
#3 /work/eschat/vendor/easyswoole/easyswoole/src/Command/CommandContainer.php(44): EasySwoole\EasySwoole\Command\DefaultCommand\Start->exec(Array)
#4 /work/eschat/vendor/easyswoole/easyswoole/src/Command/CommandRunner.php(52): EasySwoole\EasySwoole\Command\CommandContainer->hook('start', Array)
#5 /work/eschat/easyswoole(20): EasySwoole\EasySwoole\Command\CommandRunner->run(Array)
#6 {main}
  thrown at file:/work/eschat/vendor/easyswoole/easyswoole/src/ServerManager.php line:60]
[2019-06-13 18:07:18][DEBUG][ERROR] : [Uncaught Swoole\Exception: failed to listen server port[0.0.0.0:9501], Error: Address already in use[98] in /work/eschat/vendor/easyswoole/easyswoole/src/ServerManager.php:56
Stack trace:
#0 /work/eschat/vendor/easyswoole/easyswoole/src/ServerManager.php(56): Swoole\Server->__construct('0.0.0.0', 9501, 2, 1)
#1 /work/eschat/vendor/easyswoole/easyswoole/src/Core.php(117): EasySwoole\EasySwoole\ServerManager->createSwooleServer(9501, 2, '0.0.0.0', Array, 2, 1)
#2 /work/eschat/vendor/easyswoole/easyswoole/src/Command/DefaultCommand/Start.php(42): EasySwoole\EasySwoole\Core->createServer()
#3 /work/eschat/vendor/easyswoole/easyswoole/src/Command/CommandContainer.php(44): EasySwoole\EasySwoole\Command\DefaultCommand\Start->exec(Array)
#4 /work/eschat/vendor/easyswoole/easyswoole/src/Command/CommandRunner.php(52): EasySwoole\EasySwoole\Command\CommandContainer->hook('start', Array)
#5 /work/eschat/easyswoole(20): EasySwoole\EasySwoole\Command\CommandRunner->run(Array)
#6 {main}
  thrown at file:/work/eschat/vendor/easyswoole/easyswoole/src/ServerManager.php line:56]
[2019-06-13 18:07:25][DEBUG][ERROR] : [Uncaught Swoole\Exception: failed to listen server port[0.0.0.0:9501], Error: Address already in use[98] in /work/eschat/vendor/easyswoole/easyswoole/src/ServerManager.php:60
Stack trace:
#0 /work/eschat/vendor/easyswoole/easyswoole/src/ServerManager.php(60): Swoole\Server->__construct('0.0.0.0', 9501, 2, 1)
#1 /work/eschat/vendor/easyswoole/easyswoole/src/Core.php(117): EasySwoole\EasySwoole\ServerManager->createSwooleServer(9501, 3, '0.0.0.0', Array, 2, 1)
#2 /work/eschat/vendor/easyswoole/easyswoole/src/Command/DefaultCommand/Start.php(42): EasySwoole\EasySwoole\Core->createServer()
#3 /work/eschat/vendor/easyswoole/easyswoole/src/Command/CommandContainer.php(44): EasySwoole\EasySwoole\Command\DefaultCommand\Start->exec(Array)
#4 /work/eschat/vendor/easyswoole/easyswoole/src/Command/CommandRunner.php(52): EasySwoole\EasySwoole\Command\CommandContainer->hook('start', Array)
#5 /work/eschat/easyswoole(20): EasySwoole\EasySwoole\Command\CommandRunner->run(Array)
#6 {main}
  thrown at file:/work/eschat/vendor/easyswoole/easyswoole/src/ServerManager.php line:60]
[2019-06-13 18:07:42][DEBUG][NOTICE] : [listen /work/eschat/Temp/EasySwoole.FastCacheProcess.0.sock fail at file:/work/eschat/vendor/easyswoole/fast-cache/src/CacheProcess.php line:93]
[2019-06-13 18:07:42][DEBUG][NOTICE] : [listen /work/eschat/Temp/EasySwoole.FastCacheProcess.1.sock fail at file:/work/eschat/vendor/easyswoole/fast-cache/src/CacheProcess.php line:93]
[2019-06-13 18:07:42][DEBUG][NOTICE] : [listen /work/eschat/Temp/EasySwoole.FastCacheProcess.2.sock fail at file:/work/eschat/vendor/easyswoole/fast-cache/src/CacheProcess.php line:93]
[2019-06-13 18:08:44][DEBUG][ERROR] : [Uncaught Swoole\Exception: failed to listen server port[0.0.0.0:9501], Error: Address already in use[98] in /work/eschat/vendor/easyswoole/easyswoole/src/ServerManager.php:60
Stack trace:
#0 /work/eschat/vendor/easyswoole/easyswoole/src/ServerManager.php(60): Swoole\Server->__construct('0.0.0.0', 9501, 2, 1)
#1 /work/eschat/vendor/easyswoole/easyswoole/src/Core.php(117): EasySwoole\EasySwoole\ServerManager->createSwooleServer(9501, 3, '0.0.0.0', Array, 2, 1)
#2 /work/eschat/vendor/easyswoole/easyswoole/src/Command/DefaultCommand/Start.php(42): EasySwoole\EasySwoole\Core->createServer()
#3 /work/eschat/vendor/easyswoole/easyswoole/src/Command/CommandContainer.php(44): EasySwoole\EasySwoole\Command\DefaultCommand\Start->exec(Array)
#4 /work/eschat/vendor/easyswoole/easyswoole/src/Command/CommandRunner.php(52): EasySwoole\EasySwoole\Command\CommandContainer->hook('start', Array)
#5 /work/eschat/easyswoole(20): EasySwoole\EasySwoole\Command\CommandRunner->run(Array)
#6 {main}
  thrown at file:/work/eschat/vendor/easyswoole/easyswoole/src/ServerManager.php line:60]
[2019-06-13 18:10:46][DEBUG][NOTICE] : [listen /work/eschat/Temp/EasySwoole.FastCacheProcess.2.sock fail at file:/work/eschat/vendor/easyswoole/fast-cache/src/CacheProcess.php line:93]
[2019-06-13 18:10:46][DEBUG][NOTICE] : [listen /work/eschat/Temp/EasySwoole.FastCacheProcess.1.sock fail at file:/work/eschat/vendor/easyswoole/fast-cache/src/CacheProcess.php line:93]
[2019-06-13 18:10:46][DEBUG][NOTICE] : [listen /work/eschat/Temp/EasySwoole.FastCacheProcess.0.sock fail at file:/work/eschat/vendor/easyswoole/fast-cache/src/CacheProcess.php line:93]
[2019-06-13 18:10:58][DEBUG][NOTICE] : [listen /work/eschat/Temp/EasySwoole.FastCacheProcess.0.sock fail at file:/work/eschat/vendor/easyswoole/fast-cache/src/CacheProcess.php line:93]
[2019-06-13 18:10:58][DEBUG][NOTICE] : [listen /work/eschat/Temp/EasySwoole.FastCacheProcess.1.sock fail at file:/work/eschat/vendor/easyswoole/fast-cache/src/CacheProcess.php line:93]
[2019-06-13 18:10:58][DEBUG][NOTICE] : [listen /work/eschat/Temp/EasySwoole.FastCacheProcess.2.sock fail at file:/work/eschat/vendor/easyswoole/fast-cache/src/CacheProcess.php line:93]
[2019-06-13 18:14:08][DEBUG][NOTICE] : [listen /work/eschat/Temp/EasySwoole.FastCacheProcess.1.sock fail at file:/work/eschat/vendor/easyswoole/fast-cache/src/CacheProcess.php line:93]
[2019-06-13 18:14:08][DEBUG][NOTICE] : [listen /work/eschat/Temp/EasySwoole.FastCacheProcess.0.sock fail at file:/work/eschat/vendor/easyswoole/fast-cache/src/CacheProcess.php line:93]
[2019-06-13 18:14:08][DEBUG][NOTICE] : [listen /work/eschat/Temp/EasySwoole.FastCacheProcess.2.sock fail at file:/work/eschat/vendor/easyswoole/fast-cache/src/CacheProcess.php line:93]
[2019-06-13 18:40:52][DEBUG][NOTICE] : [listen /work/eschat/Temp/EasySwoole.FastCacheProcess.0.sock fail at file:/work/eschat/vendor/easyswoole/fast-cache/src/CacheProcess.php line:93]
[2019-06-13 18:40:52][DEBUG][NOTICE] : [listen /work/eschat/Temp/EasySwoole.FastCacheProcess.1.sock fail at file:/work/eschat/vendor/easyswoole/fast-cache/src/CacheProcess.php line:93]
[2019-06-13 18:40:52][DEBUG][NOTICE] : [listen /work/eschat/Temp/EasySwoole.FastCacheProcess.2.sock fail at file:/work/eschat/vendor/easyswoole/fast-cache/src/CacheProcess.php line:93]
[2019-06-14 10:37:04][DEBUG][NOTICE] : [listen /work/eschat/Temp/EasySwoole.FastCacheProcess.0.sock fail at file:/work/eschat/vendor/easyswoole/fast-cache/src/CacheProcess.php line:93]
[2019-06-14 10:37:04][DEBUG][NOTICE] : [listen /work/eschat/Temp/EasySwoole.FastCacheProcess.2.sock fail at file:/work/eschat/vendor/easyswoole/fast-cache/src/CacheProcess.php line:93]
[2019-06-14 10:37:04][DEBUG][NOTICE] : [listen /work/eschat/Temp/EasySwoole.FastCacheProcess.1.sock fail at file:/work/eschat/vendor/easyswoole/fast-cache/src/CacheProcess.php line:93]
[2019-06-14 10:41:34][DEBUG][ERROR] : [Too few arguments to function App\HttpController\Index::getCode(), 0 passed in /work/eschat/vendor/easyswoole/http/src/AbstractInterface/Controller.php on line 106 and exactly 1 expected at file:/work/eschat/App/HttpController/Index.php line:70]
[2019-06-14 10:41:58][DEBUG][ERROR] : [Too few arguments to function App\HttpController\Index::getCode(), 0 passed in /work/eschat/vendor/easyswoole/http/src/AbstractInterface/Controller.php on line 106 and exactly 1 expected at file:/work/eschat/App/HttpController/Index.php line:70]
[2019-06-14 10:42:31][DEBUG][ERROR] : [Too few arguments to function App\HttpController\Index::getCode(), 0 passed in /work/eschat/vendor/easyswoole/http/src/AbstractInterface/Controller.php on line 106 and exactly 1 expected at file:/work/eschat/App/HttpController/Index.php line:70]
[2019-06-14 10:43:12][DEBUG][ERROR] : [Too few arguments to function App\HttpController\Index::getCode(), 0 passed in /work/eschat/vendor/easyswoole/http/src/AbstractInterface/Controller.php on line 106 and exactly 1 expected at file:/work/eschat/App/HttpController/Index.php line:70]
[2019-06-14 10:43:16][DEBUG][NOTICE] : [listen /work/eschat/Temp/EasySwoole.FastCacheProcess.0.sock fail at file:/work/eschat/vendor/easyswoole/fast-cache/src/CacheProcess.php line:93]
[2019-06-14 10:43:16][DEBUG][NOTICE] : [listen /work/eschat/Temp/EasySwoole.FastCacheProcess.1.sock fail at file:/work/eschat/vendor/easyswoole/fast-cache/src/CacheProcess.php line:93]
[2019-06-14 10:43:16][DEBUG][NOTICE] : [listen /work/eschat/Temp/EasySwoole.FastCacheProcess.2.sock fail at file:/work/eschat/vendor/easyswoole/fast-cache/src/CacheProcess.php line:93]
[2019-06-14 10:43:17][DEBUG][ERROR] : [Too few arguments to function App\HttpController\Index::getCode(), 0 passed in /work/eschat/vendor/easyswoole/http/src/AbstractInterface/Controller.php on line 106 and exactly 1 expected at file:/work/eschat/App/HttpController/Index.php line:71]
[2019-06-14 10:43:24][DEBUG][ERROR] : [Too few arguments to function App\HttpController\Index::getCode(), 0 passed in /work/eschat/vendor/easyswoole/http/src/AbstractInterface/Controller.php on line 106 and exactly 1 expected at file:/work/eschat/App/HttpController/Index.php line:71]
[2019-06-14 10:43:38][DEBUG][ERROR] : [Too few arguments to function App\HttpController\Index::getCode(), 0 passed in /work/eschat/vendor/easyswoole/http/src/AbstractInterface/Controller.php on line 106 and exactly 1 expected at file:/work/eschat/App/HttpController/Index.php line:71]
[2019-06-14 10:43:40][DEBUG][ERROR] : [Too few arguments to function App\HttpController\Index::getCode(), 0 passed in /work/eschat/vendor/easyswoole/http/src/AbstractInterface/Controller.php on line 106 and exactly 1 expected at file:/work/eschat/App/HttpController/Index.php line:71]
[2019-06-14 10:43:40][DEBUG][ERROR] : [Too few arguments to function App\HttpController\Index::getCode(), 0 passed in /work/eschat/vendor/easyswoole/http/src/AbstractInterface/Controller.php on line 106 and exactly 1 expected at file:/work/eschat/App/HttpController/Index.php line:71]
[2019-06-14 10:43:43][DEBUG][NOTICE] : [listen /work/eschat/Temp/EasySwoole.FastCacheProcess.0.sock fail at file:/work/eschat/vendor/easyswoole/fast-cache/src/CacheProcess.php line:93]
[2019-06-14 10:43:43][DEBUG][NOTICE] : [listen /work/eschat/Temp/EasySwoole.FastCacheProcess.1.sock fail at file:/work/eschat/vendor/easyswoole/fast-cache/src/CacheProcess.php line:93]
[2019-06-14 10:43:43][DEBUG][NOTICE] : [listen /work/eschat/Temp/EasySwoole.FastCacheProcess.2.sock fail at file:/work/eschat/vendor/easyswoole/fast-cache/src/CacheProcess.php line:93]
[2019-06-14 10:43:44][DEBUG][ERROR] : [Too few arguments to function App\HttpController\Index::getCode(), 0 passed in /work/eschat/vendor/easyswoole/http/src/AbstractInterface/Controller.php on line 106 and exactly 1 expected at file:/work/eschat/App/HttpController/Index.php line:71]
[2019-06-14 10:43:45][DEBUG][ERROR] : [Too few arguments to function App\HttpController\Index::getCode(), 0 passed in /work/eschat/vendor/easyswoole/http/src/AbstractInterface/Controller.php on line 106 and exactly 1 expected at file:/work/eschat/App/HttpController/Index.php line:71]
[2019-06-14 10:43:46][DEBUG][ERROR] : [Too few arguments to function App\HttpController\Index::getCode(), 0 passed in /work/eschat/vendor/easyswoole/http/src/AbstractInterface/Controller.php on line 106 and exactly 1 expected at file:/work/eschat/App/HttpController/Index.php line:71]
[2019-06-14 10:43:54][DEBUG][ERROR] : [Too few arguments to function App\HttpController\Index::getCode(), 0 passed in /work/eschat/vendor/easyswoole/http/src/AbstractInterface/Controller.php on line 106 and exactly 1 expected at file:/work/eschat/App/HttpController/Index.php line:71]
[2019-06-14 10:44:13][DEBUG][ERROR] : [Too few arguments to function App\HttpController\Index::getCode(), 0 passed in /work/eschat/vendor/easyswoole/http/src/AbstractInterface/Controller.php on line 106 and exactly 1 expected at file:/work/eschat/App/HttpController/Index.php line:71]
[2019-06-14 10:46:28][DEBUG][ERROR] : [Too few arguments to function App\HttpController\Index::getCode(), 0 passed in /work/eschat/vendor/easyswoole/http/src/AbstractInterface/Controller.php on line 106 and exactly 1 expected at file:/work/eschat/App/HttpController/Index.php line:71]
[2019-06-14 10:46:37][DEBUG][ERROR] : [Too few arguments to function App\HttpController\Index::getCode(), 0 passed in /work/eschat/vendor/easyswoole/http/src/AbstractInterface/Controller.php on line 106 and exactly 1 expected at file:/work/eschat/App/HttpController/Index.php line:71]
[2019-06-14 10:46:38][DEBUG][ERROR] : [Too few arguments to function App\HttpController\Index::getCode(), 0 passed in /work/eschat/vendor/easyswoole/http/src/AbstractInterface/Controller.php on line 106 and exactly 1 expected at file:/work/eschat/App/HttpController/Index.php line:71]
[2019-06-14 10:46:47][DEBUG][ERROR] : [Too few arguments to function App\HttpController\Index::getCode(), 0 passed in /work/eschat/vendor/easyswoole/http/src/AbstractInterface/Controller.php on line 106 and exactly 1 expected at file:/work/eschat/App/HttpController/Index.php line:71]
[2019-06-14 10:47:47][DEBUG][ERROR] : [Too few arguments to function App\HttpController\Index::getCode(), 0 passed in /work/eschat/vendor/easyswoole/http/src/AbstractInterface/Controller.php on line 106 and exactly 1 expected at file:/work/eschat/App/HttpController/Index.php line:71]
[2019-06-14 10:47:51][DEBUG][NOTICE] : [listen /work/eschat/Temp/EasySwoole.FastCacheProcess.2.sock fail at file:/work/eschat/vendor/easyswoole/fast-cache/src/CacheProcess.php line:93]
[2019-06-14 10:47:51][DEBUG][NOTICE] : [listen /work/eschat/Temp/EasySwoole.FastCacheProcess.1.sock fail at file:/work/eschat/vendor/easyswoole/fast-cache/src/CacheProcess.php line:93]
[2019-06-14 10:47:51][DEBUG][NOTICE] : [listen /work/eschat/Temp/EasySwoole.FastCacheProcess.0.sock fail at file:/work/eschat/vendor/easyswoole/fast-cache/src/CacheProcess.php line:93]
[2019-06-14 10:47:52][DEBUG][ERROR] : [Too few arguments to function App\HttpController\Index::getCode(), 0 passed in /work/eschat/vendor/easyswoole/http/src/AbstractInterface/Controller.php on line 106 and exactly 1 expected at file:/work/eschat/App/HttpController/Index.php line:71]
[2019-06-14 10:51:32][DEBUG][NOTICE] : [listen /work/eschat/Temp/EasySwoole.FastCacheProcess.1.sock fail at file:/work/eschat/vendor/easyswoole/fast-cache/src/CacheProcess.php line:93]
[2019-06-14 10:51:32][DEBUG][NOTICE] : [listen /work/eschat/Temp/EasySwoole.FastCacheProcess.0.sock fail at file:/work/eschat/vendor/easyswoole/fast-cache/src/CacheProcess.php line:93]
[2019-06-14 10:51:32][DEBUG][NOTICE] : [listen /work/eschat/Temp/EasySwoole.FastCacheProcess.2.sock fail at file:/work/eschat/vendor/easyswoole/fast-cache/src/CacheProcess.php line:93]
[2019-06-14 10:51:34][DEBUG][ERROR] : [Argument 1 passed to EasySwoole\Http\Response::write() must be of the type string, null given, called in /work/eschat/App/HttpController/Index.php on line 82 at file:/work/eschat/vendor/easyswoole/http/src/Response.php line:76]
[2019-06-14 10:51:57][DEBUG][ERROR] : [Argument 1 passed to EasySwoole\Http\Response::write() must be of the type string, null given, called in /work/eschat/App/HttpController/Index.php on line 82 at file:/work/eschat/vendor/easyswoole/http/src/Response.php line:76]
[2019-06-14 11:01:27][DEBUG][ERROR] : [Argument 1 passed to EasySwoole\Http\Response::write() must be of the type string, object given, called in /work/eschat/App/HttpController/Index.php on line 93 at file:/work/eschat/vendor/easyswoole/http/src/Response.php line:76]
[2019-06-14 11:02:31][DEBUG][WARNING] : [var_dump() expects at least 1 parameter, 0 given at file:/work/eschat/App/HttpController/Index.php line:92]
[2019-06-14 11:02:53][DEBUG][ERROR] : [Argument 1 passed to EasySwoole\Http\Response::write() must be of the type string, null given, called in /work/eschat/App/HttpController/Index.php on line 93 at file:/work/eschat/vendor/easyswoole/http/src/Response.php line:76]
[2019-06-14 11:07:33][DEBUG][ERROR] : [Argument 1 passed to EasySwoole\Http\Response::write() must be of the type string, null given, called in /work/eschat/App/HttpController/Index.php on line 93 at file:/work/eschat/vendor/easyswoole/http/src/Response.php line:76]
[2019-06-14 11:07:34][DEBUG][ERROR] : [Argument 1 passed to EasySwoole\Http\Response::write() must be of the type string, null given, called in /work/eschat/App/HttpController/Index.php on line 93 at file:/work/eschat/vendor/easyswoole/http/src/Response.php line:76]
[2019-06-14 11:07:39][DEBUG][ERROR] : [Argument 1 passed to EasySwoole\Http\Response::write() must be of the type string, object given, called in /work/eschat/App/HttpController/Index.php on line 93 at file:/work/eschat/vendor/easyswoole/http/src/Response.php line:76]
[2019-06-14 11:07:54][DEBUG][NOTICE] : [listen /work/eschat/Temp/EasySwoole.FastCacheProcess.0.sock fail at file:/work/eschat/vendor/easyswoole/fast-cache/src/CacheProcess.php line:93]
[2019-06-14 11:07:54][DEBUG][NOTICE] : [listen /work/eschat/Temp/EasySwoole.FastCacheProcess.1.sock fail at file:/work/eschat/vendor/easyswoole/fast-cache/src/CacheProcess.php line:93]
[2019-06-14 11:07:54][DEBUG][NOTICE] : [listen /work/eschat/Temp/EasySwoole.FastCacheProcess.2.sock fail at file:/work/eschat/vendor/easyswoole/fast-cache/src/CacheProcess.php line:93]
[2019-06-14 11:12:42][DEBUG][ERROR] : [Argument 1 passed to EasySwoole\Http\Response::write() must be of the type string, null given, called in /work/eschat/App/HttpController/Index.php on line 93 at file:/work/eschat/vendor/easyswoole/http/src/Response.php line:76]
[2019-06-14 11:13:49][DEBUG][NOTICE] : [listen /work/eschat/Temp/EasySwoole.FastCacheProcess.0.sock fail at file:/work/eschat/vendor/easyswoole/fast-cache/src/CacheProcess.php line:93]
[2019-06-14 11:13:49][DEBUG][NOTICE] : [listen /work/eschat/Temp/EasySwoole.FastCacheProcess.1.sock fail at file:/work/eschat/vendor/easyswoole/fast-cache/src/CacheProcess.php line:93]
[2019-06-14 11:13:49][DEBUG][NOTICE] : [listen /work/eschat/Temp/EasySwoole.FastCacheProcess.2.sock fail at file:/work/eschat/vendor/easyswoole/fast-cache/src/CacheProcess.php line:93]
[2019-06-14 11:17:58][DEBUG][NOTICE] : [listen /work/eschat/Temp/EasySwoole.FastCacheProcess.1.sock fail at file:/work/eschat/vendor/easyswoole/fast-cache/src/CacheProcess.php line:93]
[2019-06-14 11:17:58][DEBUG][NOTICE] : [listen /work/eschat/Temp/EasySwoole.FastCacheProcess.2.sock fail at file:/work/eschat/vendor/easyswoole/fast-cache/src/CacheProcess.php line:93]
[2019-06-14 11:17:58][DEBUG][NOTICE] : [listen /work/eschat/Temp/EasySwoole.FastCacheProcess.0.sock fail at file:/work/eschat/vendor/easyswoole/fast-cache/src/CacheProcess.php line:93]
[2019-06-14 11:23:24][DEBUG][ERROR] : [Call to undefined method EasySwoole\Http\Request::file() at file:/work/eschat/App/HttpController/Index.php line:109]
[2019-06-14 11:23:53][DEBUG][ERROR] : [Call to undefined method EasySwoole\Http\Request::file() at file:/work/eschat/App/HttpController/Index.php line:108]
[2019-06-14 11:28:42][DEBUG][ERROR] : [Call to a member function getSize() on null at file:/work/eschat/App/HttpController/Index.php line:92]
[2019-06-14 11:32:42][DEBUG][ERROR] : [Call to a member function getSize() on null at file:/work/eschat/App/HttpController/Index.php line:92]
[2019-06-14 12:07:41][DEBUG][WARNING] : [file_put_contents(/Static/upload/5d031d8d3298atimg.jpg): failed to open stream: No such file or directory at file:/work/eschat/vendor/easyswoole/http/src/Message/UploadFile.php line:46]
[2019-06-14 12:07:47][DEBUG][WARNING] : [file_put_contents(/Static/upload/5d031d93cdcf8timg.jpg): failed to open stream: No such file or directory at file:/work/eschat/vendor/easyswoole/http/src/Message/UploadFile.php line:46]
[2019-06-14 12:08:53][DEBUG][WARNING] : [mkdir(): Permission denied at file:/work/eschat/App/HttpController/Index.php line:111]
[2019-06-14 12:08:53][DEBUG][WARNING] : [file_put_contents(/Static/upload/5d031dd551255timg.jpg): failed to open stream: No such file or directory at file:/work/eschat/vendor/easyswoole/http/src/Message/UploadFile.php line:46]
[2019-06-14 12:09:02][DEBUG][WARNING] : [mkdir(): Permission denied at file:/work/eschat/App/HttpController/Index.php line:111]
[2019-06-14 12:09:02][DEBUG][WARNING] : [file_put_contents(/Static/upload/5d031dde2a55dtimg.jpg): failed to open stream: No such file or directory at file:/work/eschat/vendor/easyswoole/http/src/Message/UploadFile.php line:46]
[2019-06-14 12:14:04][DEBUG][WARNING] : [file_put_contents(/Static/upload/5d031f0cc8780timg.jpg): failed to open stream: No such file or directory at file:/work/eschat/vendor/easyswoole/http/src/Message/UploadFile.php line:46]
[2019-06-14 14:41:50][DEBUG][ERROR] : [Argument 1 passed to EasySwoole\Http\AbstractInterface\Controller::validate() must be an instance of EasySwoole\Validate\Validate, array given, called in /work/eschat/App/HttpController/Index.php on line 72 at file:/work/eschat/vendor/easyswoole/http/src/AbstractInterface/Controller.php line:169]
[2019-06-14 14:45:20][DEBUG][ERROR] : [syntax error, unexpected '[', expecting ',' or ')' at file:/work/eschat/App/HttpController/Index.php line:74]
[2019-06-14 14:50:22][DEBUG][NOTICE] : [Undefined variable: codeCache at file:/work/eschat/App/HttpController/Index.php line:81]
[2019-06-14 14:51:33][DEBUG][NOTICE] : [Undefined variable: codeCache at file:/work/eschat/App/HttpController/Index.php line:81]
[2019-06-14 14:51:59][DEBUG][NOTICE] : [Undefined variable: codeCache at file:/work/eschat/App/HttpController/Index.php line:80]
[2019-06-14 14:56:18][DEBUG][NOTICE] : [Undefined variable: code at file:/work/eschat/App/HttpController/Index.php line:83]
[2019-06-14 15:24:02][DEBUG][ERROR] : [Class 'App\Model\Model\Base' not found at file:/work/eschat/App/Model/UserModel.php line:13]
[2019-06-14 15:24:12][DEBUG][ERROR] : [Class 'App\Model\Base' not found at file:/work/eschat/App/Model/UserModel.php line:13]
[2019-06-14 15:24:20][DEBUG][ERROR] : [Call to undefined method App\Model\UserModel::getDb() at file:/work/eschat/App/Model/UserModel.php line:27]
[2019-06-14 15:30:38][DEBUG][ERROR] : [Call to undefined method App\Model\UserModel::where() at file:/work/eschat/App/HttpController/Index.php line:73]
[2019-06-14 15:31:13][DEBUG][ERROR] : [Too few arguments to function EasySwoole\Mysqli\Mysqli::getOne(), 0 passed in /work/eschat/App/HttpController/Index.php on line 73 and at least 1 expected at file:/work/eschat/vendor/easyswoole/mysqli/src/Mysqli.php line:506]
[2019-06-14 15:33:19][DEBUG][NOTICE] : [Array to string conversion at file:/work/eschat/vendor/easyswoole/mysqli/src/Mysqli.php line:1331]
[2019-06-14 15:33:19][DEBUG][ERROR] : [Unknown column 'Array' in 'where clause' query: SELECT  * FROM user WHERE  Array LIMIT 1 at file:/work/eschat/vendor/easyswoole/mysqli/src/Mysqli.php line:1511]
[2019-06-14 15:37:03][DEBUG][ERROR] : [Call to undefined method App\Model\UserModel::getUserByUsername() at file:/work/eschat/App/HttpController/Index.php line:73]
[2019-06-14 17:09:38][DEBUG][ERROR] : [Call to undefined method EasySwoole\Http\Session\SessionDriver::write() at file:/work/eschat/App/HttpController/Index.php line:38]
[2019-06-14 17:12:43][DEBUG][ERROR] : [Call to undefined method EasySwoole\Http\Session\SessionDriver::write() at file:/work/eschat/App/HttpController/Index.php line:38]
[2019-06-14 17:12:49][DEBUG][NOTICE] : [session is close now,please start session at file:/work/eschat/vendor/easyswoole/http/src/Session/SessionDriver.php line:94]
[2019-06-14 17:18:52][DEBUG][NOTICE] : [session is close now,please start session at file:/work/eschat/vendor/easyswoole/http/src/Session/SessionDriver.php line:94]
[2019-06-14 17:20:10][DEBUG][ERROR] : [Call to a member function set() on bool at file:/work/eschat/App/HttpController/Index.php line:38]
[2019-06-14 17:21:14][DEBUG][ERROR] : [Call to a member function set() on bool at file:/work/eschat/App/HttpController/Index.php line:38]
[2019-06-14 17:21:18][DEBUG][ERROR] : [Call to a member function set() on bool at file:/work/eschat/App/HttpController/Index.php line:38]
[2019-06-14 18:13:10][DEBUG][NOTICE] : [Trying to get property 'password' of non-object at file:/work/eschat/App/HttpController/Index.php line:49]
[2019-06-14 18:13:25][DEBUG][NOTICE] : [Trying to get property 'password' of non-object at file:/work/eschat/App/HttpController/Index.php line:49]
[2019-06-14 18:13:45][DEBUG][NOTICE] : [Trying to get property 'password' of non-object at file:/work/eschat/App/HttpController/Index.php line:49]
[2019-06-14 18:13:50][DEBUG][NOTICE] : [Trying to get property 'password' of non-object at file:/work/eschat/App/HttpController/Index.php line:49]
[2019-06-14 18:14:14][DEBUG][NOTICE] : [Trying to get property 'password' of non-object at file:/work/eschat/App/HttpController/Index.php line:49]
[2019-06-14 18:14:31][DEBUG][NOTICE] : [Trying to get property 'password' of non-object at file:/work/eschat/App/HttpController/Index.php line:50]
[2019-06-17 10:02:20][DEBUG][NOTICE] : [Array to string conversion at file:/work/eschat/App/HttpController/Index.php line:55]
[2019-06-17 10:06:06][DEBUG][NOTICE] : [Array to string conversion at file:/work/eschat/App/HttpController/Index.php line:55]
[2019-06-17 10:06:14][DEBUG][NOTICE] : [Array to string conversion at file:/work/eschat/App/HttpController/Index.php line:55]
[2019-06-17 10:11:58][DEBUG][ERROR] : [Call to undefined function App\HttpController\session() at file:/work/eschat/App/HttpController/User.php line:36]
[2019-06-17 10:14:04][DEBUG][ERROR] : [Call to undefined function App\HttpController\session() at file:/work/eschat/App/HttpController/User.php line:36]
[2019-06-17 10:24:05][DEBUG][ERROR] : [Call to undefined function App\HttpController\session() at file:/work/eschat/App/HttpController/User.php line:27]
[2019-06-17 10:25:30][DEBUG][ERROR] : [Call to undefined function App\HttpController\session() at file:/work/eschat/App/HttpController/User.php line:27]
[2019-06-17 10:26:08][DEBUG][ERROR] : [Call to undefined function App\HttpController\session() at file:/work/eschat/App/HttpController/User.php line:27]
[2019-06-17 10:39:45][DEBUG][ERROR] : [Call to undefined function App\HttpController\session() at file:/work/eschat/App/HttpController/User.php line:27]
[2019-06-17 10:39:49][DEBUG][ERROR] : [Call to undefined function App\HttpController\session() at file:/work/eschat/App/HttpController/User.php line:27]
[2019-06-17 10:41:11][DEBUG][ERROR] : [Call to undefined function App\HttpController\session() at file:/work/eschat/App/HttpController/User.php line:27]
[2019-06-17 10:43:45][DEBUG][ERROR] : [Call to undefined function App\HttpController\session() at file:/work/eschat/App/HttpController/User.php line:27]
[2019-06-17 10:45:07][DEBUG][ERROR] : [Call to undefined function App\HttpController\session() at file:/work/eschat/App/HttpController/User.php line:27]
[2019-06-17 10:46:10][DEBUG][ERROR] : [Call to undefined function App\HttpController\session() at file:/work/eschat/App/HttpController/User.php line:27]
[2019-06-17 10:47:03][DEBUG][ERROR] : [Call to undefined function App\HttpController\session() at file:/work/eschat/App/HttpController/User.php line:27]
[2019-06-17 10:47:37][DEBUG][ERROR] : [Call to undefined function App\HttpController\session() at file:/work/eschat/App/HttpController/User.php line:27]
[2019-06-17 10:47:45][DEBUG][ERROR] : [Call to undefined function App\HttpController\session() at file:/work/eschat/App/HttpController/User.php line:27]
[2019-06-17 10:47:56][DEBUG][ERROR] : [Call to undefined function App\HttpController\session() at file:/work/eschat/App/HttpController/User.php line:27]
[2019-06-17 10:48:10][DEBUG][ERROR] : [Call to undefined function App\HttpController\session() at file:/work/eschat/App/HttpController/User.php line:27]
[2019-06-17 10:48:26][DEBUG][ERROR] : [Call to undefined function App\HttpController\session() at file:/work/eschat/App/HttpController/User.php line:27]
[2019-06-17 10:51:29][DEBUG][ERROR] : [Call to undefined function App\HttpController\session() at file:/work/eschat/App/HttpController/User.php line:27]
[2019-06-17 11:00:09][DEBUG][ERROR] : [Class 'App\HttpController\DB' not found at file:/work/eschat/App/HttpController/User.php line:29]
[2019-06-17 11:06:22][DEBUG][ERROR] : [Return value of EasySwoole\Http\AbstractInterface\Controller::request() must be an instance of EasySwoole\Http\Request, null returned at file:/work/eschat/vendor/easyswoole/http/src/AbstractInterface/Controller.php line:132]
[2019-06-17 11:06:36][DEBUG][ERROR] : [syntax error, unexpected end of file, expecting function (T_FUNCTION) or const (T_CONST) at file:/work/eschat/App/HttpController/User.php line:65]
[2019-06-17 11:06:49][DEBUG][ERROR] : [syntax error, unexpected end of file, expecting function (T_FUNCTION) or const (T_CONST) at file:/work/eschat/App/HttpController/User.php line:65]
[2019-06-17 11:07:12][DEBUG][ERROR] : [Return value of EasySwoole\Http\AbstractInterface\Controller::request() must be an instance of EasySwoole\Http\Request, null returned at file:/work/eschat/vendor/easyswoole/http/src/AbstractInterface/Controller.php line:132]
[2019-06-17 11:07:46][DEBUG][ERROR] : [Return value of EasySwoole\Http\AbstractInterface\Controller::request() must be an instance of EasySwoole\Http\Request, null returned at file:/work/eschat/vendor/easyswoole/http/src/AbstractInterface/Controller.php line:132]
[2019-06-17 11:08:04][DEBUG][ERROR] : [Return value of EasySwoole\Http\AbstractInterface\Controller::request() must be an instance of EasySwoole\Http\Request, null returned at file:/work/eschat/vendor/easyswoole/http/src/AbstractInterface/Controller.php line:132]
[2019-06-17 11:08:12][DEBUG][ERROR] : [Return value of EasySwoole\Http\AbstractInterface\Controller::request() must be an instance of EasySwoole\Http\Request, null returned at file:/work/eschat/vendor/easyswoole/http/src/AbstractInterface/Controller.php line:132]
[2019-06-17 11:08:51][DEBUG][ERROR] : [Return value of EasySwoole\Http\AbstractInterface\Controller::request() must be an instance of EasySwoole\Http\Request, null returned at file:/work/eschat/vendor/easyswoole/http/src/AbstractInterface/Controller.php line:132]
[2019-06-17 11:09:57][DEBUG][ERROR] : [Return value of EasySwoole\Http\AbstractInterface\Controller::request() must be an instance of EasySwoole\Http\Request, null returned at file:/work/eschat/vendor/easyswoole/http/src/AbstractInterface/Controller.php line:132]
[2019-06-17 11:09:59][DEBUG][ERROR] : [Return value of EasySwoole\Http\AbstractInterface\Controller::request() must be an instance of EasySwoole\Http\Request, null returned at file:/work/eschat/vendor/easyswoole/http/src/AbstractInterface/Controller.php line:132]
[2019-06-17 11:10:11][DEBUG][ERROR] : [Return value of EasySwoole\Http\AbstractInterface\Controller::request() must be an instance of EasySwoole\Http\Request, null returned at file:/work/eschat/vendor/easyswoole/http/src/AbstractInterface/Controller.php line:132]
[2019-06-17 11:10:22][DEBUG][ERROR] : [Return value of EasySwoole\Http\AbstractInterface\Controller::request() must be an instance of EasySwoole\Http\Request, null returned at file:/work/eschat/vendor/easyswoole/http/src/AbstractInterface/Controller.php line:132]
[2019-06-17 11:10:31][DEBUG][ERROR] : [Return value of EasySwoole\Http\AbstractInterface\Controller::request() must be an instance of EasySwoole\Http\Request, null returned at file:/work/eschat/vendor/easyswoole/http/src/AbstractInterface/Controller.php line:132]
[2019-06-17 11:10:35][DEBUG][ERROR] : [Return value of EasySwoole\Http\AbstractInterface\Controller::request() must be an instance of EasySwoole\Http\Request, null returned at file:/work/eschat/vendor/easyswoole/http/src/AbstractInterface/Controller.php line:132]
[2019-06-17 11:11:02][DEBUG][ERROR] : [Return value of EasySwoole\Http\AbstractInterface\Controller::request() must be an instance of EasySwoole\Http\Request, null returned at file:/work/eschat/vendor/easyswoole/http/src/AbstractInterface/Controller.php line:132]
[2019-06-17 11:11:06][DEBUG][ERROR] : [Return value of EasySwoole\Http\AbstractInterface\Controller::request() must be an instance of EasySwoole\Http\Request, null returned at file:/work/eschat/vendor/easyswoole/http/src/AbstractInterface/Controller.php line:132]
[2019-06-17 11:11:09][DEBUG][ERROR] : [Return value of EasySwoole\Http\AbstractInterface\Controller::request() must be an instance of EasySwoole\Http\Request, null returned at file:/work/eschat/vendor/easyswoole/http/src/AbstractInterface/Controller.php line:132]
[2019-06-17 11:11:38][DEBUG][NOTICE] : [Array to string conversion at file:/work/eschat/App/HttpController/User.php line:27]
[2019-06-17 11:23:30][DEBUG][ERROR] : [Call to undefined method App\Utility\Pool\MysqlObject::table() at file:/work/eschat/App/HttpController/User.php line:36]
[2019-06-17 11:26:26][DEBUG][ERROR] : [Call to undefined method App\Utility\Pool\MysqlObject::table() at file:/work/eschat/App/HttpController/User.php line:36]
[2019-06-17 11:26:56][DEBUG][ERROR] : [Call to undefined method App\Utility\Pool\MysqlObject::table() at file:/work/eschat/App/HttpController/User.php line:39]
[2019-06-17 11:31:46][DEBUG][ERROR] : [You have an error in your SQL syntax; check the manual that corresponds to your MySQL server version for the right syntax to use near 'group as g on g.id = gm.group_id WHERE  gm.user_id = ?  LIMIT 0' at line 1 query: SELECT  g.id FROM group_member as gm  JOIN group as g on g.id = gm.group_id WHERE  gm.user_id = ?  LIMIT 0 at file:/work/eschat/vendor/easyswoole/mysqli/src/Mysqli.php line:1511]
[2019-06-17 11:31:55][DEBUG][ERROR] : [You have an error in your SQL syntax; check the manual that corresponds to your MySQL server version for the right syntax to use near 'group as g on g.id = gm.group_id WHERE  gm.user_id = ?  LIMIT 0' at line 1 query: SELECT  g.id FROM group_member as gm  JOIN group as g on g.id = gm.group_id WHERE  gm.user_id = ?  LIMIT 0 at file:/work/eschat/vendor/easyswoole/mysqli/src/Mysqli.php line:1511]
[2019-06-17 11:32:51][DEBUG][ERROR] : [You have an error in your SQL syntax; check the manual that corresponds to your MySQL server version for the right syntax to use near 'group as g on g.id = gm.group_id WHERE  gm.user_id = ?  LIMIT 0' at line 1 query: SELECT  g.id FROM group_member as gm  JOIN group as g on g.id = gm.group_id WHERE  gm.user_id = ?  LIMIT 0 at file:/work/eschat/vendor/easyswoole/mysqli/src/Mysqli.php line:1511]
[2019-06-17 11:33:37][DEBUG][ERROR] : [Cannot use object of type stdClass as array at file:/work/eschat/App/HttpController/User.php line:37]
[2019-06-17 11:34:00][DEBUG][ERROR] : [Cannot use object of type stdClass as array at file:/work/eschat/App/HttpController/User.php line:37]
[2019-06-17 11:34:19][DEBUG][ERROR] : [You have an error in your SQL syntax; check the manual that corresponds to your MySQL server version for the right syntax to use near 'group as g on g.id = gm.group_id WHERE  gm.user_id = ?  LIMIT 0' at line 1 query: SELECT  g.id FROM group_member as gm  JOIN group as g on g.id = gm.group_id WHERE  gm.user_id = ?  LIMIT 0 at file:/work/eschat/vendor/easyswoole/mysqli/src/Mysqli.php line:1511]
[2019-06-17 11:34:28][DEBUG][ERROR] : [You have an error in your SQL syntax; check the manual that corresponds to your MySQL server version for the right syntax to use near 'group as g on g.id = gm.group_id WHERE  gm.user_id = ?  LIMIT 0' at line 1 query: SELECT  g.id FROM group_member as gm  JOIN group as g on g.id = gm.group_id WHERE  gm.user_id = ?  LIMIT 0 at file:/work/eschat/vendor/easyswoole/mysqli/src/Mysqli.php line:1511]
[2019-06-17 11:34:36][DEBUG][ERROR] : [You have an error in your SQL syntax; check the manual that corresponds to your MySQL server version for the right syntax to use near 'group as g on g.id = gm.group_id WHERE  gm.user_id = ?  LIMIT 0' at line 1 query: SELECT  g.id FROM group_member as gm  JOIN group as g on g.id = gm.group_id WHERE  gm.user_id = ?  LIMIT 0 at file:/work/eschat/vendor/easyswoole/mysqli/src/Mysqli.php line:1511]
[2019-06-17 11:35:47][DEBUG][ERROR] : [You have an error in your SQL syntax; check the manual that corresponds to your MySQL server version for the right syntax to use near 'group as g on g.id = gm.group_id WHERE  gm.user_id = ?  LIMIT 0' at line 1 query: SELECT  g.id FROM group_member as gm  JOIN group as g on g.id = gm.group_id WHERE  gm.user_id = ?  LIMIT 0 at file:/work/eschat/vendor/easyswoole/mysqli/src/Mysqli.php line:1511]
[2019-06-17 11:36:08][DEBUG][ERROR] : [You have an error in your SQL syntax; check the manual that corresponds to your MySQL server version for the right syntax to use near 'group as g on g.id = gm.group_id WHERE  gm.user_id = ?  LIMIT 0' at line 1 query: SELECT  g.id FROM group_member as gm  JOIN group as g on g.id = gm.group_id WHERE  gm.user_id = ?  LIMIT 0 at file:/work/eschat/vendor/easyswoole/mysqli/src/Mysqli.php line:1511]
[2019-06-17 11:36:42][DEBUG][ERROR] : [You have an error in your SQL syntax; check the manual that corresponds to your MySQL server version for the right syntax to use near 'group as g on g.id = gm.group_id WHERE  gm.user_id = ?  LIMIT 0' at line 1 query: SELECT  g.id FROM group_member as gm  JOIN group as g on g.id = gm.group_id WHERE  gm.user_id = ?  LIMIT 0 at file:/work/eschat/vendor/easyswoole/mysqli/src/Mysqli.php line:1511]
[2019-06-17 11:38:28][DEBUG][ERROR] : [You have an error in your SQL syntax; check the manual that corresponds to your MySQL server version for the right syntax to use near 'group as g on g.id = gm.group_id WHERE  gm.user_id = ?  LIMIT 0' at line 1 query: SELECT  g.id FROM group_member as gm  JOIN group as g on g.id = gm.group_id WHERE  gm.user_id = ?  LIMIT 0 at file:/work/eschat/vendor/easyswoole/mysqli/src/Mysqli.php line:1511]
[2019-06-17 11:39:54][DEBUG][ERROR] : [Table 'chat.group as g' doesn't exist query: SELECT  g.id FROM group_member as gm  JOIN `group as g` on g.id = gm.group_id WHERE  gm.user_id = ?  LIMIT 0 at file:/work/eschat/vendor/easyswoole/mysqli/src/Mysqli.php line:1511]
[2019-06-17 11:40:48][DEBUG][ERROR] : [Table 'chat.group as g' doesn't exist query: SELECT  g.id FROM `group_member` as gm  JOIN `group as g` on g.id = gm.group_id WHERE  gm.user_id = ?  LIMIT 0 at file:/work/eschat/vendor/easyswoole/mysqli/src/Mysqli.php line:1511]
[2019-06-17 11:40:55][DEBUG][ERROR] : [Table 'chat.group as g' doesn't exist query: SELECT  g.id FROM `group_member` as gm  JOIN `group as g` on g.id = gm.group_id WHERE  gm.user_id = ?  LIMIT 0 at file:/work/eschat/vendor/easyswoole/mysqli/src/Mysqli.php line:1511]
[2019-06-17 11:41:33][DEBUG][ERROR] : [Table 'chat.group as g' doesn't exist query: SELECT  g.id FROM `group_member` as gm  JOIN `group as g` on g.id = gm.group_id WHERE  gm.user_id = ?  at file:/work/eschat/vendor/easyswoole/mysqli/src/Mysqli.php line:1511]
[2019-06-17 11:41:38][DEBUG][ERROR] : [Table 'chat.group as g' doesn't exist query: SELECT  g.id FROM `group_member` as gm  JOIN `group as g` on g.id = gm.group_id WHERE  gm.user_id = ?  at file:/work/eschat/vendor/easyswoole/mysqli/src/Mysqli.php line:1512]
[2019-06-17 11:43:08][DEBUG][ERROR] : [Unknown column 'gm.user_id' in 'where clause' query: SELECT  group.id,group.groupname,group.avatar FROM `group_member`  JOIN `group` on group.id = group_member.group_id WHERE  gm.user_id = ?  at file:/work/eschat/vendor/easyswoole/mysqli/src/Mysqli.php line:1511]
[2019-06-17 11:43:17][DEBUG][NOTICE] : [Undefined variable: data at file:/work/eschat/App/HttpController/User.php line:63]
[2019-06-17 11:43:48][DEBUG][NOTICE] : [Trying to get property 'groupname' of non-object at file:/work/eschat/App/HttpController/User.php line:37]
[2019-06-17 11:43:48][DEBUG][NOTICE] : [Trying to get property 'id' of non-object at file:/work/eschat/App/HttpController/User.php line:37]
[2019-06-17 11:43:48][DEBUG][WARNING] : [Attempt to assign property 'groupname' of non-object at file:/work/eschat/App/HttpController/User.php line:37]
[2019-06-17 11:43:48][DEBUG][NOTICE] : [Trying to get property 'groupname' of non-object at file:/work/eschat/App/HttpController/User.php line:37]
[2019-06-17 11:43:48][DEBUG][NOTICE] : [Trying to get property 'id' of non-object at file:/work/eschat/App/HttpController/User.php line:37]
[2019-06-17 11:43:48][DEBUG][WARNING] : [Attempt to assign property 'groupname' of non-object at file:/work/eschat/App/HttpController/User.php line:37]
[2019-06-17 11:43:48][DEBUG][NOTICE] : [Trying to get property 'groupname' of non-object at file:/work/eschat/App/HttpController/User.php line:37]
[2019-06-17 11:43:48][DEBUG][NOTICE] : [Trying to get property 'id' of non-object at file:/work/eschat/App/HttpController/User.php line:37]
[2019-06-17 11:43:48][DEBUG][WARNING] : [Attempt to assign property 'groupname' of non-object at file:/work/eschat/App/HttpController/User.php line:37]
[2019-06-17 11:43:48][DEBUG][NOTICE] : [Undefined variable: data at file:/work/eschat/App/HttpController/User.php line:66]
[2019-06-17 11:44:40][DEBUG][WARNING] : [Attempt to assign property 'groupname' of non-object at file:/work/eschat/App/HttpController/User.php line:37]
[2019-06-17 11:44:40][DEBUG][WARNING] : [Attempt to assign property 'groupname' of non-object at file:/work/eschat/App/HttpController/User.php line:37]
[2019-06-17 11:44:40][DEBUG][WARNING] : [Attempt to assign property 'groupname' of non-object at file:/work/eschat/App/HttpController/User.php line:37]
[2019-06-17 11:44:40][DEBUG][NOTICE] : [Undefined variable: data at file:/work/eschat/App/HttpController/User.php line:66]
[2019-06-17 11:44:45][DEBUG][WARNING] : [Attempt to assign property 'groupname' of non-object at file:/work/eschat/App/HttpController/User.php line:37]
[2019-06-17 11:44:45][DEBUG][WARNING] : [Attempt to assign property 'groupname' of non-object at file:/work/eschat/App/HttpController/User.php line:37]
[2019-06-17 11:44:45][DEBUG][WARNING] : [Attempt to assign property 'groupname' of non-object at file:/work/eschat/App/HttpController/User.php line:37]
[2019-06-17 11:44:45][DEBUG][NOTICE] : [Undefined variable: data at file:/work/eschat/App/HttpController/User.php line:66]
[2019-06-17 11:45:34][DEBUG][NOTICE] : [Undefined variable: data at file:/work/eschat/App/HttpController/User.php line:66]
[2019-06-17 11:47:57][DEBUG][NOTICE] : [Undefined variable: data at file:/work/eschat/App/HttpController/User.php line:64]
[2019-06-17 11:48:04][DEBUG][NOTICE] : [Undefined variable: data at file:/work/eschat/App/HttpController/User.php line:64]
[2019-06-17 11:49:21][DEBUG][ERROR] : [Call to undefined method App\Utility\Pool\MysqlObject::table() at file:/work/eschat/App/HttpController/User.php line:44]
[2019-06-17 11:51:04][DEBUG][NOTICE] : [Trying to get property 'id' of non-object at file:/work/eschat/App/HttpController/User.php line:46]
[2019-06-17 11:51:04][DEBUG][NOTICE] : [Trying to get property 'id' of non-object at file:/work/eschat/App/HttpController/User.php line:47]
[2019-06-17 11:51:04][DEBUG][NOTICE] : [Undefined variable: data at file:/work/eschat/App/HttpController/User.php line:63]
[2019-06-17 11:51:25][DEBUG][NOTICE] : [Undefined variable: data at file:/work/eschat/App/HttpController/User.php line:63]
[2019-06-17 14:44:36][DEBUG][ERROR] : [Return value of EasySwoole\Http\AbstractInterface\Controller::request() must be an instance of EasySwoole\Http\Request, null returned at file:/work/eschat/vendor/easyswoole/http/src/AbstractInterface/Controller.php line:132]
[2019-06-17 14:45:35][DEBUG][ERROR] : [Return value of EasySwoole\Http\AbstractInterface\Controller::request() must be an instance of EasySwoole\Http\Request, null returned at file:/work/eschat/vendor/easyswoole/http/src/AbstractInterface/Controller.php line:132]
[2019-06-17 14:45:37][DEBUG][ERROR] : [Return value of EasySwoole\Http\AbstractInterface\Controller::request() must be an instance of EasySwoole\Http\Request, null returned at file:/work/eschat/vendor/easyswoole/http/src/AbstractInterface/Controller.php line:132]
[2019-06-17 14:47:03][DEBUG][ERROR] : [Return value of EasySwoole\Http\AbstractInterface\Controller::request() must be an instance of EasySwoole\Http\Request, null returned at file:/work/eschat/vendor/easyswoole/http/src/AbstractInterface/Controller.php line:132]
[2019-06-17 14:47:04][DEBUG][ERROR] : [Return value of EasySwoole\Http\AbstractInterface\Controller::request() must be an instance of EasySwoole\Http\Request, null returned at file:/work/eschat/vendor/easyswoole/http/src/AbstractInterface/Controller.php line:132]
[2019-06-17 14:47:04][DEBUG][ERROR] : [Return value of EasySwoole\Http\AbstractInterface\Controller::request() must be an instance of EasySwoole\Http\Request, null returned at file:/work/eschat/vendor/easyswoole/http/src/AbstractInterface/Controller.php line:132]
[2019-06-17 14:47:05][DEBUG][ERROR] : [Return value of EasySwoole\Http\AbstractInterface\Controller::request() must be an instance of EasySwoole\Http\Request, null returned at file:/work/eschat/vendor/easyswoole/http/src/AbstractInterface/Controller.php line:132]
[2019-06-17 14:47:05][DEBUG][ERROR] : [Return value of EasySwoole\Http\AbstractInterface\Controller::request() must be an instance of EasySwoole\Http\Request, null returned at file:/work/eschat/vendor/easyswoole/http/src/AbstractInterface/Controller.php line:132]
[2019-06-17 14:47:05][DEBUG][ERROR] : [Return value of EasySwoole\Http\AbstractInterface\Controller::request() must be an instance of EasySwoole\Http\Request, null returned at file:/work/eschat/vendor/easyswoole/http/src/AbstractInterface/Controller.php line:132]
[2019-06-17 14:47:05][DEBUG][ERROR] : [Return value of EasySwoole\Http\AbstractInterface\Controller::request() must be an instance of EasySwoole\Http\Request, null returned at file:/work/eschat/vendor/easyswoole/http/src/AbstractInterface/Controller.php line:132]
[2019-06-17 14:47:05][DEBUG][ERROR] : [Return value of EasySwoole\Http\AbstractInterface\Controller::request() must be an instance of EasySwoole\Http\Request, null returned at file:/work/eschat/vendor/easyswoole/http/src/AbstractInterface/Controller.php line:132]
[2019-06-17 14:47:06][DEBUG][ERROR] : [Return value of EasySwoole\Http\AbstractInterface\Controller::request() must be an instance of EasySwoole\Http\Request, null returned at file:/work/eschat/vendor/easyswoole/http/src/AbstractInterface/Controller.php line:132]
[2019-06-17 14:47:09][DEBUG][ERROR] : [Too few arguments to function App\HttpController\User::__construct(), 0 passed in /work/eschat/vendor/easyswoole/http/src/Dispatcher.php on line 224 and exactly 1 expected at file:/work/eschat/App/HttpController/User.php line:17]
[2019-06-17 14:47:36][DEBUG][ERROR] : [Too few arguments to function App\HttpController\User::__construct(), 0 passed in /work/eschat/vendor/easyswoole/http/src/Dispatcher.php on line 224 and exactly 1 expected at file:/work/eschat/App/HttpController/User.php line:17]
[2019-06-17 14:47:54][DEBUG][ERROR] : [Too few arguments to function App\HttpController\User::__construct(), 0 passed in /work/eschat/vendor/easyswoole/http/src/Dispatcher.php on line 224 and exactly 1 expected at file:/work/eschat/App/HttpController/User.php line:17]
[2019-06-17 14:48:04][DEBUG][ERROR] : [Too few arguments to function App\HttpController\User::__construct(), 0 passed in /work/eschat/vendor/easyswoole/http/src/Dispatcher.php on line 224 and exactly 1 expected at file:/work/eschat/App/HttpController/User.php line:17]
[2019-06-17 14:48:18][DEBUG][ERROR] : [Too few arguments to function App\HttpController\User::__construct(), 0 passed in /work/eschat/vendor/easyswoole/http/src/Dispatcher.php on line 224 and exactly 1 expected at file:/work/eschat/App/HttpController/User.php line:17]
[2019-06-17 14:48:21][DEBUG][ERROR] : [Too few arguments to function App\HttpController\User::__construct(), 0 passed in /work/eschat/vendor/easyswoole/http/src/Dispatcher.php on line 224 and exactly 1 expected at file:/work/eschat/App/HttpController/User.php line:17]
[2019-06-17 14:48:21][DEBUG][ERROR] : [Too few arguments to function App\HttpController\User::__construct(), 0 passed in /work/eschat/vendor/easyswoole/http/src/Dispatcher.php on line 224 and exactly 1 expected at file:/work/eschat/App/HttpController/User.php line:17]
[2019-06-17 14:48:22][DEBUG][ERROR] : [Too few arguments to function App\HttpController\User::__construct(), 0 passed in /work/eschat/vendor/easyswoole/http/src/Dispatcher.php on line 224 and exactly 1 expected at file:/work/eschat/App/HttpController/User.php line:17]
[2019-06-17 14:48:22][DEBUG][ERROR] : [Too few arguments to function App\HttpController\User::__construct(), 0 passed in /work/eschat/vendor/easyswoole/http/src/Dispatcher.php on line 224 and exactly 1 expected at file:/work/eschat/App/HttpController/User.php line:17]
[2019-06-17 14:49:06][DEBUG][ERROR] : [syntax error, unexpected ')', expecting variable (T_VARIABLE) at file:/work/eschat/App/HttpController/User.php line:17]
[2019-06-17 14:49:19][DEBUG][ERROR] : [Too few arguments to function EasySwoole\Http\Request::__construct(), 0 passed in /work/eschat/App/HttpController/User.php on line 19 and exactly 1 expected at file:/work/eschat/vendor/easyswoole/http/src/Request.php line:21]
[2019-06-17 14:50:17][DEBUG][ERROR] : [Return value of EasySwoole\Http\AbstractInterface\Controller::request() must be an instance of EasySwoole\Http\Request, null returned at file:/work/eschat/vendor/easyswoole/http/src/AbstractInterface/Controller.php line:132]
[2019-06-17 14:50:20][DEBUG][ERROR] : [Return value of EasySwoole\Http\AbstractInterface\Controller::request() must be an instance of EasySwoole\Http\Request, null returned at file:/work/eschat/vendor/easyswoole/http/src/AbstractInterface/Controller.php line:132]
[2019-06-17 14:53:55][DEBUG][ERROR] : [Return value of EasySwoole\Http\AbstractInterface\Controller::request() must be an instance of EasySwoole\Http\Request, null returned at file:/work/eschat/vendor/easyswoole/http/src/AbstractInterface/Controller.php line:132]
[2019-06-17 14:53:56][DEBUG][ERROR] : [Return value of EasySwoole\Http\AbstractInterface\Controller::request() must be an instance of EasySwoole\Http\Request, null returned at file:/work/eschat/vendor/easyswoole/http/src/AbstractInterface/Controller.php line:132]
[2019-06-17 14:53:56][DEBUG][ERROR] : [Return value of EasySwoole\Http\AbstractInterface\Controller::request() must be an instance of EasySwoole\Http\Request, null returned at file:/work/eschat/vendor/easyswoole/http/src/AbstractInterface/Controller.php line:132]
[2019-06-17 14:54:18][DEBUG][ERROR] : [Return value of EasySwoole\Http\AbstractInterface\Controller::request() must be an instance of EasySwoole\Http\Request, null returned at file:/work/eschat/vendor/easyswoole/http/src/AbstractInterface/Controller.php line:132]
[2019-06-17 14:54:20][DEBUG][ERROR] : [Return value of EasySwoole\Http\AbstractInterface\Controller::request() must be an instance of EasySwoole\Http\Request, null returned at file:/work/eschat/vendor/easyswoole/http/src/AbstractInterface/Controller.php line:132]
[2019-06-17 14:57:43][DEBUG][WARNING] : [Cannot modify header information - headers already sent by (output started at /work/eschat/vendor/easyswoole/easyswoole/src/Command/DefaultCommand/Start.php:101) at file:/work/eschat/App/HttpController/Index.php line:35]
[2019-06-17 14:58:00][DEBUG][WARNING] : [Cannot modify header information - headers already sent at file:/work/eschat/App/HttpController/Index.php line:35]
[2019-06-17 14:58:30][DEBUG][WARNING] : [Cannot modify header information - headers already sent by (output started at /work/eschat/vendor/easyswoole/easyswoole/src/Command/DefaultCommand/Start.php:101) at file:/work/eschat/App/HttpController/Index.php line:35]
[2019-06-17 14:58:37][DEBUG][WARNING] : [Cannot modify header information - headers already sent by (output started at /work/eschat/vendor/easyswoole/easyswoole/src/Command/DefaultCommand/Start.php:101) at file:/work/eschat/App/HttpController/Index.php line:35]
[2019-06-17 14:59:26][DEBUG][WARNING] : [Cannot modify header information - headers already sent by (output started at /work/eschat/vendor/easyswoole/easyswoole/src/Command/DefaultCommand/Start.php:101) at file:/work/eschat/App/HttpController/Index.php line:35]
[2019-06-17 14:59:32][DEBUG][WARNING] : [Cannot modify header information - headers already sent by (output started at /work/eschat/vendor/easyswoole/easyswoole/src/Command/DefaultCommand/Start.php:101) at file:/work/eschat/App/HttpController/Index.php line:35]
[2019-06-17 15:05:21][DEBUG][NOTICE] : [Undefined index: type at file:/work/eschat/App/HttpController/User.php line:72]
[2019-06-17 15:05:21][DEBUG][NOTICE] : [Undefined index: wd at file:/work/eschat/App/HttpController/User.php line:73]
[2019-06-17 15:06:17][DEBUG][NOTICE] : [Undefined index: type at file:/work/eschat/App/HttpController/User.php line:72]
[2019-06-17 15:06:17][DEBUG][NOTICE] : [Undefined index: wd at file:/work/eschat/App/HttpController/User.php line:73]
[2019-06-17 15:07:52][DEBUG][NOTICE] : [Undefined index: type at file:/work/eschat/App/HttpController/User.php line:72]
[2019-06-17 15:07:52][DEBUG][NOTICE] : [Undefined index: wd at file:/work/eschat/App/HttpController/User.php line:73]
[2019-06-17 15:11:07][DEBUG][NOTICE] : [Undefined index: type at file:/work/eschat/App/HttpController/User.php line:72]
[2019-06-17 15:11:07][DEBUG][NOTICE] : [Undefined index: wd at file:/work/eschat/App/HttpController/User.php line:73]
[2019-06-17 15:11:15][DEBUG][NOTICE] : [Undefined index: type at file:/work/eschat/App/HttpController/User.php line:72]
[2019-06-17 15:11:15][DEBUG][NOTICE] : [Undefined index: wd at file:/work/eschat/App/HttpController/User.php line:73]
[2019-06-17 15:11:31][DEBUG][NOTICE] : [Undefined index: type at file:/work/eschat/App/HttpController/User.php line:72]
[2019-06-17 15:11:32][DEBUG][NOTICE] : [Undefined index: wd at file:/work/eschat/App/HttpController/User.php line:73]
[2019-06-17 15:13:26][DEBUG][NOTICE] : [Undefined index: type at file:/work/eschat/App/HttpController/User.php line:72]
[2019-06-17 15:13:26][DEBUG][NOTICE] : [Undefined index: wd at file:/work/eschat/App/HttpController/User.php line:73]
[2019-06-17 15:18:06][DEBUG][NOTICE] : [Undefined index: type at file:/work/eschat/App/HttpController/User.php line:72]
[2019-06-17 15:18:06][DEBUG][NOTICE] : [Undefined index: wd at file:/work/eschat/App/HttpController/User.php line:73]
[2019-06-17 15:18:06][DEBUG][ERROR] : [syntax error, unexpected ''class="layui-this"\'}?>' (T_CONSTANT_ENCAPSED_STRING), expecting identifier (T_STRING) at file:/work/eschat/App/Views/find.php line:17]
[2019-06-17 15:26:00][DEBUG][NOTICE] : [Undefined index: type at file:/work/eschat/App/HttpController/User.php line:72]
[2019-06-17 15:26:00][DEBUG][NOTICE] : [Undefined index: wd at file:/work/eschat/App/HttpController/User.php line:73]
[2019-06-17 15:27:06][DEBUG][NOTICE] : [Undefined index: type at file:/work/eschat/App/HttpController/User.php line:72]
[2019-06-17 15:27:06][DEBUG][NOTICE] : [Undefined index: wd at file:/work/eschat/App/HttpController/User.php line:73]
[2019-06-17 15:27:32][DEBUG][NOTICE] : [Undefined index: type at file:/work/eschat/App/HttpController/User.php line:72]
[2019-06-17 15:27:32][DEBUG][NOTICE] : [Undefined index: wd at file:/work/eschat/App/HttpController/User.php line:73]
[2019-06-17 15:29:34][DEBUG][NOTICE] : [Undefined index: type at file:/work/eschat/App/HttpController/User.php line:72]
[2019-06-17 15:29:34][DEBUG][NOTICE] : [Undefined index: wd at file:/work/eschat/App/HttpController/User.php line:73]
[2019-06-17 15:31:04][DEBUG][NOTICE] : [Undefined index: type at file:/work/eschat/App/HttpController/User.php line:72]
[2019-06-17 15:31:04][DEBUG][NOTICE] : [Undefined index: wd at file:/work/eschat/App/HttpController/User.php line:73]
[2019-06-17 15:32:07][DEBUG][NOTICE] : [Undefined index: type at file:/work/eschat/App/HttpController/User.php line:72]
[2019-06-17 15:32:07][DEBUG][NOTICE] : [Undefined index: wd at file:/work/eschat/App/HttpController/User.php line:73]
[2019-06-17 15:32:30][DEBUG][NOTICE] : [Undefined index: type at file:/work/eschat/App/HttpController/User.php line:72]
[2019-06-17 15:32:30][DEBUG][NOTICE] : [Undefined index: wd at file:/work/eschat/App/HttpController/User.php line:73]
[2019-06-17 15:33:33][DEBUG][NOTICE] : [Undefined index: type at file:/work/eschat/App/HttpController/User.php line:72]
[2019-06-17 15:33:33][DEBUG][NOTICE] : [Undefined index: wd at file:/work/eschat/App/HttpController/User.php line:73]
[2019-06-17 15:34:41][DEBUG][NOTICE] : [Undefined index: type at file:/work/eschat/App/HttpController/User.php line:72]
[2019-06-17 15:34:41][DEBUG][NOTICE] : [Undefined index: wd at file:/work/eschat/App/HttpController/User.php line:73]
[2019-06-17 15:36:11][DEBUG][NOTICE] : [Undefined index: type at file:/work/eschat/App/HttpController/User.php line:72]
[2019-06-17 15:36:11][DEBUG][NOTICE] : [Undefined index: wd at file:/work/eschat/App/HttpController/User.php line:73]
[2019-06-17 15:36:19][DEBUG][ERROR] : [Class 'App\HttpController\DB' not found at file:/work/eschat/App/HttpController/User.php line:78]
[2019-06-17 15:36:22][DEBUG][ERROR] : [Class 'App\HttpController\DB' not found at file:/work/eschat/App/HttpController/User.php line:78]
[2019-06-17 15:36:24][DEBUG][NOTICE] : [Undefined index: type at file:/work/eschat/App/HttpController/User.php line:72]
[2019-06-17 15:36:24][DEBUG][NOTICE] : [Undefined index: wd at file:/work/eschat/App/HttpController/User.php line:73]
[2019-06-17 15:37:07][DEBUG][NOTICE] : [Undefined index: type at file:/work/eschat/App/HttpController/User.php line:72]
[2019-06-17 15:37:07][DEBUG][NOTICE] : [Undefined index: wd at file:/work/eschat/App/HttpController/User.php line:73]
[2019-06-17 15:37:44][DEBUG][NOTICE] : [Undefined index: type at file:/work/eschat/App/HttpController/User.php line:72]
[2019-06-17 15:37:44][DEBUG][NOTICE] : [Undefined index: wd at file:/work/eschat/App/HttpController/User.php line:73]
[2019-06-17 15:38:08][DEBUG][ERROR] : [Class 'App\HttpController\DB' not found at file:/work/eschat/App/HttpController/User.php line:78]
[2019-06-17 15:38:40][DEBUG][ERROR] : [Class 'App\HttpController\DB' not found at file:/work/eschat/App/HttpController/User.php line:78]
[2019-06-17 15:38:43][DEBUG][NOTICE] : [Undefined index: type at file:/work/eschat/App/HttpController/User.php line:72]
[2019-06-17 15:38:43][DEBUG][NOTICE] : [Undefined index: wd at file:/work/eschat/App/HttpController/User.php line:73]
[2019-06-17 15:38:44][DEBUG][ERROR] : [Class 'App\HttpController\DB' not found at file:/work/eschat/App/HttpController/User.php line:78]
[2019-06-17 15:39:09][DEBUG][ERROR] : [Call to undefined method App\Utility\Pool\MysqlObject::orWhere() at file:/work/eschat/App/HttpController/User.php line:81]
[2019-06-17 15:39:12][DEBUG][NOTICE] : [Undefined index: type at file:/work/eschat/App/HttpController/User.php line:72]
[2019-06-17 15:39:12][DEBUG][NOTICE] : [Undefined index: wd at file:/work/eschat/App/HttpController/User.php line:73]
[2019-06-17 15:39:13][DEBUG][ERROR] : [Call to undefined method App\Utility\Pool\MysqlObject::orWhere() at file:/work/eschat/App/HttpController/User.php line:81]
[2019-06-17 15:39:51][DEBUG][ERROR] : [Call to undefined method App\Utility\Pool\MysqlObject::orWhere() at file:/work/eschat/App/HttpController/User.php line:81]
[2019-06-17 15:40:44][DEBUG][ERROR] : [Call to undefined method App\Utility\Pool\MysqlObject::addOrWhere() at file:/work/eschat/App/HttpController/User.php line:81]
[2019-06-17 15:41:21][DEBUG][ERROR] : [Unknown column 'test02' in 'where clause' query: SELECT  * FROM user WHERE  id %test02% ?  AND nickname like ?  or username like ?  LIMIT 0 at file:/work/eschat/vendor/easyswoole/mysqli/src/Mysqli.php line:1511]
[2019-06-17 15:41:41][DEBUG][ERROR] : [Unknown column 'test02' in 'where clause' query: SELECT  * FROM user WHERE  id %test02% ?  AND nickname like ?  AND username like ?  LIMIT 0 at file:/work/eschat/vendor/easyswoole/mysqli/src/Mysqli.php line:1511]
[2019-06-17 15:42:28][DEBUG][ERROR] : [Call to undefined method App\Utility\Pool\MysqlObject::orWhere() at file:/work/eschat/App/HttpController/User.php line:81]
[2019-06-17 15:43:03][DEBUG][ERROR] : [Unknown column 'test02' in 'where clause' query: SELECT  * FROM user WHERE  id %test02% ?  AND nickname like ?  OR username like ?  LIMIT 0 at file:/work/eschat/vendor/easyswoole/mysqli/src/Mysqli.php line:1511]
[2019-06-17 15:45:59][DEBUG][ERROR] : [You have an error in your SQL syntax; check the manual that corresponds to your MySQL server version for the right syntax to use near 'like1 ?  OR nickname like ?  OR username like ?  LIMIT 0' at line 1 query: SELECT  * FROM user WHERE  id like1 ?  OR nickname like ?  OR username like ?  LIMIT 0 at file:/work/eschat/vendor/easyswoole/mysqli/src/Mysqli.php line:1511]
[2019-06-17 15:46:41][DEBUG][ERROR] : [swoole exit at file:/work/eschat/App/HttpController/User.php line:76]
[2019-06-17 15:48:32][DEBUG][ERROR] : [You have an error in your SQL syntax; check the manual that corresponds to your MySQL server version for the right syntax to use near 'like1 ?  OR nickname like ?  OR username like ?  LIMIT 0' at line 1 query: SELECT  * FROM user WHERE  id like1 ?  OR nickname like ?  OR username like ?  LIMIT 0 at file:/work/eschat/vendor/easyswoole/mysqli/src/Mysqli.php line:1511]
[2019-06-17 15:55:49][DEBUG][ERROR] : [Uncaught Swoole\Exception: failed to listen server port[0.0.0.0:9501], Error: Address already in use[98] in /work/eschat/vendor/easyswoole/easyswoole/src/ServerManager.php:60
Stack trace:
#0 /work/eschat/vendor/easyswoole/easyswoole/src/ServerManager.php(60): Swoole\Server->__construct('0.0.0.0', 9501, 2, 1)
#1 /work/eschat/vendor/easyswoole/easyswoole/src/Core.php(117): EasySwoole\EasySwoole\ServerManager->createSwooleServer(9501, 3, '0.0.0.0', Array, 2, 1)
#2 /work/eschat/vendor/easyswoole/easyswoole/src/Command/DefaultCommand/Start.php(42): EasySwoole\EasySwoole\Core->createServer()
#3 /work/eschat/vendor/easyswoole/easyswoole/src/Command/CommandContainer.php(44): EasySwoole\EasySwoole\Command\DefaultCommand\Start->exec(Array)
#4 /work/eschat/vendor/easyswoole/easyswoole/src/Command/CommandRunner.php(52): EasySwoole\EasySwoole\Command\CommandContainer->hook('start', Array)
#5 /work/eschat/easyswoole(20): EasySwoole\EasySwoole\Command\CommandRunner->run(Array)
#6 {main}
  thrown at file:/work/eschat/vendor/easyswoole/easyswoole/src/ServerManager.php line:60]
[2019-06-17 15:55:51][DEBUG][ERROR] : [Uncaught Swoole\Exception: failed to listen server port[0.0.0.0:9501], Error: Address already in use[98] in /work/eschat/vendor/easyswoole/easyswoole/src/ServerManager.php:60
Stack trace:
#0 /work/eschat/vendor/easyswoole/easyswoole/src/ServerManager.php(60): Swoole\Server->__construct('0.0.0.0', 9501, 2, 1)
#1 /work/eschat/vendor/easyswoole/easyswoole/src/Core.php(117): EasySwoole\EasySwoole\ServerManager->createSwooleServer(9501, 3, '0.0.0.0', Array, 2, 1)
#2 /work/eschat/vendor/easyswoole/easyswoole/src/Command/DefaultCommand/Start.php(42): EasySwoole\EasySwoole\Core->createServer()
#3 /work/eschat/vendor/easyswoole/easyswoole/src/Command/CommandContainer.php(44): EasySwoole\EasySwoole\Command\DefaultCommand\Start->exec(Array)
#4 /work/eschat/vendor/easyswoole/easyswoole/src/Command/CommandRunner.php(52): EasySwoole\EasySwoole\Command\CommandContainer->hook('start', Array)
#5 /work/eschat/easyswoole(20): EasySwoole\EasySwoole\Command\CommandRunner->run(Array)
#6 {main}
  thrown at file:/work/eschat/vendor/easyswoole/easyswoole/src/ServerManager.php line:60]
[2019-06-17 15:56:02][DEBUG][ERROR] : [Uncaught Swoole\Exception: failed to listen server port[0.0.0.0:9501], Error: Address already in use[98] in /work/eschat/vendor/easyswoole/easyswoole/src/ServerManager.php:60
Stack trace:
#0 /work/eschat/vendor/easyswoole/easyswoole/src/ServerManager.php(60): Swoole\Server->__construct('0.0.0.0', 9501, 2, 1)
#1 /work/eschat/vendor/easyswoole/easyswoole/src/Core.php(117): EasySwoole\EasySwoole\ServerManager->createSwooleServer(9501, 3, '0.0.0.0', Array, 2, 1)
#2 /work/eschat/vendor/easyswoole/easyswoole/src/Command/DefaultCommand/Start.php(42): EasySwoole\EasySwoole\Core->createServer()
#3 /work/eschat/vendor/easyswoole/easyswoole/src/Command/CommandContainer.php(44): EasySwoole\EasySwoole\Command\DefaultCommand\Start->exec(Array)
#4 /work/eschat/vendor/easyswoole/easyswoole/src/Command/CommandRunner.php(52): EasySwoole\EasySwoole\Command\CommandContainer->hook('start', Array)
#5 /work/eschat/easyswoole(20): EasySwoole\EasySwoole\Command\CommandRunner->run(Array)
#6 {main}
  thrown at file:/work/eschat/vendor/easyswoole/easyswoole/src/ServerManager.php line:60]
[2019-06-17 15:58:28][DEBUG][ERROR] : [You have an error in your SQL syntax; check the manual that corresponds to your MySQL server version for the right syntax to use near 'like111 ?  OR nickname like ?  OR username like ?  LIMIT 0' at line 1 query: SELECT  * FROM user WHERE  id like111 ?  OR nickname like ?  OR username like ?  LIMIT 0 at file:/work/eschat/vendor/easyswoole/mysqli/src/Mysqli.php line:1511]
[2019-06-17 15:59:33][DEBUG][ERROR] : [You have an error in your SQL syntax; check the manual that corresponds to your MySQL server version for the right syntax to use near 'group WHERE  id like ?  OR groupname like ?  LIMIT 0' at line 1 query: SELECT  * FROM group WHERE  id like ?  OR groupname like ?  LIMIT 0 at file:/work/eschat/vendor/easyswoole/mysqli/src/Mysqli.php line:1511]
[2019-06-17 15:59:34][DEBUG][ERROR] : [You have an error in your SQL syntax; check the manual that corresponds to your MySQL server version for the right syntax to use near 'group WHERE  id like ?  OR groupname like ?  LIMIT 0' at line 1 query: SELECT  * FROM group WHERE  id like ?  OR groupname like ?  LIMIT 0 at file:/work/eschat/vendor/easyswoole/mysqli/src/Mysqli.php line:1511]
[2019-06-17 15:59:37][DEBUG][NOTICE] : [Undefined index: type at file:/work/eschat/App/HttpController/User.php line:72]
[2019-06-17 15:59:37][DEBUG][NOTICE] : [Undefined index: wd at file:/work/eschat/App/HttpController/User.php line:73]
[2019-06-17 16:02:15][DEBUG][ERROR] : [You have an error in your SQL syntax; check the manual that corresponds to your MySQL server version for the right syntax to use near 'like1 ?  OR nickname like ?  OR username like ?  LIMIT 0' at line 1 query: SELECT  * FROM user WHERE  id like1 ?  OR nickname like ?  OR username like ?  LIMIT 0 at file:/work/eschat/vendor/easyswoole/mysqli/src/Mysqli.php line:1511]
[2019-06-17 16:04:17][DEBUG][ERROR] : [You have an error in your SQL syntax; check the manual that corresponds to your MySQL server version for the right syntax to use near 'like1 ?  OR nickname like ?  OR username like ?  LIMIT 0' at line 1 query: SELECT  * FROM `user` WHERE  id like1 ?  OR nickname like ?  OR username like ?  LIMIT 0 at file:/work/eschat/vendor/easyswoole/mysqli/src/Mysqli.php line:1511]
[2019-06-17 16:04:30][DEBUG][NOTICE] : [Undefined index: type at file:/work/eschat/App/HttpController/User.php line:72]
[2019-06-17 16:04:30][DEBUG][NOTICE] : [Undefined index: wd at file:/work/eschat/App/HttpController/User.php line:73]
[2019-06-17 16:05:14][DEBUG][NOTICE] : [Undefined variable: key at file:/work/eschat/App/HttpController/User.php line:81]
[2019-06-17 16:05:14][DEBUG][NOTICE] : [Undefined variable: key at file:/work/eschat/App/HttpController/User.php line:81]
[2019-06-17 16:05:14][DEBUG][NOTICE] : [Undefined variable: key at file:/work/eschat/App/HttpController/User.php line:81]
[2019-06-17 16:05:45][DEBUG][ERROR] : [You have an error in your SQL syntax; check the manual that corresponds to your MySQL server version for the right syntax to use near 'like1 ?  OR nickname like ?  OR username like ?  LIMIT 0' at line 1 query: SELECT  * FROM `user` WHERE  id like1 ?  OR nickname like ?  OR username like ?  LIMIT 0 at file:/work/eschat/vendor/easyswoole/mysqli/src/Mysqli.php line:1511]
[2019-06-17 16:09:26][DEBUG][NOTICE] : [Trying to get property 'nickname' of non-object at file:/work/eschat/App/Views/find.php line:33]
[2019-06-17 16:09:26][DEBUG][NOTICE] : [Trying to get property 'id' of non-object at file:/work/eschat/App/Views/find.php line:33]
[2019-06-17 16:09:26][DEBUG][NOTICE] : [Trying to get property 'avatar' of non-object at file:/work/eschat/App/Views/find.php line:36]
[2019-06-17 16:09:26][DEBUG][NOTICE] : [Trying to get property 'id' of non-object at file:/work/eschat/App/Views/find.php line:37]
[2019-06-17 16:09:26][DEBUG][NOTICE] : [Trying to get property 'nickname' of non-object at file:/work/eschat/App/Views/find.php line:37]
[2019-06-17 16:09:26][DEBUG][NOTICE] : [Trying to get property 'avatar' of non-object at file:/work/eschat/App/Views/find.php line:37]
[2019-06-17 16:11:46][DEBUG][NOTICE] : [Undefined index: type at file:/work/eschat/App/HttpController/User.php line:72]
[2019-06-17 16:11:46][DEBUG][NOTICE] : [Undefined index: wd at file:/work/eschat/App/HttpController/User.php line:73]
[2019-06-17 16:12:36][DEBUG][NOTICE] : [Undefined index: type at file:/work/eschat/App/HttpController/User.php line:72]
[2019-06-17 16:12:36][DEBUG][NOTICE] : [Undefined index: wd at file:/work/eschat/App/HttpController/User.php line:73]
[2019-06-17 16:13:05][DEBUG][NOTICE] : [Undefined index: type at file:/work/eschat/App/HttpController/User.php line:72]
[2019-06-17 16:13:05][DEBUG][NOTICE] : [Undefined index: wd at file:/work/eschat/App/HttpController/User.php line:73]
[2019-06-17 16:13:11][DEBUG][NOTICE] : [Undefined index: type at file:/work/eschat/App/HttpController/User.php line:72]
[2019-06-17 16:13:11][DEBUG][NOTICE] : [Undefined index: wd at file:/work/eschat/App/HttpController/User.php line:73]
[2019-06-17 16:13:41][DEBUG][NOTICE] : [Undefined index: type at file:/work/eschat/App/HttpController/User.php line:72]
[2019-06-17 16:13:41][DEBUG][NOTICE] : [Undefined index: wd at file:/work/eschat/App/HttpController/User.php line:73]
[2019-06-17 16:20:10][DEBUG][NOTICE] : [Undefined index: type at file:/work/eschat/App/HttpController/User.php line:72]
[2019-06-17 16:20:10][DEBUG][NOTICE] : [Undefined index: wd at file:/work/eschat/App/HttpController/User.php line:73]
[2019-06-17 16:24:22][DEBUG][NOTICE] : [Undefined index: type at file:/work/eschat/App/HttpController/User.php line:72]
[2019-06-17 16:24:22][DEBUG][NOTICE] : [Undefined index: wd at file:/work/eschat/App/HttpController/User.php line:73]
[2019-06-17 16:24:47][DEBUG][NOTICE] : [Undefined index: type at file:/work/eschat/App/HttpController/User.php line:72]
[2019-06-17 16:24:47][DEBUG][NOTICE] : [Undefined index: wd at file:/work/eschat/App/HttpController/User.php line:73]
[2019-06-17 16:29:27][DEBUG][WARNING] : [Illegal string offset 'user_id' at file:/work/eschat/App/HttpController/User.php line:110]
[2019-06-17 16:29:27][DEBUG][ERROR] : [Call to undefined method App\Utility\Pool\MysqlObject::table() at file:/work/eschat/App/HttpController/User.php line:114]
[2019-06-17 16:29:44][DEBUG][WARNING] : [Illegal string offset 'user_id' at file:/work/eschat/App/HttpController/User.php line:110]
[2019-06-17 16:29:44][DEBUG][ERROR] : [Call to undefined method App\Utility\Pool\MysqlObject::table() at file:/work/eschat/App/HttpController/User.php line:115]
[2019-06-17 16:30:57][DEBUG][WARNING] : [Illegal string offset 'user_id' at file:/work/eschat/App/HttpController/User.php line:110]
[2019-06-17 16:30:57][DEBUG][ERROR] : [You have an error in your SQL syntax; check the manual that corresponds to your MySQL server version for the right syntax to use near 'group WHERE  id = ?' at line 1 query: SELECT  * FROM group WHERE  id = ?  at file:/work/eschat/vendor/easyswoole/mysqli/src/Mysqli.php line:1511]
[2019-06-17 16:31:02][DEBUG][WARNING] : [Illegal string offset 'user_id' at file:/work/eschat/App/HttpController/User.php line:110]
[2019-06-17 16:31:02][DEBUG][ERROR] : [You have an error in your SQL syntax; check the manual that corresponds to your MySQL server version for the right syntax to use near 'group WHERE  id = ?' at line 1 query: SELECT  * FROM group WHERE  id = ?  at file:/work/eschat/vendor/easyswoole/mysqli/src/Mysqli.php line:1511]
[2019-06-17 16:31:42][DEBUG][WARNING] : [Illegal string offset 'user_id' at file:/work/eschat/App/HttpController/User.php line:110]
[2019-06-17 16:31:42][DEBUG][ERROR] : [You have an error in your SQL syntax; check the manual that corresponds to your MySQL server version for the right syntax to use near 'group WHERE  id = ?' at line 1 query: SELECT  * FROM group WHERE  id = ?  at file:/work/eschat/vendor/easyswoole/mysqli/src/Mysqli.php line:1511]
[2019-06-17 16:31:47][DEBUG][WARNING] : [Illegal string offset 'user_id' at file:/work/eschat/App/HttpController/User.php line:110]
[2019-06-17 16:31:47][DEBUG][ERROR] : [You have an error in your SQL syntax; check the manual that corresponds to your MySQL server version for the right syntax to use near 'group WHERE  id = ?' at line 1 query: SELECT  * FROM group WHERE  id = ?  at file:/work/eschat/vendor/easyswoole/mysqli/src/Mysqli.php line:1511]
[2019-06-17 16:32:15][DEBUG][NOTICE] : [Undefined index: user_id at file:/work/eschat/App/HttpController/User.php line:111]
[2019-06-17 16:32:15][DEBUG][ERROR] : [You have an error in your SQL syntax; check the manual that corresponds to your MySQL server version for the right syntax to use near 'group WHERE  id = ?' at line 1 query: SELECT  * FROM group WHERE  id = ?  at file:/work/eschat/vendor/easyswoole/mysqli/src/Mysqli.php line:1511]
[2019-06-17 16:32:40][DEBUG][NOTICE] : [Undefined index: user_id at file:/work/eschat/App/HttpController/User.php line:111]
[2019-06-17 16:32:40][DEBUG][ERROR] : [You have an error in your SQL syntax; check the manual that corresponds to your MySQL server version for the right syntax to use near 'group WHERE  id = ?' at line 1 query: SELECT  * FROM group WHERE  id = ?  at file:/work/eschat/vendor/easyswoole/mysqli/src/Mysqli.php line:1511]
[2019-06-17 16:33:04][DEBUG][NOTICE] : [Undefined index: type at file:/work/eschat/App/HttpController/User.php line:72]
[2019-06-17 16:33:04][DEBUG][NOTICE] : [Undefined index: wd at file:/work/eschat/App/HttpController/User.php line:73]
[2019-06-17 16:35:37][DEBUG][ERROR] : [You have an error in your SQL syntax; check the manual that corresponds to your MySQL server version for the right syntax to use near 'group WHERE  id = ?' at line 1 query: SELECT  * FROM group WHERE  id = ?  at file:/work/eschat/vendor/easyswoole/mysqli/src/Mysqli.php line:1511]
[2019-06-17 16:36:51][DEBUG][ERROR] : [You have an error in your SQL syntax; check the manual that corresponds to your MySQL server version for the right syntax to use near 'group WHERE  id = ?' at line 1 query: SELECT  * FROM group WHERE  id = ?  at file:/work/eschat/vendor/easyswoole/mysqli/src/Mysqli.php line:1511]
[2019-06-17 16:36:58][DEBUG][ERROR] : [You have an error in your SQL syntax; check the manual that corresponds to your MySQL server version for the right syntax to use near 'group WHERE  id = ?' at line 1 query: SELECT  * FROM group WHERE  id = ?  at file:/work/eschat/vendor/easyswoole/mysqli/src/Mysqli.php line:1511]
[2019-06-17 16:37:30][DEBUG][NOTICE] : [Trying to get property 'avatar' of non-object at file:/work/eschat/App/HttpController/User.php line:122]
[2019-06-17 16:37:30][DEBUG][NOTICE] : [Trying to get property 'groupname' of non-object at file:/work/eschat/App/HttpController/User.php line:123]
[2019-06-17 16:37:30][DEBUG][NOTICE] : [Trying to get property 'id' of non-object at file:/work/eschat/App/HttpController/User.php line:124]
[2019-06-17 16:47:17][DEBUG][NOTICE] : [Undefined index: type at file:/work/eschat/App/HttpController/User.php line:72]
[2019-06-17 16:47:17][DEBUG][NOTICE] : [Undefined index: wd at file:/work/eschat/App/HttpController/User.php line:73]
[2019-06-17 16:47:59][DEBUG][NOTICE] : [Undefined index: type at file:/work/eschat/App/HttpController/User.php line:72]
[2019-06-17 16:47:59][DEBUG][NOTICE] : [Undefined index: wd at file:/work/eschat/App/HttpController/User.php line:73]
[2019-06-17 16:48:41][DEBUG][ERROR] : [Too few arguments to function App\HttpController\User::createGroup(), 0 passed in /work/eschat/vendor/easyswoole/http/src/AbstractInterface/Controller.php on line 106 and exactly 1 expected at file:/work/eschat/App/HttpController/User.php line:133]
[2019-06-17 16:49:03][DEBUG][ERROR] : [Too few arguments to function App\HttpController\User::createGroup(), 0 passed in /work/eschat/vendor/easyswoole/http/src/AbstractInterface/Controller.php on line 106 and exactly 1 expected at file:/work/eschat/App/HttpController/User.php line:133]
[2019-06-17 16:49:15][DEBUG][ERROR] : [Too few arguments to function App\HttpController\User::createGroup(), 0 passed in /work/eschat/vendor/easyswoole/http/src/AbstractInterface/Controller.php on line 106 and exactly 1 expected at file:/work/eschat/App/HttpController/User.php line:133]
[2019-06-17 16:49:18][DEBUG][ERROR] : [Too few arguments to function App\HttpController\User::createGroup(), 0 passed in /work/eschat/vendor/easyswoole/http/src/AbstractInterface/Controller.php on line 106 and exactly 1 expected at file:/work/eschat/App/HttpController/User.php line:133]
[2019-06-17 16:49:41][DEBUG][ERROR] : [Too few arguments to function App\HttpController\User::createGroup(), 0 passed in /work/eschat/vendor/easyswoole/http/src/AbstractInterface/Controller.php on line 106 and exactly 1 expected at file:/work/eschat/App/HttpController/User.php line:133]
[2019-06-17 16:49:43][DEBUG][ERROR] : [Too few arguments to function App\HttpController\User::createGroup(), 0 passed in /work/eschat/vendor/easyswoole/http/src/AbstractInterface/Controller.php on line 106 and exactly 1 expected at file:/work/eschat/App/HttpController/User.php line:133]
[2019-06-17 16:49:54][DEBUG][ERROR] : [Too few arguments to function App\HttpController\User::createGroup(), 0 passed in /work/eschat/vendor/easyswoole/http/src/AbstractInterface/Controller.php on line 106 and exactly 1 expected at file:/work/eschat/App/HttpController/User.php line:133]
[2019-06-17 16:50:07][DEBUG][ERROR] : [Too few arguments to function App\HttpController\User::createGroup(), 0 passed in /work/eschat/vendor/easyswoole/http/src/AbstractInterface/Controller.php on line 106 and exactly 1 expected at file:/work/eschat/App/HttpController/User.php line:133]
[2019-06-17 16:58:28][DEBUG][NOTICE] : [Undefined index: type at file:/work/eschat/App/HttpController/User.php line:72]
[2019-06-17 16:58:28][DEBUG][NOTICE] : [Undefined index: wd at file:/work/eschat/App/HttpController/User.php line:73]
[2019-06-17 16:58:52][DEBUG][NOTICE] : [Undefined index: type at file:/work/eschat/App/HttpController/User.php line:72]
[2019-06-17 16:58:52][DEBUG][NOTICE] : [Undefined index: wd at file:/work/eschat/App/HttpController/User.php line:73]
[2019-06-17 16:58:57][DEBUG][NOTICE] : [Undefined index: token at file:/work/eschat/App/HttpController/User.php line:138]
[2019-06-17 16:59:02][DEBUG][NOTICE] : [Undefined index: token at file:/work/eschat/App/HttpController/User.php line:138]
[2019-06-17 16:59:10][DEBUG][NOTICE] : [Undefined index: type at file:/work/eschat/App/HttpController/User.php line:72]
[2019-06-17 16:59:10][DEBUG][NOTICE] : [Undefined index: wd at file:/work/eschat/App/HttpController/User.php line:73]
[2019-06-17 16:59:24][DEBUG][NOTICE] : [Undefined index: token at file:/work/eschat/App/HttpController/User.php line:138]
[2019-06-17 16:59:40][DEBUG][NOTICE] : [Undefined index: type at file:/work/eschat/App/HttpController/User.php line:72]
[2019-06-17 16:59:40][DEBUG][NOTICE] : [Undefined index: wd at file:/work/eschat/App/HttpController/User.php line:73]
[2019-06-17 17:05:06][DEBUG][ERROR] : [Call to undefined method App\Utility\Pool\MysqlObject::insertGetId() at file:/work/eschat/App/HttpController/User.php line:158]
[2019-06-17 17:05:18][DEBUG][ERROR] : [Call to undefined method App\Utility\Pool\MysqlObject::insertGetId() at file:/work/eschat/App/HttpController/User.php line:158]
[2019-06-17 17:05:57][DEBUG][ERROR] : [Call to undefined method App\Utility\Pool\MysqlObject::insertGetId() at file:/work/eschat/App/HttpController/User.php line:158]
[2019-06-17 17:06:26][DEBUG][ERROR] : [You have an error in your SQL syntax; check the manual that corresponds to your MySQL server version for the right syntax to use near 'group (`groupname`, `user_id`, `avatar`)  VALUES (?, ?, ?)' at line 1 query: INSERT  INTO group (`groupname`, `user_id`, `avatar`)  VALUES (?, ?, ?) at file:/work/eschat/vendor/easyswoole/mysqli/src/Mysqli.php line:1511]
[2019-06-17 17:07:14][DEBUG][ERROR] : [Class 'App\HttpController\DB' not found at file:/work/eschat/App/HttpController/User.php line:163]
[2019-06-17 17:08:31][DEBUG][NOTICE] : [Undefined index: type at file:/work/eschat/App/HttpController/User.php line:72]
[2019-06-17 17:08:31][DEBUG][NOTICE] : [Undefined index: wd at file:/work/eschat/App/HttpController/User.php line:73]
[2019-06-17 17:09:37][DEBUG][NOTICE] : [Undefined index: wd at file:/work/eschat/App/HttpController/User.php line:73]
[2019-06-17 17:29:21][DEBUG][NOTICE] : [Undefined index: token at file:/work/eschat/App/HttpController/User.php line:207]
[2019-06-17 17:30:21][DEBUG][NOTICE] : [Undefined index: token at file:/work/eschat/App/HttpController/User.php line:207]
[2019-06-17 17:34:30][DEBUG][ERROR] : [Call to undefined function App\HttpController\session() at file:/work/eschat/App/HttpController/User.php line:206]
[2019-06-17 17:40:05][DEBUG][ERROR] : [Call to undefined function App\HttpController\session() at file:/work/eschat/App/HttpController/User.php line:206]
[2019-06-17 17:40:23][DEBUG][ERROR] : [Call to undefined method App\Utility\Pool\MysqlObject::table() at file:/work/eschat/App/HttpController/User.php line:229]
[2019-06-17 17:40:41][DEBUG][ERROR] : [You have an error in your SQL syntax; check the manual that corresponds to your MySQL server version for the right syntax to use near '=cr.user_id WHERE  cr.group_id = ?  ORDER BY time DESC' at line 1 query: SELECT  u.nickname as username,u.id,u.avatar,time as timestamp,cr.content FROM chat_record as cr  JOIN user as u on u.id,=cr.user_id WHERE  cr.group_id = ?  ORDER BY time DESC  at file:/work/eschat/vendor/easyswoole/mysqli/src/Mysqli.php line:1511]
[2019-06-17 17:42:51][DEBUG][ERROR] : [You have an error in your SQL syntax; check the manual that corresponds to your MySQL server version for the right syntax to use near '=cr.user_id WHERE  cr.group_id = ?  ORDER BY time DESC' at line 1 query: SELECT  u.nickname as username,u.id,u.avatar,time as timestamp,cr.content FROM chat_record as cr  JOIN user as u on u.id,=cr.user_id WHERE  cr.group_id = ?  ORDER BY time DESC  at file:/work/eschat/vendor/easyswoole/mysqli/src/Mysqli.php line:1511]
[2019-06-17 17:43:38][DEBUG][ERROR] : [You have an error in your SQL syntax; check the manual that corresponds to your MySQL server version for the right syntax to use near '=cr.user_id WHERE  cr.group_id = ?  ORDER BY time DESC' at line 1 query: SELECT  u.nickname as username,u.id,u.avatar,time as timestamp,cr.content FROM chat_record as cr  JOIN user as u on u.id,=cr.user_id WHERE  cr.group_id = ?  ORDER BY time DESC  at file:/work/eschat/vendor/easyswoole/mysqli/src/Mysqli.php line:1511]
[2019-06-17 17:44:04][DEBUG][ERROR] : [You have an error in your SQL syntax; check the manual that corresponds to your MySQL server version for the right syntax to use near '=cr.user_id WHERE  cr.group_id = ?  ORDER BY time DESC' at line 1 query: SELECT  u.nickname as username,u.id,u.avatar,time as timestamp,cr.content FROM chat_record as cr  JOIN user as u on u.id,=cr.user_id WHERE  cr.group_id = ?  ORDER BY time DESC  at file:/work/eschat/vendor/easyswoole/mysqli/src/Mysqli.php line:1511]
[2019-06-17 17:44:16][DEBUG][ERROR] : [Call to private method EasySwoole\Mysqli\Mysqli::buildLimit() from context 'App\HttpController\User' at file:/work/eschat/App/HttpController/User.php line:226]
[2019-06-17 17:49:24][DEBUG][WARNING] : [join(): Invalid arguments passed at file:/work/eschat/App/HttpController/User.php line:222]
[2019-06-17 17:49:24][DEBUG][ERROR] : [Call to a member function where() on null at file:/work/eschat/App/HttpController/User.php line:223]
[2019-06-17 17:50:27][DEBUG][WARNING] : [join(): Invalid arguments passed at file:/work/eschat/App/HttpController/User.php line:222]
[2019-06-17 17:50:27][DEBUG][ERROR] : [Call to a member function where() on null at file:/work/eschat/App/HttpController/User.php line:223]
[2019-06-17 17:50:40][DEBUG][WARNING] : [join(): Invalid arguments passed at file:/work/eschat/App/HttpController/User.php line:222]
[2019-06-17 17:50:40][DEBUG][ERROR] : [Call to a member function where() on null at file:/work/eschat/App/HttpController/User.php line:223]
[2019-06-17 17:58:45][DEBUG][NOTICE] : [Undefined variable: list at file:/work/eschat/App/HttpController/User.php line:246]
[2019-06-17 17:58:45][DEBUG][WARNING] : [Invalid argument supplied for foreach() at file:/work/eschat/App/HttpController/User.php line:246]
[2019-06-17 17:58:45][DEBUG][NOTICE] : [Undefined variable: list at file:/work/eschat/App/HttpController/User.php line:249]
[2019-06-17 17:58:45][DEBUG][NOTICE] : [Undefined variable: count at file:/work/eschat/App/HttpController/User.php line:250]
[2019-06-17 17:58:45][DEBUG][NOTICE] : [Undefined variable: list at file:/work/eschat/App/HttpController/User.php line:246]
[2019-06-17 17:58:45][DEBUG][WARNING] : [Invalid argument supplied for foreach() at file:/work/eschat/App/HttpController/User.php line:246]
[2019-06-17 17:58:45][DEBUG][NOTICE] : [Undefined variable: list at file:/work/eschat/App/HttpController/User.php line:249]
[2019-06-17 17:58:45][DEBUG][NOTICE] : [Undefined variable: count at file:/work/eschat/App/HttpController/User.php line:250]
[2019-06-17 17:59:06][DEBUG][NOTICE] : [Undefined variable: list at file:/work/eschat/App/HttpController/User.php line:246]
[2019-06-17 17:59:06][DEBUG][WARNING] : [Invalid argument supplied for foreach() at file:/work/eschat/App/HttpController/User.php line:246]
[2019-06-17 17:59:06][DEBUG][NOTICE] : [Undefined variable: list at file:/work/eschat/App/HttpController/User.php line:249]
[2019-06-17 17:59:06][DEBUG][NOTICE] : [Undefined variable: count at file:/work/eschat/App/HttpController/User.php line:250]
[2019-06-17 17:59:06][DEBUG][NOTICE] : [Undefined variable: list at file:/work/eschat/App/HttpController/User.php line:246]
[2019-06-17 17:59:06][DEBUG][WARNING] : [Invalid argument supplied for foreach() at file:/work/eschat/App/HttpController/User.php line:246]
[2019-06-17 17:59:06][DEBUG][NOTICE] : [Undefined variable: list at file:/work/eschat/App/HttpController/User.php line:249]
[2019-06-17 17:59:06][DEBUG][NOTICE] : [Undefined variable: count at file:/work/eschat/App/HttpController/User.php line:250]
[2019-06-17 18:14:19][DEBUG][ERROR] : [Call to undefined method App\Utility\Pool\MysqlObject::orWhere() at file:/work/eschat/App/HttpController/User.php line:241]
[2019-06-17 18:14:44][DEBUG][WARNING] : [Object of class Closure could not be converted to string at file:/work/eschat/vendor/easyswoole/mysqli/src/Mysqli.php line:1331]
[2019-06-17 18:14:44][DEBUG][WARNING] : [Object of class Closure could not be converted to string at file:/work/eschat/vendor/easyswoole/mysqli/src/Mysqli.php line:1331]
[2019-06-17 18:14:44][DEBUG][ERROR] : [You have an error in your SQL syntax; check the manual that corresponds to your MySQL server version for the right syntax to use near 'OR  ORDER BY time DESC  LIMIT 0, 20' at line 1 query: SELECT  u.nickname as username,u.id,u.avatar,time as timestamp,cr.content FROM chat_record as cr  JOIN user as u on u.id = cr.user_id WHERE   OR  ORDER BY time DESC  LIMIT 0, 20 at file:/work/eschat/vendor/easyswoole/mysqli/src/Mysqli.php line:1511]
[2019-06-17 18:15:04][DEBUG][WARNING] : [Object of class Closure could not be converted to string at file:/work/eschat/vendor/easyswoole/mysqli/src/Mysqli.php line:1331]
[2019-06-17 18:15:04][DEBUG][WARNING] : [Object of class Closure could not be converted to string at file:/work/eschat/vendor/easyswoole/mysqli/src/Mysqli.php line:1331]
[2019-06-17 18:15:04][DEBUG][ERROR] : [You have an error in your SQL syntax; check the manual that corresponds to your MySQL server version for the right syntax to use near 'OR  ORDER BY time DESC  LIMIT 0, 20' at line 1 query: SELECT  u.nickname as username,u.id,u.avatar,time as timestamp,cr.content FROM chat_record as cr  JOIN user as u on u.id = cr.user_id WHERE   OR  ORDER BY time DESC  LIMIT 0, 20 at file:/work/eschat/vendor/easyswoole/mysqli/src/Mysqli.php line:1511]
[2019-06-17 18:24:06][DEBUG][ERROR] : [Cannot use object of type EasySwoole\Mysqli\Mysqli as array at file:/work/eschat/App/HttpController/User.php line:245]
[2019-06-17 18:24:23][DEBUG][ERROR] : [Cannot use object of type EasySwoole\Mysqli\Mysqli as array at file:/work/eschat/App/HttpController/User.php line:245]
[2019-06-17 18:24:44][DEBUG][NOTICE] : [Undefined variable: count at file:/work/eschat/App/HttpController/User.php line:245]
[2019-06-17 18:24:45][DEBUG][NOTICE] : [Undefined variable: count at file:/work/eschat/App/HttpController/User.php line:245]
[2019-06-18 09:58:14][DEBUG][ERROR] : [Too few arguments to function EasySwoole\Mysqli\Mysqli::whereIn(), 1 passed in /work/eschat/App/HttpController/User.php on line 237 and at least 2 expected at file:/work/eschat/vendor/easyswoole/mysqli/src/Mysqli.php line:373]
[2019-06-18 10:09:57][DEBUG][NOTICE] : [Undefined variable: count at file:/work/eschat/App/HttpController/User.php line:244]
[2019-06-18 10:09:57][DEBUG][NOTICE] : [Undefined variable: count at file:/work/eschat/App/HttpController/User.php line:244]
[2019-06-18 10:13:28][DEBUG][NOTICE] : [Undefined variable: count at file:/work/eschat/App/HttpController/User.php line:249]
[2019-06-18 10:13:28][DEBUG][NOTICE] : [Undefined variable: count at file:/work/eschat/App/HttpController/User.php line:249]
[2019-06-18 10:13:37][DEBUG][NOTICE] : [Undefined variable: count at file:/work/eschat/App/HttpController/User.php line:249]
[2019-06-18 10:13:37][DEBUG][NOTICE] : [Undefined variable: count at file:/work/eschat/App/HttpController/User.php line:249]
[2019-06-18 10:13:50][DEBUG][NOTICE] : [Undefined variable: count at file:/work/eschat/App/HttpController/User.php line:249]
[2019-06-18 10:13:50][DEBUG][NOTICE] : [Undefined variable: count at file:/work/eschat/App/HttpController/User.php line:249]
[2019-06-18 10:14:34][DEBUG][NOTICE] : [Undefined variable: count at file:/work/eschat/App/HttpController/User.php line:249]
[2019-06-18 10:14:34][DEBUG][NOTICE] : [Undefined variable: count at file:/work/eschat/App/HttpController/User.php line:249]
[2019-06-18 10:15:05][DEBUG][NOTICE] : [Undefined variable: count at file:/work/eschat/App/HttpController/User.php line:249]
[2019-06-18 10:15:05][DEBUG][NOTICE] : [Undefined variable: count at file:/work/eschat/App/HttpController/User.php line:249]
[2019-06-18 10:15:36][DEBUG][NOTICE] : [Undefined variable: count at file:/work/eschat/App/HttpController/User.php line:249]
[2019-06-18 10:15:37][DEBUG][NOTICE] : [Undefined variable: count at file:/work/eschat/App/HttpController/User.php line:249]
[2019-06-18 10:33:45][DEBUG][NOTICE] : [Undefined variable: list at file:/work/eschat/App/HttpController/User.php line:299]
[2019-06-18 10:39:57][DEBUG][ERROR] : [syntax error, unexpected 'foreach' (T_FOREACH) at file:/work/eschat/App/HttpController/User.php line:299]
[2019-06-18 10:40:08][DEBUG][ERROR] : [syntax error, unexpected end of file, expecting function (T_FUNCTION) or const (T_CONST) at file:/work/eschat/App/HttpController/User.php line:332]
[2019-06-18 10:40:21][DEBUG][ERROR] : [syntax error, unexpected end of file, expecting function (T_FUNCTION) or const (T_CONST) at file:/work/eschat/App/HttpController/User.php line:333]
[2019-06-18 10:40:31][DEBUG][ERROR] : [syntax error, unexpected end of file, expecting function (T_FUNCTION) or const (T_CONST) at file:/work/eschat/App/HttpController/User.php line:333]
[2019-06-18 11:31:44][DEBUG][NOTICE] : [Array to string conversion at file:/work/eschat/vendor/easyswoole/mysqli/src/Mysqli.php line:1331]
[2019-06-18 11:31:44][DEBUG][ERROR] : [Unknown column 'Array' in 'where clause' query: SELECT  * FROM system_message WHERE  Array at file:/work/eschat/vendor/easyswoole/mysqli/src/Mysqli.php line:1511]
[2019-06-18 11:32:20][DEBUG][NOTICE] : [Array to string conversion at file:/work/eschat/vendor/easyswoole/mysqli/src/Mysqli.php line:1331]
[2019-06-18 11:32:20][DEBUG][ERROR] : [Unknown column 'Array' in 'where clause' query: SELECT  * FROM system_message WHERE  Array at file:/work/eschat/vendor/easyswoole/mysqli/src/Mysqli.php line:1511]
[2019-06-18 11:32:49][DEBUG][NOTICE] : [Array to string conversion at file:/work/eschat/vendor/easyswoole/mysqli/src/Mysqli.php line:1331]
[2019-06-18 11:32:49][DEBUG][ERROR] : [Unknown column 'Array' in 'where clause' query: SELECT  * FROM system_message WHERE  Array at file:/work/eschat/vendor/easyswoole/mysqli/src/Mysqli.php line:1511]
[2019-06-18 11:33:09][DEBUG][NOTICE] : [Undefined index: from_id at file:/work/eschat/App/HttpController/User.php line:354]
[2019-06-18 11:33:09][DEBUG][NOTICE] : [Undefined index: from_id at file:/work/eschat/App/HttpController/User.php line:354]
[2019-06-18 11:33:09][DEBUG][NOTICE] : [Undefined index: user_id at file:/work/eschat/App/HttpController/User.php line:360]
[2019-06-18 11:33:09][DEBUG][NOTICE] : [Undefined index: from_id at file:/work/eschat/App/HttpController/User.php line:361]
[2019-06-18 11:33:09][DEBUG][NOTICE] : [Undefined index: from_id at file:/work/eschat/App/HttpController/User.php line:365]
[2019-06-18 11:33:09][DEBUG][NOTICE] : [Undefined index: user_id at file:/work/eschat/App/HttpController/User.php line:366]
[2019-06-18 11:33:09][DEBUG][NOTICE] : [Undefined index: group_id at file:/work/eschat/App/HttpController/User.php line:367]
[2019-06-18 11:33:09][DEBUG][ERROR] : [Wrong operation at file:/work/eschat/vendor/easyswoole/mysqli/src/Mysqli.php line:1310]
[2019-06-18 11:33:29][DEBUG][NOTICE] : [Undefined index: from_id at file:/work/eschat/App/HttpController/User.php line:355]
[2019-06-18 11:33:29][DEBUG][NOTICE] : [Undefined index: from_id at file:/work/eschat/App/HttpController/User.php line:355]
[2019-06-18 11:33:29][DEBUG][NOTICE] : [Undefined index: user_id at file:/work/eschat/App/HttpController/User.php line:361]
[2019-06-18 11:33:29][DEBUG][NOTICE] : [Undefined index: from_id at file:/work/eschat/App/HttpController/User.php line:362]
[2019-06-18 11:33:29][DEBUG][NOTICE] : [Undefined index: from_id at file:/work/eschat/App/HttpController/User.php line:366]
[2019-06-18 11:33:29][DEBUG][NOTICE] : [Undefined index: user_id at file:/work/eschat/App/HttpController/User.php line:367]
[2019-06-18 11:33:29][DEBUG][NOTICE] : [Undefined index: group_id at file:/work/eschat/App/HttpController/User.php line:368]
[2019-06-18 11:33:29][DEBUG][ERROR] : [Wrong operation at file:/work/eschat/vendor/easyswoole/mysqli/src/Mysqli.php line:1310]
[2019-06-18 11:33:37][DEBUG][NOTICE] : [Undefined index: from_id at file:/work/eschat/App/HttpController/User.php line:355]
[2019-06-18 11:33:37][DEBUG][NOTICE] : [Undefined index: from_id at file:/work/eschat/App/HttpController/User.php line:355]
[2019-06-18 11:33:37][DEBUG][NOTICE] : [Undefined index: user_id at file:/work/eschat/App/HttpController/User.php line:361]
[2019-06-18 11:33:37][DEBUG][NOTICE] : [Undefined index: from_id at file:/work/eschat/App/HttpController/User.php line:362]
[2019-06-18 11:33:37][DEBUG][NOTICE] : [Undefined index: from_id at file:/work/eschat/App/HttpController/User.php line:366]
[2019-06-18 11:33:37][DEBUG][NOTICE] : [Undefined index: user_id at file:/work/eschat/App/HttpController/User.php line:367]
[2019-06-18 11:33:37][DEBUG][NOTICE] : [Undefined index: group_id at file:/work/eschat/App/HttpController/User.php line:368]
[2019-06-18 11:33:37][DEBUG][ERROR] : [Wrong operation at file:/work/eschat/vendor/easyswoole/mysqli/src/Mysqli.php line:1310]
[2019-06-18 11:33:56][DEBUG][NOTICE] : [Undefined index: from_id at file:/work/eschat/App/HttpController/User.php line:354]
[2019-06-18 11:33:56][DEBUG][NOTICE] : [Undefined index: from_id at file:/work/eschat/App/HttpController/User.php line:354]
[2019-06-18 11:33:56][DEBUG][NOTICE] : [Undefined index: user_id at file:/work/eschat/App/HttpController/User.php line:362]
[2019-06-18 11:33:56][DEBUG][NOTICE] : [Undefined index: from_id at file:/work/eschat/App/HttpController/User.php line:363]
[2019-06-18 11:33:56][DEBUG][NOTICE] : [Undefined index: from_id at file:/work/eschat/App/HttpController/User.php line:367]
[2019-06-18 11:33:56][DEBUG][NOTICE] : [Undefined index: user_id at file:/work/eschat/App/HttpController/User.php line:368]
[2019-06-18 11:33:56][DEBUG][NOTICE] : [Undefined index: group_id at file:/work/eschat/App/HttpController/User.php line:369]
[2019-06-18 11:33:56][DEBUG][ERROR] : [Wrong operation at file:/work/eschat/vendor/easyswoole/mysqli/src/Mysqli.php line:1310]
[2019-06-18 11:34:19][DEBUG][NOTICE] : [Undefined index: from_id at file:/work/eschat/App/HttpController/User.php line:354]
[2019-06-18 11:34:19][DEBUG][NOTICE] : [Undefined index: from_id at file:/work/eschat/App/HttpController/User.php line:354]
[2019-06-18 11:34:19][DEBUG][NOTICE] : [Undefined index: user_id at file:/work/eschat/App/HttpController/User.php line:362]
[2019-06-18 11:34:19][DEBUG][NOTICE] : [Undefined index: from_id at file:/work/eschat/App/HttpController/User.php line:363]
[2019-06-18 11:34:19][DEBUG][NOTICE] : [Undefined index: from_id at file:/work/eschat/App/HttpController/User.php line:367]
[2019-06-18 11:34:19][DEBUG][NOTICE] : [Undefined index: user_id at file:/work/eschat/App/HttpController/User.php line:368]
[2019-06-18 11:34:19][DEBUG][NOTICE] : [Undefined index: group_id at file:/work/eschat/App/HttpController/User.php line:369]
[2019-06-18 11:34:19][DEBUG][ERROR] : [Wrong operation at file:/work/eschat/vendor/easyswoole/mysqli/src/Mysqli.php line:1310]
[2019-06-18 11:34:34][DEBUG][NOTICE] : [Undefined index: from_id at file:/work/eschat/App/HttpController/User.php line:354]
[2019-06-18 11:34:34][DEBUG][NOTICE] : [Undefined index: from_id at file:/work/eschat/App/HttpController/User.php line:354]
[2019-06-18 11:34:34][DEBUG][NOTICE] : [Undefined index: user_id at file:/work/eschat/App/HttpController/User.php line:362]
[2019-06-18 11:34:34][DEBUG][NOTICE] : [Undefined index: from_id at file:/work/eschat/App/HttpController/User.php line:363]
[2019-06-18 11:34:34][DEBUG][NOTICE] : [Undefined index: from_id at file:/work/eschat/App/HttpController/User.php line:367]
[2019-06-18 11:34:34][DEBUG][NOTICE] : [Undefined index: user_id at file:/work/eschat/App/HttpController/User.php line:368]
[2019-06-18 11:34:34][DEBUG][NOTICE] : [Undefined index: group_id at file:/work/eschat/App/HttpController/User.php line:369]
[2019-06-18 11:34:34][DEBUG][ERROR] : [Wrong operation at file:/work/eschat/vendor/easyswoole/mysqli/src/Mysqli.php line:1310]
[2019-06-18 11:35:18][DEBUG][NOTICE] : [Undefined index: from_id at file:/work/eschat/App/HttpController/User.php line:354]
[2019-06-18 11:35:18][DEBUG][NOTICE] : [Undefined index: from_id at file:/work/eschat/App/HttpController/User.php line:354]
[2019-06-18 11:35:18][DEBUG][NOTICE] : [Undefined index: user_id at file:/work/eschat/App/HttpController/User.php line:362]
[2019-06-18 11:35:18][DEBUG][NOTICE] : [Undefined index: from_id at file:/work/eschat/App/HttpController/User.php line:363]
[2019-06-18 11:35:18][DEBUG][NOTICE] : [Undefined index: from_id at file:/work/eschat/App/HttpController/User.php line:367]
[2019-06-18 11:35:18][DEBUG][NOTICE] : [Undefined index: user_id at file:/work/eschat/App/HttpController/User.php line:368]
[2019-06-18 11:35:18][DEBUG][NOTICE] : [Undefined index: group_id at file:/work/eschat/App/HttpController/User.php line:369]
[2019-06-18 11:35:18][DEBUG][ERROR] : [Wrong operation at file:/work/eschat/vendor/easyswoole/mysqli/src/Mysqli.php line:1310]
[2019-06-18 11:35:41][DEBUG][NOTICE] : [Undefined index: from_id at file:/work/eschat/App/HttpController/User.php line:354]
[2019-06-18 11:35:41][DEBUG][NOTICE] : [Undefined index: from_id at file:/work/eschat/App/HttpController/User.php line:354]
[2019-06-18 11:35:41][DEBUG][NOTICE] : [Undefined index: user_id at file:/work/eschat/App/HttpController/User.php line:363]
[2019-06-18 11:35:41][DEBUG][NOTICE] : [Undefined index: from_id at file:/work/eschat/App/HttpController/User.php line:364]
[2019-06-18 11:35:41][DEBUG][NOTICE] : [Undefined index: from_id at file:/work/eschat/App/HttpController/User.php line:368]
[2019-06-18 11:35:41][DEBUG][NOTICE] : [Undefined index: user_id at file:/work/eschat/App/HttpController/User.php line:369]
[2019-06-18 11:35:41][DEBUG][NOTICE] : [Undefined index: group_id at file:/work/eschat/App/HttpController/User.php line:370]
[2019-06-18 11:35:41][DEBUG][ERROR] : [Wrong operation at file:/work/eschat/vendor/easyswoole/mysqli/src/Mysqli.php line:1310]
[2019-06-18 11:36:23][DEBUG][NOTICE] : [Undefined index: from_id at file:/work/eschat/App/HttpController/User.php line:354]
[2019-06-18 11:36:23][DEBUG][NOTICE] : [Undefined index: from_id at file:/work/eschat/App/HttpController/User.php line:354]
[2019-06-18 11:36:23][DEBUG][NOTICE] : [Undefined index: user_id at file:/work/eschat/App/HttpController/User.php line:363]
[2019-06-18 11:36:23][DEBUG][NOTICE] : [Undefined index: from_id at file:/work/eschat/App/HttpController/User.php line:364]
[2019-06-18 11:36:23][DEBUG][NOTICE] : [Undefined index: from_id at file:/work/eschat/App/HttpController/User.php line:368]
[2019-06-18 11:36:23][DEBUG][NOTICE] : [Undefined index: user_id at file:/work/eschat/App/HttpController/User.php line:369]
[2019-06-18 11:36:23][DEBUG][NOTICE] : [Undefined index: group_id at file:/work/eschat/App/HttpController/User.php line:370]
[2019-06-18 11:36:23][DEBUG][ERROR] : [Wrong operation at file:/work/eschat/vendor/easyswoole/mysqli/src/Mysqli.php line:1310]
[2019-06-18 11:36:34][DEBUG][NOTICE] : [Undefined index: from_id at file:/work/eschat/App/HttpController/User.php line:354]
[2019-06-18 11:36:34][DEBUG][NOTICE] : [Undefined index: from_id at file:/work/eschat/App/HttpController/User.php line:354]
[2019-06-18 11:36:34][DEBUG][NOTICE] : [Undefined index: user_id at file:/work/eschat/App/HttpController/User.php line:363]
[2019-06-18 11:36:34][DEBUG][NOTICE] : [Undefined index: from_id at file:/work/eschat/App/HttpController/User.php line:364]
[2019-06-18 11:36:34][DEBUG][NOTICE] : [Undefined index: from_id at file:/work/eschat/App/HttpController/User.php line:368]
[2019-06-18 11:36:34][DEBUG][NOTICE] : [Undefined index: user_id at file:/work/eschat/App/HttpController/User.php line:369]
[2019-06-18 11:36:34][DEBUG][NOTICE] : [Undefined index: group_id at file:/work/eschat/App/HttpController/User.php line:370]
[2019-06-18 11:36:34][DEBUG][ERROR] : [Wrong operation at file:/work/eschat/vendor/easyswoole/mysqli/src/Mysqli.php line:1310]
[2019-06-18 11:37:15][DEBUG][NOTICE] : [Undefined index: from_id at file:/work/eschat/App/HttpController/User.php line:354]
[2019-06-18 11:37:15][DEBUG][NOTICE] : [Undefined index: from_id at file:/work/eschat/App/HttpController/User.php line:354]
[2019-06-18 11:37:15][DEBUG][NOTICE] : [Undefined index: user_id at file:/work/eschat/App/HttpController/User.php line:363]
[2019-06-18 11:37:15][DEBUG][NOTICE] : [Undefined index: from_id at file:/work/eschat/App/HttpController/User.php line:364]
[2019-06-18 11:37:15][DEBUG][NOTICE] : [Undefined index: from_id at file:/work/eschat/App/HttpController/User.php line:368]
[2019-06-18 11:37:15][DEBUG][NOTICE] : [Undefined index: user_id at file:/work/eschat/App/HttpController/User.php line:369]
[2019-06-18 11:37:15][DEBUG][NOTICE] : [Undefined index: group_id at file:/work/eschat/App/HttpController/User.php line:370]
[2019-06-18 11:37:15][DEBUG][ERROR] : [Wrong operation at file:/work/eschat/vendor/easyswoole/mysqli/src/Mysqli.php line:1310]
[2019-06-18 11:37:38][DEBUG][NOTICE] : [Undefined index: from_id at file:/work/eschat/App/HttpController/User.php line:354]
[2019-06-18 11:37:38][DEBUG][NOTICE] : [Undefined index: from_id at file:/work/eschat/App/HttpController/User.php line:354]
[2019-06-18 11:37:38][DEBUG][NOTICE] : [Undefined index: user_id at file:/work/eschat/App/HttpController/User.php line:363]
[2019-06-18 11:37:38][DEBUG][NOTICE] : [Undefined index: from_id at file:/work/eschat/App/HttpController/User.php line:364]
[2019-06-18 11:37:38][DEBUG][NOTICE] : [Undefined index: from_id at file:/work/eschat/App/HttpController/User.php line:368]
[2019-06-18 11:37:38][DEBUG][NOTICE] : [Undefined index: user_id at file:/work/eschat/App/HttpController/User.php line:369]
[2019-06-18 11:37:38][DEBUG][NOTICE] : [Undefined index: group_id at file:/work/eschat/App/HttpController/User.php line:370]
[2019-06-18 11:37:38][DEBUG][ERROR] : [Wrong operation at file:/work/eschat/vendor/easyswoole/mysqli/src/Mysqli.php line:1310]
[2019-06-18 11:38:03][DEBUG][NOTICE] : [Undefined index: from_id at file:/work/eschat/App/HttpController/User.php line:354]
[2019-06-18 11:38:03][DEBUG][NOTICE] : [Undefined index: from_id at file:/work/eschat/App/HttpController/User.php line:354]
[2019-06-18 11:38:03][DEBUG][NOTICE] : [Undefined index: user_id at file:/work/eschat/App/HttpController/User.php line:363]
[2019-06-18 11:38:03][DEBUG][NOTICE] : [Undefined index: from_id at file:/work/eschat/App/HttpController/User.php line:364]
[2019-06-18 11:38:03][DEBUG][NOTICE] : [Undefined index: from_id at file:/work/eschat/App/HttpController/User.php line:368]
[2019-06-18 11:38:03][DEBUG][NOTICE] : [Undefined index: user_id at file:/work/eschat/App/HttpController/User.php line:369]
[2019-06-18 11:38:03][DEBUG][NOTICE] : [Undefined index: group_id at file:/work/eschat/App/HttpController/User.php line:370]
[2019-06-18 11:38:03][DEBUG][ERROR] : [Wrong operation at file:/work/eschat/vendor/easyswoole/mysqli/src/Mysqli.php line:1310]
[2019-06-18 11:38:15][DEBUG][NOTICE] : [Undefined index: from_id at file:/work/eschat/App/HttpController/User.php line:354]
[2019-06-18 11:38:15][DEBUG][NOTICE] : [Undefined index: from_id at file:/work/eschat/App/HttpController/User.php line:354]
[2019-06-18 11:38:15][DEBUG][NOTICE] : [Undefined index: user_id at file:/work/eschat/App/HttpController/User.php line:363]
[2019-06-18 11:38:15][DEBUG][NOTICE] : [Undefined index: from_id at file:/work/eschat/App/HttpController/User.php line:364]
[2019-06-18 11:38:15][DEBUG][NOTICE] : [Undefined index: from_id at file:/work/eschat/App/HttpController/User.php line:368]
[2019-06-18 11:38:15][DEBUG][NOTICE] : [Undefined index: user_id at file:/work/eschat/App/HttpController/User.php line:369]
[2019-06-18 11:38:15][DEBUG][NOTICE] : [Undefined index: group_id at file:/work/eschat/App/HttpController/User.php line:370]
[2019-06-18 11:38:15][DEBUG][ERROR] : [Wrong operation at file:/work/eschat/vendor/easyswoole/mysqli/src/Mysqli.php line:1310]
[2019-06-18 11:38:30][DEBUG][NOTICE] : [Undefined index: from_id at file:/work/eschat/App/HttpController/User.php line:354]
[2019-06-18 11:38:30][DEBUG][NOTICE] : [Undefined index: from_id at file:/work/eschat/App/HttpController/User.php line:354]
[2019-06-18 11:38:30][DEBUG][NOTICE] : [Undefined index: user_id at file:/work/eschat/App/HttpController/User.php line:363]
[2019-06-18 11:38:30][DEBUG][NOTICE] : [Undefined index: from_id at file:/work/eschat/App/HttpController/User.php line:364]
[2019-06-18 11:38:30][DEBUG][NOTICE] : [Undefined index: from_id at file:/work/eschat/App/HttpController/User.php line:368]
[2019-06-18 11:38:30][DEBUG][NOTICE] : [Undefined index: user_id at file:/work/eschat/App/HttpController/User.php line:369]
[2019-06-18 11:38:30][DEBUG][NOTICE] : [Undefined index: group_id at file:/work/eschat/App/HttpController/User.php line:370]
[2019-06-18 11:38:30][DEBUG][ERROR] : [Wrong operation at file:/work/eschat/vendor/easyswoole/mysqli/src/Mysqli.php line:1310]
[2019-06-18 11:38:39][DEBUG][NOTICE] : [Undefined index: from_id at file:/work/eschat/App/HttpController/User.php line:354]
[2019-06-18 11:38:39][DEBUG][NOTICE] : [Undefined index: from_id at file:/work/eschat/App/HttpController/User.php line:354]
[2019-06-18 11:38:39][DEBUG][NOTICE] : [Undefined index: user_id at file:/work/eschat/App/HttpController/User.php line:363]
[2019-06-18 11:38:39][DEBUG][NOTICE] : [Undefined index: from_id at file:/work/eschat/App/HttpController/User.php line:364]
[2019-06-18 11:38:39][DEBUG][NOTICE] : [Undefined index: from_id at file:/work/eschat/App/HttpController/User.php line:368]
[2019-06-18 11:38:39][DEBUG][NOTICE] : [Undefined index: user_id at file:/work/eschat/App/HttpController/User.php line:369]
[2019-06-18 11:38:39][DEBUG][NOTICE] : [Undefined index: group_id at file:/work/eschat/App/HttpController/User.php line:370]
[2019-06-18 11:38:39][DEBUG][ERROR] : [Wrong operation at file:/work/eschat/vendor/easyswoole/mysqli/src/Mysqli.php line:1310]
[2019-06-18 11:39:06][DEBUG][NOTICE] : [Undefined offset: 0 at file:/work/eschat/App/HttpController/User.php line:354]
[2019-06-18 11:39:06][DEBUG][NOTICE] : [Undefined offset: 0 at file:/work/eschat/App/HttpController/User.php line:354]
[2019-06-18 11:39:06][DEBUG][NOTICE] : [Undefined offset: 0 at file:/work/eschat/App/HttpController/User.php line:362]
[2019-06-18 11:39:06][DEBUG][NOTICE] : [Undefined offset: 0 at file:/work/eschat/App/HttpController/User.php line:363]
[2019-06-18 11:39:06][DEBUG][NOTICE] : [Undefined offset: 0 at file:/work/eschat/App/HttpController/User.php line:367]
[2019-06-18 11:39:06][DEBUG][NOTICE] : [Undefined offset: 0 at file:/work/eschat/App/HttpController/User.php line:368]
[2019-06-18 11:39:06][DEBUG][NOTICE] : [Undefined offset: 0 at file:/work/eschat/App/HttpController/User.php line:369]
[2019-06-18 11:39:27][DEBUG][NOTICE] : [Undefined offset: 0 at file:/work/eschat/App/HttpController/User.php line:354]
[2019-06-18 11:39:27][DEBUG][NOTICE] : [Undefined offset: 0 at file:/work/eschat/App/HttpController/User.php line:354]
[2019-06-18 11:39:27][DEBUG][NOTICE] : [Undefined offset: 0 at file:/work/eschat/App/HttpController/User.php line:362]
[2019-06-18 11:39:27][DEBUG][NOTICE] : [Undefined offset: 0 at file:/work/eschat/App/HttpController/User.php line:363]
[2019-06-18 11:39:27][DEBUG][NOTICE] : [Undefined offset: 0 at file:/work/eschat/App/HttpController/User.php line:367]
[2019-06-18 11:39:27][DEBUG][NOTICE] : [Undefined offset: 0 at file:/work/eschat/App/HttpController/User.php line:368]
[2019-06-18 11:39:27][DEBUG][NOTICE] : [Undefined offset: 0 at file:/work/eschat/App/HttpController/User.php line:369]
[2019-06-18 11:39:27][DEBUG][ERROR] : [Wrong operation at file:/work/eschat/vendor/easyswoole/mysqli/src/Mysqli.php line:1310]
[2019-06-18 11:40:10][DEBUG][NOTICE] : [Undefined offset: 0 at file:/work/eschat/App/HttpController/User.php line:354]
[2019-06-18 11:40:10][DEBUG][NOTICE] : [Undefined offset: 0 at file:/work/eschat/App/HttpController/User.php line:354]
[2019-06-18 11:40:10][DEBUG][NOTICE] : [Undefined offset: 0 at file:/work/eschat/App/HttpController/User.php line:362]
[2019-06-18 11:40:10][DEBUG][NOTICE] : [Undefined offset: 0 at file:/work/eschat/App/HttpController/User.php line:363]
[2019-06-18 11:40:10][DEBUG][NOTICE] : [Undefined offset: 0 at file:/work/eschat/App/HttpController/User.php line:367]
[2019-06-18 11:40:10][DEBUG][NOTICE] : [Undefined offset: 0 at file:/work/eschat/App/HttpController/User.php line:368]
[2019-06-18 11:40:10][DEBUG][NOTICE] : [Undefined offset: 0 at file:/work/eschat/App/HttpController/User.php line:369]
[2019-06-18 11:40:10][DEBUG][ERROR] : [Wrong operation at file:/work/eschat/vendor/easyswoole/mysqli/src/Mysqli.php line:1310]
[2019-06-18 11:40:28][DEBUG][NOTICE] : [Undefined offset: 0 at file:/work/eschat/App/HttpController/User.php line:354]
[2019-06-18 11:40:28][DEBUG][NOTICE] : [Undefined offset: 0 at file:/work/eschat/App/HttpController/User.php line:354]
[2019-06-18 11:40:28][DEBUG][NOTICE] : [Undefined offset: 0 at file:/work/eschat/App/HttpController/User.php line:362]
[2019-06-18 11:40:28][DEBUG][NOTICE] : [Undefined offset: 0 at file:/work/eschat/App/HttpController/User.php line:363]
[2019-06-18 11:40:28][DEBUG][NOTICE] : [Undefined offset: 0 at file:/work/eschat/App/HttpController/User.php line:367]
[2019-06-18 11:40:28][DEBUG][NOTICE] : [Undefined offset: 0 at file:/work/eschat/App/HttpController/User.php line:368]
[2019-06-18 11:40:28][DEBUG][NOTICE] : [Undefined offset: 0 at file:/work/eschat/App/HttpController/User.php line:369]
[2019-06-18 11:40:28][DEBUG][ERROR] : [Wrong operation at file:/work/eschat/vendor/easyswoole/mysqli/src/Mysqli.php line:1310]
[2019-06-18 11:41:55][DEBUG][ERROR] : [Wrong operation at file:/work/eschat/vendor/easyswoole/mysqli/src/Mysqli.php line:1310]
[2019-06-18 11:42:26][DEBUG][ERROR] : [Wrong operation at file:/work/eschat/vendor/easyswoole/mysqli/src/Mysqli.php line:1310]
[2019-06-18 11:43:12][DEBUG][NOTICE] : [Undefined index: avatar at file:/work/eschat/App/HttpController/User.php line:382]
[2019-06-18 11:43:12][DEBUG][NOTICE] : [Undefined index: nickname at file:/work/eschat/App/HttpController/User.php line:383]
[2019-06-18 11:43:12][DEBUG][NOTICE] : [Undefined index: id at file:/work/eschat/App/HttpController/User.php line:385]
[2019-06-18 11:43:12][DEBUG][NOTICE] : [Undefined index: sign at file:/work/eschat/App/HttpController/User.php line:386]
[2019-06-18 11:58:04][DEBUG][NOTICE] : [Undefined index: id at file:/work/eschat/App/HttpController/User.php line:409]
[2019-06-18 11:58:52][DEBUG][ERROR] : [Call to undefined method App\Utility\Pool\MysqlObject::writeJson() at file:/work/eschat/App/HttpController/User.php line:422]
[2019-06-18 11:59:07][DEBUG][ERROR] : [Call to undefined method App\Utility\Pool\MysqlObject::writeJson() at file:/work/eschat/App/HttpController/User.php line:422]
[2019-06-18 12:11:30][DEBUG][NOTICE] : [Undefined variable: count at file:/work/eschat/App/HttpController/User.php line:248]
[2019-06-18 12:11:30][DEBUG][NOTICE] : [Undefined variable: count at file:/work/eschat/App/HttpController/User.php line:248]
[2019-06-18 12:11:32][DEBUG][NOTICE] : [Undefined variable: count at file:/work/eschat/App/HttpController/User.php line:248]
[2019-06-18 12:11:33][DEBUG][NOTICE] : [Undefined variable: count at file:/work/eschat/App/HttpController/User.php line:248]
[2019-06-18 16:34:07][DEBUG][NOTICE] : [Trying to get property 'token' of non-object at file:/work/eschat/App/WebSocket/WebSocketEvents.php line:28]
[2019-06-18 17:20:49][DEBUG][NOTICE] : [Trying to get property 'friend_id' of non-object at file:/work/eschat/App/WebSocket/WebSocketEvents.php line:68]
[2019-06-18 17:20:49][DEBUG][WARNING] : [Swoole\WebSocket\Server::push(): fd[0] is invalid at file:/work/eschat/App/WebSocket/WebSocketEvents.php line:70]
[2019-06-18 17:20:49][DEBUG][NOTICE] : [Trying to get property 'friend_id' of non-object at file:/work/eschat/App/WebSocket/WebSocketEvents.php line:68]
[2019-06-18 17:20:49][DEBUG][WARNING] : [Swoole\WebSocket\Server::push(): fd[0] is invalid at file:/work/eschat/App/WebSocket/WebSocketEvents.php line:70]
[2019-06-18 17:22:06][DEBUG][NOTICE] : [Trying to get property 'friend_id' of non-object at file:/work/eschat/App/WebSocket/WebSocketEvents.php line:68]
[2019-06-18 17:22:06][DEBUG][WARNING] : [Swoole\WebSocket\Server::push(): fd[0] is invalid at file:/work/eschat/App/WebSocket/WebSocketEvents.php line:70]
[2019-06-18 17:22:06][DEBUG][NOTICE] : [Trying to get property 'friend_id' of non-object at file:/work/eschat/App/WebSocket/WebSocketEvents.php line:68]
[2019-06-18 17:22:06][DEBUG][WARNING] : [Swoole\WebSocket\Server::push(): fd[0] is invalid at file:/work/eschat/App/WebSocket/WebSocketEvents.php line:70]
[2019-06-18 17:22:48][DEBUG][NOTICE] : [Trying to get property 'friend_id' of non-object at file:/work/eschat/App/WebSocket/WebSocketEvents.php line:68]
[2019-06-18 17:22:48][DEBUG][WARNING] : [Swoole\WebSocket\Server::push(): fd[0] is invalid at file:/work/eschat/App/WebSocket/WebSocketEvents.php line:70]
[2019-06-18 17:22:48][DEBUG][NOTICE] : [Trying to get property 'friend_id' of non-object at file:/work/eschat/App/WebSocket/WebSocketEvents.php line:68]
[2019-06-18 17:22:48][DEBUG][WARNING] : [Swoole\WebSocket\Server::push(): fd[0] is invalid at file:/work/eschat/App/WebSocket/WebSocketEvents.php line:70]
[2019-06-18 17:23:18][DEBUG][NOTICE] : [Trying to get property 'friend_id' of non-object at file:/work/eschat/App/WebSocket/WebSocketEvents.php line:68]
[2019-06-18 17:23:18][DEBUG][WARNING] : [Swoole\WebSocket\Server::push(): fd[0] is invalid at file:/work/eschat/App/WebSocket/WebSocketEvents.php line:70]
[2019-06-18 17:23:18][DEBUG][NOTICE] : [Trying to get property 'friend_id' of non-object at file:/work/eschat/App/WebSocket/WebSocketEvents.php line:68]
[2019-06-18 17:23:18][DEBUG][WARNING] : [Swoole\WebSocket\Server::push(): fd[0] is invalid at file:/work/eschat/App/WebSocket/WebSocketEvents.php line:70]
[2019-06-18 17:25:01][DEBUG][NOTICE] : [Trying to get property 'friend_id' of non-object at file:/work/eschat/App/WebSocket/WebSocketEvents.php line:68]
[2019-06-18 17:25:01][DEBUG][WARNING] : [Swoole\WebSocket\Server::push(): fd[0] is invalid at file:/work/eschat/App/WebSocket/WebSocketEvents.php line:70]
[2019-06-18 17:25:01][DEBUG][NOTICE] : [Trying to get property 'friend_id' of non-object at file:/work/eschat/App/WebSocket/WebSocketEvents.php line:68]
[2019-06-18 17:25:01][DEBUG][WARNING] : [Swoole\WebSocket\Server::push(): fd[0] is invalid at file:/work/eschat/App/WebSocket/WebSocketEvents.php line:70]
[2019-06-18 17:25:22][DEBUG][NOTICE] : [Trying to get property 'friend_id' of non-object at file:/work/eschat/App/WebSocket/WebSocketEvents.php line:68]
[2019-06-18 17:25:22][DEBUG][WARNING] : [Swoole\WebSocket\Server::push(): fd[0] is invalid at file:/work/eschat/App/WebSocket/WebSocketEvents.php line:70]
[2019-06-18 17:25:22][DEBUG][NOTICE] : [Trying to get property 'friend_id' of non-object at file:/work/eschat/App/WebSocket/WebSocketEvents.php line:68]
[2019-06-18 17:25:22][DEBUG][WARNING] : [Swoole\WebSocket\Server::push(): fd[0] is invalid at file:/work/eschat/App/WebSocket/WebSocketEvents.php line:70]
[2019-06-18 17:26:14][DEBUG][WARNING] : [Swoole\WebSocket\Server::push(): fd[0] is invalid at file:/work/eschat/App/WebSocket/WebSocketEvents.php line:70]
[2019-06-18 17:26:14][DEBUG][WARNING] : [Swoole\WebSocket\Server::push(): fd[0] is invalid at file:/work/eschat/App/WebSocket/WebSocketEvents.php line:70]
[2019-06-18 17:27:56][DEBUG][WARNING] : [Swoole\WebSocket\Server::push(): fd[0] is invalid at file:/work/eschat/App/WebSocket/WebSocketEvents.php line:70]
[2019-06-18 17:27:56][DEBUG][WARNING] : [Swoole\WebSocket\Server::push(): fd[0] is invalid at file:/work/eschat/App/WebSocket/WebSocketEvents.php line:70]
[2019-06-18 17:38:33][DEBUG][NOTICE] : [listen /work/eschat/Temp/EasySwoole.FastCacheProcess.0.sock fail at file:/work/eschat/vendor/easyswoole/fast-cache/src/CacheProcess.php line:93]
[2019-06-18 17:38:33][DEBUG][NOTICE] : [listen /work/eschat/Temp/EasySwoole.FastCacheProcess.2.sock fail at file:/work/eschat/vendor/easyswoole/fast-cache/src/CacheProcess.php line:93]
[2019-06-18 17:38:33][DEBUG][NOTICE] : [listen /work/eschat/Temp/EasySwoole.FastCacheProcess.1.sock fail at file:/work/eschat/vendor/easyswoole/fast-cache/src/CacheProcess.php line:93]
[2019-06-18 17:39:15][DEBUG][NOTICE] : [listen /work/eschat/Temp/EasySwoole.FastCacheProcess.0.sock fail at file:/work/eschat/vendor/easyswoole/fast-cache/src/CacheProcess.php line:93]
[2019-06-18 17:39:15][DEBUG][NOTICE] : [listen /work/eschat/Temp/EasySwoole.FastCacheProcess.1.sock fail at file:/work/eschat/vendor/easyswoole/fast-cache/src/CacheProcess.php line:93]
[2019-06-18 17:39:15][DEBUG][NOTICE] : [listen /work/eschat/Temp/EasySwoole.FastCacheProcess.2.sock fail at file:/work/eschat/vendor/easyswoole/fast-cache/src/CacheProcess.php line:93]
[2019-06-18 17:39:42][DEBUG][NOTICE] : [listen /work/eschat/Temp/EasySwoole.FastCacheProcess.0.sock fail at file:/work/eschat/vendor/easyswoole/fast-cache/src/CacheProcess.php line:93]
[2019-06-18 17:39:42][DEBUG][NOTICE] : [listen /work/eschat/Temp/EasySwoole.FastCacheProcess.2.sock fail at file:/work/eschat/vendor/easyswoole/fast-cache/src/CacheProcess.php line:93]
[2019-06-18 17:39:42][DEBUG][NOTICE] : [listen /work/eschat/Temp/EasySwoole.FastCacheProcess.1.sock fail at file:/work/eschat/vendor/easyswoole/fast-cache/src/CacheProcess.php line:93]
[2019-06-18 17:40:04][DEBUG][NOTICE] : [listen /work/eschat/Temp/EasySwoole.FastCacheProcess.0.sock fail at file:/work/eschat/vendor/easyswoole/fast-cache/src/CacheProcess.php line:93]
[2019-06-18 17:40:04][DEBUG][NOTICE] : [listen /work/eschat/Temp/EasySwoole.FastCacheProcess.1.sock fail at file:/work/eschat/vendor/easyswoole/fast-cache/src/CacheProcess.php line:93]
[2019-06-18 17:40:04][DEBUG][NOTICE] : [listen /work/eschat/Temp/EasySwoole.FastCacheProcess.2.sock fail at file:/work/eschat/vendor/easyswoole/fast-cache/src/CacheProcess.php line:93]
[2019-06-18 17:46:54][DEBUG][NOTICE] : [listen /work/eschat/Temp/EasySwoole.FastCacheProcess.0.sock fail at file:/work/eschat/vendor/easyswoole/fast-cache/src/CacheProcess.php line:93]
[2019-06-18 17:46:54][DEBUG][NOTICE] : [listen /work/eschat/Temp/EasySwoole.FastCacheProcess.1.sock fail at file:/work/eschat/vendor/easyswoole/fast-cache/src/CacheProcess.php line:93]
[2019-06-18 17:46:54][DEBUG][NOTICE] : [listen /work/eschat/Temp/EasySwoole.FastCacheProcess.2.sock fail at file:/work/eschat/vendor/easyswoole/fast-cache/src/CacheProcess.php line:93]
[2019-06-18 17:51:57][DEBUG][NOTICE] : [listen /work/eschat/Temp/EasySwoole.FastCacheProcess.0.sock fail at file:/work/eschat/vendor/easyswoole/fast-cache/src/CacheProcess.php line:93]
[2019-06-18 17:51:57][DEBUG][NOTICE] : [listen /work/eschat/Temp/EasySwoole.FastCacheProcess.1.sock fail at file:/work/eschat/vendor/easyswoole/fast-cache/src/CacheProcess.php line:93]
[2019-06-18 17:51:57][DEBUG][NOTICE] : [listen /work/eschat/Temp/EasySwoole.FastCacheProcess.2.sock fail at file:/work/eschat/vendor/easyswoole/fast-cache/src/CacheProcess.php line:93]
[2019-06-18 17:52:41][DEBUG][NOTICE] : [Undefined index: token at file:/work/eschat/App/WebSocket/WebSocketEvents.php line:30]
[2019-06-18 17:52:54][DEBUG][NOTICE] : [Undefined index: token at file:/work/eschat/App/WebSocket/WebSocketEvents.php line:30]
[2019-06-18 17:52:56][DEBUG][NOTICE] : [Undefined variable: count at file:/work/eschat/App/HttpController/User.php line:248]
[2019-06-18 17:52:57][DEBUG][NOTICE] : [Undefined variable: count at file:/work/eschat/App/HttpController/User.php line:248]
[2019-06-18 18:25:31][DEBUG][NOTICE] : [Trying to get property 'friend_id' of non-object at file:/work/eschat/App/WebSocket/WebSocketEvents.php line:112]
[2019-06-18 18:25:31][DEBUG][NOTICE] : [Trying to get property 'friend_id' of non-object at file:/work/eschat/App/WebSocket/WebSocketEvents.php line:112]
[2019-06-19 10:21:36][DEBUG][NOTICE] : [Undefined index: token at file:/work/eschat/App/WebSocket/Index.php line:32]
[2019-06-19 10:33:36][DEBUG][NOTICE] : [Undefined index: token at file:/work/eschat/App/WebSocket/Index.php line:33]
[2019-06-19 10:33:51][DEBUG][NOTICE] : [Undefined index: content at file:/work/eschat/App/WebSocket/Index.php line:50]
[2019-06-19 10:35:11][DEBUG][NOTICE] : [Undefined variable: count at file:/work/eschat/App/HttpController/User.php line:248]
[2019-06-19 10:35:11][DEBUG][NOTICE] : [Undefined variable: count at file:/work/eschat/App/HttpController/User.php line:248]
[2019-06-19 10:44:30][DEBUG][NOTICE] : [Undefined property: App\Utility\Pool\MysqlObject::$getLastQuery at file:/work/eschat/App/WebSocket/WebSocketEvents.php line:83]
[2019-06-19 10:44:56][DEBUG][NOTICE] : [Undefined index: content at file:/work/eschat/App/WebSocket/Index.php line:50]
[2019-06-19 10:45:02][DEBUG][NOTICE] : [Undefined property: App\Utility\Pool\MysqlObject::$getLastQuery at file:/work/eschat/App/WebSocket/WebSocketEvents.php line:83]
[2019-06-19 10:45:05][DEBUG][NOTICE] : [Undefined index: content at file:/work/eschat/App/WebSocket/Index.php line:50]
[2019-06-19 10:45:18][DEBUG][NOTICE] : [Undefined variable: count at file:/work/eschat/App/HttpController/User.php line:248]
[2019-06-19 10:45:18][DEBUG][NOTICE] : [Undefined variable: count at file:/work/eschat/App/HttpController/User.php line:248]
[2019-06-19 10:45:21][DEBUG][NOTICE] : [Undefined index: content at file:/work/eschat/App/WebSocket/Index.php line:50]
[2019-06-19 10:45:22][DEBUG][NOTICE] : [Undefined variable: count at file:/work/eschat/App/HttpController/User.php line:248]
[2019-06-19 10:45:22][DEBUG][NOTICE] : [Undefined variable: count at file:/work/eschat/App/HttpController/User.php line:248]
[2019-06-19 10:45:28][DEBUG][NOTICE] : [Undefined index: content at file:/work/eschat/App/WebSocket/Index.php line:50]
[2019-06-19 10:45:37][DEBUG][NOTICE] : [Undefined index: content at file:/work/eschat/App/WebSocket/Index.php line:50]
[2019-06-19 10:45:46][DEBUG][NOTICE] : [Undefined property: App\Utility\Pool\MysqlObject::$getLastQuery at file:/work/eschat/App/WebSocket/WebSocketEvents.php line:83]
[2019-06-19 10:45:46][DEBUG][NOTICE] : [Undefined property: App\Utility\Pool\MysqlObject::$getLastQuery at file:/work/eschat/App/WebSocket/WebSocketEvents.php line:83]
[2019-06-19 10:45:46][DEBUG][NOTICE] : [Undefined property: App\Utility\Pool\MysqlObject::$getLastQuery at file:/work/eschat/App/WebSocket/WebSocketEvents.php line:83]
[2019-06-19 10:45:46][DEBUG][NOTICE] : [Undefined property: App\Utility\Pool\MysqlObject::$getLastQuery at file:/work/eschat/App/WebSocket/WebSocketEvents.php line:83]
[2019-06-19 10:45:54][DEBUG][NOTICE] : [Undefined index: content at file:/work/eschat/App/WebSocket/Index.php line:50]
[2019-06-19 10:48:44][DEBUG][NOTICE] : [Undefined index: content at file:/work/eschat/App/WebSocket/Index.php line:50]
[2019-06-19 10:48:50][DEBUG][NOTICE] : [Undefined index: content at file:/work/eschat/App/WebSocket/Index.php line:50]
[2019-06-19 10:48:59][DEBUG][NOTICE] : [Undefined index: content at file:/work/eschat/App/WebSocket/Index.php line:50]
[2019-06-19 10:49:13][DEBUG][NOTICE] : [Undefined index: content at file:/work/eschat/App/WebSocket/Index.php line:50]
[2019-06-19 10:49:37][DEBUG][NOTICE] : [Undefined variable: count at file:/work/eschat/App/HttpController/User.php line:248]
[2019-06-19 10:49:38][DEBUG][NOTICE] : [Undefined variable: count at file:/work/eschat/App/HttpController/User.php line:248]
[2019-06-19 10:49:46][DEBUG][NOTICE] : [Undefined index: content at file:/work/eschat/App/WebSocket/Index.php line:50]
[2019-06-19 10:51:09][DEBUG][WARNING] : [Swoole\WebSocket\Server::push(): the connected client of connection[3] is not a websocket client or closed at file:/work/eschat/App/WebSocket/Index.php line:73]
[2019-06-19 10:51:10][DEBUG][WARNING] : [Swoole\WebSocket\Server::push(): the connected client of connection[3] is not a websocket client or closed at file:/work/eschat/App/WebSocket/Index.php line:73]
[2019-06-19 10:52:07][DEBUG][WARNING] : [Swoole\WebSocket\Server::push(): the connected client of connection[32] is not a websocket client or closed at file:/work/eschat/App/WebSocket/WebSocketEvents.php line:109]
[2019-06-19 10:52:08][DEBUG][WARNING] : [Swoole\WebSocket\Server::push(): the connected client of connection[32] is not a websocket client or closed at file:/work/eschat/App/WebSocket/WebSocketEvents.php line:67]
[2019-06-19 10:52:10][DEBUG][WARNING] : [Swoole\WebSocket\Server::push(): the connected client of connection[32] is not a websocket client or closed at file:/work/eschat/App/WebSocket/Index.php line:73]
[2019-06-19 10:52:11][DEBUG][WARNING] : [Swoole\WebSocket\Server::push(): the connected client of connection[32] is not a websocket client or closed at file:/work/eschat/App/WebSocket/Index.php line:73]
[2019-06-19 10:55:48][DEBUG][WARNING] : [Swoole\WebSocket\Server::push(): the connected client of connection[16] is not a websocket client or closed at file:/work/eschat/App/WebSocket/WebSocketEvents.php line:110]
[2019-06-19 10:55:48][DEBUG][WARNING] : [Swoole\WebSocket\Server::push(): the connected client of connection[16] is not a websocket client or closed at file:/work/eschat/App/WebSocket/WebSocketEvents.php line:67]
[2019-06-19 10:55:51][DEBUG][WARNING] : [Swoole\WebSocket\Server::push(): the connected client of connection[16] is not a websocket client or closed at file:/work/eschat/App/WebSocket/Index.php line:73]
[2019-06-19 10:56:01][DEBUG][WARNING] : [Swoole\WebSocket\Server::push(): the connected client of connection[16] is not a websocket client or closed at file:/work/eschat/App/WebSocket/Index.php line:73]
[2019-06-19 10:56:09][DEBUG][WARNING] : [Swoole\WebSocket\Server::push(): the connected client of connection[16] is not a websocket client or closed at file:/work/eschat/App/WebSocket/Index.php line:73]
[2019-06-19 11:13:15][DEBUG][NOTICE] : [Serialization of closure failed: Serialization of 'Swoole\WebSocket\Server' is not allowed at file:/work/eschat/vendor/jeremeamia/superclosure/src/SerializableClosure.php line:116]
[2019-06-19 11:13:15][DEBUG][WARNING] : [call_user_func() expects parameter 1 to be a valid callback, no array or string given at file:/work/eschat/vendor/easyswoole/easyswoole/src/Swoole/Task/SuperClosure.php line:40]
[2019-06-19 11:13:15][DEBUG][ERROR] : [Uncaught SuperClosure\Exception\ClosureUnserializationException: The closure did not unserialize to a SuperClosure. in /work/eschat/vendor/jeremeamia/superclosure/src/Serializer.php:110
Stack trace:
#0 /work/eschat/vendor/easyswoole/easyswoole/src/Swoole/Task/SuperClosure.php(33): SuperClosure\Serializer->unserialize('N;')
#1 [internal function]: EasySwoole\EasySwoole\Swoole\Task\SuperClosure->__wakeup()
#2 /work/eschat/vendor/easyswoole/easyswoole/src/ServerManager.php(114): Swoole\Server->start()
#3 /work/eschat/vendor/easyswoole/easyswoole/src/Core.php(134): EasySwoole\EasySwoole\ServerManager->start()
#4 /work/eschat/vendor/easyswoole/easyswoole/src/Command/DefaultCommand/Start.php(102): EasySwoole\EasySwoole\Core->start()
#5 /work/eschat/vendor/easyswoole/easyswoole/src/Command/CommandContainer.php(44): EasySwoole\EasySwoole\Command\DefaultCommand\Start->exec(Array)
#6 /work/eschat/vendor/easyswoole/easyswoole/src/Command/CommandRunner.php(52): EasySwoole\EasySwoole\Command\CommandContainer->hook('start' at file:/work/eschat/vendor/jeremeamia/superclosure/src/Serializer.php line:110]
[2019-06-19 11:13:21][DEBUG][NOTICE] : [Undefined index: type at file:/work/eschat/App/HttpController/User.php line:71]
[2019-06-19 11:13:21][DEBUG][NOTICE] : [Undefined index: wd at file:/work/eschat/App/HttpController/User.php line:72]
[2019-06-19 11:13:28][DEBUG][NOTICE] : [Trying to get property 'avatar' of non-object at file:/work/eschat/App/HttpController/User.php line:122]
[2019-06-19 11:13:28][DEBUG][NOTICE] : [Trying to get property 'groupname' of non-object at file:/work/eschat/App/HttpController/User.php line:123]
[2019-06-19 11:13:28][DEBUG][NOTICE] : [Trying to get property 'id' of non-object at file:/work/eschat/App/HttpController/User.php line:124]
[2019-06-19 11:13:36][DEBUG][NOTICE] : [Undefined index: type at file:/work/eschat/App/HttpController/User.php line:71]
[2019-06-19 11:13:36][DEBUG][NOTICE] : [Undefined index: wd at file:/work/eschat/App/HttpController/User.php line:72]
[2019-06-19 11:13:43][DEBUG][NOTICE] : [Trying to get property 'avatar' of non-object at file:/work/eschat/App/HttpController/User.php line:122]
[2019-06-19 11:13:43][DEBUG][NOTICE] : [Trying to get property 'groupname' of non-object at file:/work/eschat/App/HttpController/User.php line:123]
[2019-06-19 11:13:43][DEBUG][NOTICE] : [Trying to get property 'id' of non-object at file:/work/eschat/App/HttpController/User.php line:124]
[2019-06-19 11:13:50][DEBUG][NOTICE] : [Serialization of closure failed: Serialization of 'Swoole\WebSocket\Server' is not allowed at file:/work/eschat/vendor/jeremeamia/superclosure/src/SerializableClosure.php line:116]
[2019-06-19 11:13:50][DEBUG][WARNING] : [call_user_func() expects parameter 1 to be a valid callback, no array or string given at file:/work/eschat/vendor/easyswoole/easyswoole/src/Swoole/Task/SuperClosure.php line:40]
[2019-06-19 11:13:50][DEBUG][ERROR] : [Uncaught SuperClosure\Exception\ClosureUnserializationException: The closure did not unserialize to a SuperClosure. in /work/eschat/vendor/jeremeamia/superclosure/src/Serializer.php:110
Stack trace:
#0 /work/eschat/vendor/easyswoole/easyswoole/src/Swoole/Task/SuperClosure.php(33): SuperClosure\Serializer->unserialize('N;')
#1 [internal function]: EasySwoole\EasySwoole\Swoole\Task\SuperClosure->__wakeup()
#2 /work/eschat/vendor/easyswoole/easyswoole/src/ServerManager.php(114): Swoole\Server->start()
#3 /work/eschat/vendor/easyswoole/easyswoole/src/Core.php(134): EasySwoole\EasySwoole\ServerManager->start()
#4 /work/eschat/vendor/easyswoole/easyswoole/src/Command/DefaultCommand/Start.php(102): EasySwoole\EasySwoole\Core->start()
#5 /work/eschat/vendor/easyswoole/easyswoole/src/Command/CommandContainer.php(44): EasySwoole\EasySwoole\Command\DefaultCommand\Start->exec(Array)
#6 /work/eschat/vendor/easyswoole/easyswoole/src/Command/CommandRunner.php(52): EasySwoole\EasySwoole\Command\CommandContainer->hook('start' at file:/work/eschat/vendor/jeremeamia/superclosure/src/Serializer.php line:110]
[2019-06-19 11:13:56][DEBUG][NOTICE] : [Undefined index: type at file:/work/eschat/App/HttpController/User.php line:71]
[2019-06-19 11:13:56][DEBUG][NOTICE] : [Undefined index: wd at file:/work/eschat/App/HttpController/User.php line:72]
[2019-06-19 11:14:01][DEBUG][NOTICE] : [Trying to get property 'avatar' of non-object at file:/work/eschat/App/HttpController/User.php line:122]
[2019-06-19 11:14:01][DEBUG][NOTICE] : [Trying to get property 'groupname' of non-object at file:/work/eschat/App/HttpController/User.php line:123]
[2019-06-19 11:14:01][DEBUG][NOTICE] : [Trying to get property 'id' of non-object at file:/work/eschat/App/HttpController/User.php line:124]
[2019-06-19 11:14:09][DEBUG][NOTICE] : [Serialization of closure failed: Serialization of 'Swoole\WebSocket\Server' is not allowed at file:/work/eschat/vendor/jeremeamia/superclosure/src/SerializableClosure.php line:116]
[2019-06-19 11:14:09][DEBUG][WARNING] : [call_user_func() expects parameter 1 to be a valid callback, no array or string given at file:/work/eschat/vendor/easyswoole/easyswoole/src/Swoole/Task/SuperClosure.php line:40]
[2019-06-19 11:14:09][DEBUG][ERROR] : [Uncaught SuperClosure\Exception\ClosureUnserializationException: The closure did not unserialize to a SuperClosure. in /work/eschat/vendor/jeremeamia/superclosure/src/Serializer.php:110
Stack trace:
#0 /work/eschat/vendor/easyswoole/easyswoole/src/Swoole/Task/SuperClosure.php(33): SuperClosure\Serializer->unserialize('N;')
#1 [internal function]: EasySwoole\EasySwoole\Swoole\Task\SuperClosure->__wakeup()
#2 /work/eschat/vendor/easyswoole/easyswoole/src/ServerManager.php(114): Swoole\Server->start()
#3 /work/eschat/vendor/easyswoole/easyswoole/src/Core.php(134): EasySwoole\EasySwoole\ServerManager->start()
#4 /work/eschat/vendor/easyswoole/easyswoole/src/Command/DefaultCommand/Start.php(102): EasySwoole\EasySwoole\Core->start()
#5 /work/eschat/vendor/easyswoole/easyswoole/src/Command/CommandContainer.php(44): EasySwoole\EasySwoole\Command\DefaultCommand\Start->exec(Array)
#6 /work/eschat/vendor/easyswoole/easyswoole/src/Command/CommandRunner.php(52): EasySwoole\EasySwoole\Command\CommandContainer->hook('start' at file:/work/eschat/vendor/jeremeamia/superclosure/src/Serializer.php line:110]
[2019-06-19 11:15:43][DEBUG][NOTICE] : [Serialization of closure failed: Serialization of 'Swoole\WebSocket\Server' is not allowed at file:/work/eschat/vendor/jeremeamia/superclosure/src/SerializableClosure.php line:116]
[2019-06-19 11:15:43][DEBUG][WARNING] : [call_user_func() expects parameter 1 to be a valid callback, no array or string given at file:/work/eschat/vendor/easyswoole/easyswoole/src/Swoole/Task/SuperClosure.php line:40]
[2019-06-19 11:15:43][DEBUG][ERROR] : [Uncaught SuperClosure\Exception\ClosureUnserializationException: The closure did not unserialize to a SuperClosure. in /work/eschat/vendor/jeremeamia/superclosure/src/Serializer.php:110
Stack trace:
#0 /work/eschat/vendor/easyswoole/easyswoole/src/Swoole/Task/SuperClosure.php(33): SuperClosure\Serializer->unserialize('N;')
#1 [internal function]: EasySwoole\EasySwoole\Swoole\Task\SuperClosure->__wakeup()
#2 /work/eschat/vendor/easyswoole/easyswoole/src/ServerManager.php(114): Swoole\Server->start()
#3 /work/eschat/vendor/easyswoole/easyswoole/src/Core.php(134): EasySwoole\EasySwoole\ServerManager->start()
#4 /work/eschat/vendor/easyswoole/easyswoole/src/Command/DefaultCommand/Start.php(102): EasySwoole\EasySwoole\Core->start()
#5 /work/eschat/vendor/easyswoole/easyswoole/src/Command/CommandContainer.php(44): EasySwoole\EasySwoole\Command\DefaultCommand\Start->exec(Array)
#6 /work/eschat/vendor/easyswoole/easyswoole/src/Command/CommandRunner.php(52): EasySwoole\EasySwoole\Command\CommandContainer->hook('start' at file:/work/eschat/vendor/jeremeamia/superclosure/src/Serializer.php line:110]
[2019-06-19 11:18:21][DEBUG][NOTICE] : [Serialization of closure failed: Serialization of 'Swoole\WebSocket\Server' is not allowed at file:/work/eschat/vendor/jeremeamia/superclosure/src/SerializableClosure.php line:116]
[2019-06-19 11:18:21][DEBUG][WARNING] : [call_user_func() expects parameter 1 to be a valid callback, no array or string given at file:/work/eschat/vendor/easyswoole/easyswoole/src/Swoole/Task/SuperClosure.php line:40]
[2019-06-19 11:18:21][DEBUG][ERROR] : [Uncaught SuperClosure\Exception\ClosureUnserializationException: The closure did not unserialize to a SuperClosure. in /work/eschat/vendor/jeremeamia/superclosure/src/Serializer.php:110
Stack trace:
#0 /work/eschat/vendor/easyswoole/easyswoole/src/Swoole/Task/SuperClosure.php(33): SuperClosure\Serializer->unserialize('N;')
#1 [internal function]: EasySwoole\EasySwoole\Swoole\Task\SuperClosure->__wakeup()
#2 /work/eschat/vendor/easyswoole/easyswoole/src/ServerManager.php(114): Swoole\Server->start()
#3 /work/eschat/vendor/easyswoole/easyswoole/src/Core.php(134): EasySwoole\EasySwoole\ServerManager->start()
#4 /work/eschat/vendor/easyswoole/easyswoole/src/Command/DefaultCommand/Start.php(102): EasySwoole\EasySwoole\Core->start()
#5 /work/eschat/vendor/easyswoole/easyswoole/src/Command/CommandContainer.php(44): EasySwoole\EasySwoole\Command\DefaultCommand\Start->exec(Array)
#6 /work/eschat/vendor/easyswoole/easyswoole/src/Command/CommandRunner.php(52): EasySwoole\EasySwoole\Command\CommandContainer->hook('start' at file:/work/eschat/vendor/jeremeamia/superclosure/src/Serializer.php line:110]
[2019-06-19 11:18:55][DEBUG][NOTICE] : [Trying to get property 'id' of non-object at file:/work/eschat/App/WebSocket/Index.php line:110]
[2019-06-19 11:18:55][DEBUG][NOTICE] : [Trying to get property 'id' of non-object at file:/work/eschat/App/WebSocket/Index.php line:114]
[2019-06-19 11:22:25][DEBUG][NOTICE] : [Serialization of closure failed: Serialization of 'Swoole\Coroutine\MySQL' is not allowed at file:/work/eschat/vendor/jeremeamia/superclosure/src/SerializableClosure.php line:116]
[2019-06-19 11:22:25][DEBUG][WARNING] : [call_user_func() expects parameter 1 to be a valid callback, no array or string given at file:/work/eschat/vendor/easyswoole/easyswoole/src/Swoole/Task/SuperClosure.php line:40]
[2019-06-19 11:22:25][DEBUG][ERROR] : [Uncaught SuperClosure\Exception\ClosureUnserializationException: The closure did not unserialize to a SuperClosure. in /work/eschat/vendor/jeremeamia/superclosure/src/Serializer.php:110
Stack trace:
#0 /work/eschat/vendor/easyswoole/easyswoole/src/Swoole/Task/SuperClosure.php(33): SuperClosure\Serializer->unserialize('N;')
#1 [internal function]: EasySwoole\EasySwoole\Swoole\Task\SuperClosure->__wakeup()
#2 /work/eschat/vendor/easyswoole/easyswoole/src/ServerManager.php(114): Swoole\Server->start()
#3 /work/eschat/vendor/easyswoole/easyswoole/src/Core.php(134): EasySwoole\EasySwoole\ServerManager->start()
#4 /work/eschat/vendor/easyswoole/easyswoole/src/Command/DefaultCommand/Start.php(102): EasySwoole\EasySwoole\Core->start()
#5 /work/eschat/vendor/easyswoole/easyswoole/src/Command/CommandContainer.php(44): EasySwoole\EasySwoole\Command\DefaultCommand\Start->exec(Array)
#6 /work/eschat/vendor/easyswoole/easyswoole/src/Command/CommandRunner.php(52): EasySwoole\EasySwoole\Command\CommandContainer->hook('start' at file:/work/eschat/vendor/jeremeamia/superclosure/src/Serializer.php line:110]
[2019-06-19 11:23:59][DEBUG][NOTICE] : [Serialization of closure failed: Serialization of 'Swoole\Coroutine\MySQL' is not allowed at file:/work/eschat/vendor/jeremeamia/superclosure/src/SerializableClosure.php line:116]
[2019-06-19 11:23:59][DEBUG][WARNING] : [call_user_func() expects parameter 1 to be a valid callback, no array or string given at file:/work/eschat/vendor/easyswoole/easyswoole/src/Swoole/Task/SuperClosure.php line:40]
[2019-06-19 11:23:59][DEBUG][ERROR] : [Uncaught SuperClosure\Exception\ClosureUnserializationException: The closure did not unserialize to a SuperClosure. in /work/eschat/vendor/jeremeamia/superclosure/src/Serializer.php:110
Stack trace:
#0 /work/eschat/vendor/easyswoole/easyswoole/src/Swoole/Task/SuperClosure.php(33): SuperClosure\Serializer->unserialize('N;')
#1 [internal function]: EasySwoole\EasySwoole\Swoole\Task\SuperClosure->__wakeup()
#2 /work/eschat/vendor/easyswoole/easyswoole/src/ServerManager.php(114): Swoole\Server->start()
#3 /work/eschat/vendor/easyswoole/easyswoole/src/Core.php(134): EasySwoole\EasySwoole\ServerManager->start()
#4 /work/eschat/vendor/easyswoole/easyswoole/src/Command/DefaultCommand/Start.php(102): EasySwoole\EasySwoole\Core->start()
#5 /work/eschat/vendor/easyswoole/easyswoole/src/Command/CommandContainer.php(44): EasySwoole\EasySwoole\Command\DefaultCommand\Start->exec(Array)
#6 /work/eschat/vendor/easyswoole/easyswoole/src/Command/CommandRunner.php(52): EasySwoole\EasySwoole\Command\CommandContainer->hook('start' at file:/work/eschat/vendor/jeremeamia/superclosure/src/Serializer.php line:110]
[2019-06-19 11:25:15][DEBUG][NOTICE] : [Serialization of closure failed: Serialization of 'Swoole\Coroutine\MySQL' is not allowed at file:/work/eschat/vendor/jeremeamia/superclosure/src/SerializableClosure.php line:116]
[2019-06-19 11:25:15][DEBUG][WARNING] : [call_user_func() expects parameter 1 to be a valid callback, no array or string given at file:/work/eschat/vendor/easyswoole/easyswoole/src/Swoole/Task/SuperClosure.php line:40]
[2019-06-19 11:25:15][DEBUG][ERROR] : [Uncaught SuperClosure\Exception\ClosureUnserializationException: The closure did not unserialize to a SuperClosure. in /work/eschat/vendor/jeremeamia/superclosure/src/Serializer.php:110
Stack trace:
#0 /work/eschat/vendor/easyswoole/easyswoole/src/Swoole/Task/SuperClosure.php(33): SuperClosure\Serializer->unserialize('N;')
#1 [internal function]: EasySwoole\EasySwoole\Swoole\Task\SuperClosure->__wakeup()
#2 /work/eschat/vendor/easyswoole/easyswoole/src/ServerManager.php(114): Swoole\Server->start()
#3 /work/eschat/vendor/easyswoole/easyswoole/src/Core.php(134): EasySwoole\EasySwoole\ServerManager->start()
#4 /work/eschat/vendor/easyswoole/easyswoole/src/Command/DefaultCommand/Start.php(102): EasySwoole\EasySwoole\Core->start()
#5 /work/eschat/vendor/easyswoole/easyswoole/src/Command/CommandContainer.php(44): EasySwoole\EasySwoole\Command\DefaultCommand\Start->exec(Array)
#6 /work/eschat/vendor/easyswoole/easyswoole/src/Command/CommandRunner.php(52): EasySwoole\EasySwoole\Command\CommandContainer->hook('start' at file:/work/eschat/vendor/jeremeamia/superclosure/src/Serializer.php line:110]
[2019-06-19 11:39:56][DEBUG][NOTICE] : [Undefined index: type at file:/work/eschat/App/HttpController/User.php line:71]
[2019-06-19 11:39:56][DEBUG][NOTICE] : [Undefined index: wd at file:/work/eschat/App/HttpController/User.php line:72]
[2019-06-19 11:49:10][DEBUG][NOTICE] : [Serialization of closure failed: Serialization of 'Swoole\WebSocket\Server' is not allowed at file:/work/eschat/vendor/jeremeamia/superclosure/src/SerializableClosure.php line:116]
[2019-06-19 11:49:10][DEBUG][WARNING] : [call_user_func() expects parameter 1 to be a valid callback, no array or string given at file:/work/eschat/vendor/easyswoole/easyswoole/src/Swoole/Task/SuperClosure.php line:40]
[2019-06-19 11:49:10][DEBUG][ERROR] : [Uncaught SuperClosure\Exception\ClosureUnserializationException: The closure did not unserialize to a SuperClosure. in /work/eschat/vendor/jeremeamia/superclosure/src/Serializer.php:110
Stack trace:
#0 /work/eschat/vendor/easyswoole/easyswoole/src/Swoole/Task/SuperClosure.php(33): SuperClosure\Serializer->unserialize('N;')
#1 [internal function]: EasySwoole\EasySwoole\Swoole\Task\SuperClosure->__wakeup()
#2 /work/eschat/vendor/easyswoole/easyswoole/src/ServerManager.php(114): Swoole\Server->start()
#3 /work/eschat/vendor/easyswoole/easyswoole/src/Core.php(134): EasySwoole\EasySwoole\ServerManager->start()
#4 /work/eschat/vendor/easyswoole/easyswoole/src/Command/DefaultCommand/Start.php(102): EasySwoole\EasySwoole\Core->start()
#5 /work/eschat/vendor/easyswoole/easyswoole/src/Command/CommandContainer.php(44): EasySwoole\EasySwoole\Command\DefaultCommand\Start->exec(Array)
#6 /work/eschat/vendor/easyswoole/easyswoole/src/Command/CommandRunner.php(52): EasySwoole\EasySwoole\Command\CommandContainer->hook('start' at file:/work/eschat/vendor/jeremeamia/superclosure/src/Serializer.php line:110]
[2019-06-19 11:56:54][DEBUG][NOTICE] : [Undefined index: type at file:/work/eschat/App/HttpController/User.php line:71]
[2019-06-19 11:56:54][DEBUG][NOTICE] : [Undefined index: wd at file:/work/eschat/App/HttpController/User.php line:72]
[2019-06-19 11:57:01][DEBUG][NOTICE] : [Undefined index: token at file:/work/eschat/App/WebSocket/Index.php line:146]
[2019-06-19 11:58:31][DEBUG][NOTICE] : [Undefined index: data at file:/work/eschat/App/WebSocket/Index.php line:28]
[2019-06-19 11:58:43][DEBUG][NOTICE] : [Undefined index: data at file:/work/eschat/App/WebSocket/Index.php line:28]
[2019-06-19 11:59:28][DEBUG][NOTICE] : [Undefined index: token at file:/work/eschat/App/WebSocket/Index.php line:32]
[2019-06-19 11:59:50][DEBUG][NOTICE] : [Undefined index: token at file:/work/eschat/App/WebSocket/Index.php line:32]
[2019-06-19 11:59:58][DEBUG][NOTICE] : [Undefined index: token at file:/work/eschat/App/WebSocket/Index.php line:32]
[2019-06-19 12:00:33][DEBUG][WARNING] : [Swoole\WebSocket\Server::push(): the connected client of connection[3] is not a websocket client or closed at file:/work/eschat/App/WebSocket/WebSocketEvents.php line:111]
[2019-06-19 12:00:33][DEBUG][WARNING] : [Swoole\WebSocket\Server::push(): the connected client of connection[13] is not a websocket client or closed at file:/work/eschat/App/WebSocket/WebSocketEvents.php line:67]
[2019-06-19 12:00:35][DEBUG][NOTICE] : [Undefined index: date at file:/work/eschat/App/WebSocket/Index.php line:29]
[2019-06-19 12:00:38][DEBUG][NOTICE] : [Undefined index: date at file:/work/eschat/App/WebSocket/Index.php line:29]
[2019-06-19 12:00:47][DEBUG][NOTICE] : [Undefined index: date at file:/work/eschat/App/WebSocket/Index.php line:29]
[2019-06-19 12:00:52][DEBUG][NOTICE] : [Undefined index: date at file:/work/eschat/App/WebSocket/Index.php line:29]
[2019-06-19 12:01:36][DEBUG][NOTICE] : [Undefined index: type at file:/work/eschat/App/HttpController/User.php line:71]
[2019-06-19 12:01:36][DEBUG][NOTICE] : [Undefined index: wd at file:/work/eschat/App/HttpController/User.php line:72]
[2019-06-19 12:02:42][DEBUG][NOTICE] : [Undefined index: type at file:/work/eschat/App/HttpController/User.php line:71]
[2019-06-19 12:02:42][DEBUG][NOTICE] : [Undefined index: wd at file:/work/eschat/App/HttpController/User.php line:72]
[2019-06-19 12:03:08][DEBUG][NOTICE] : [Undefined index: type at file:/work/eschat/App/HttpController/User.php line:71]
[2019-06-19 12:03:08][DEBUG][NOTICE] : [Undefined index: wd at file:/work/eschat/App/HttpController/User.php line:72]
[2019-06-19 12:03:48][DEBUG][NOTICE] : [Undefined index: type at file:/work/eschat/App/HttpController/User.php line:71]
[2019-06-19 12:03:48][DEBUG][NOTICE] : [Undefined index: wd at file:/work/eschat/App/HttpController/User.php line:72]
[2019-06-19 12:06:24][DEBUG][NOTICE] : [Undefined index: type at file:/work/eschat/App/HttpController/User.php line:71]
[2019-06-19 12:06:24][DEBUG][NOTICE] : [Undefined index: wd at file:/work/eschat/App/HttpController/User.php line:72]
[2019-06-19 12:06:36][DEBUG][NOTICE] : [Undefined variable: info at file:/work/eschat/App/WebSocket/Index.php line:238]
[2019-06-19 12:06:36][DEBUG][NOTICE] : [Trying to get property 'id' of non-object at file:/work/eschat/App/WebSocket/Index.php line:238]
[2019-06-19 12:06:58][DEBUG][NOTICE] : [Undefined index: type at file:/work/eschat/App/HttpController/User.php line:71]
[2019-06-19 12:06:58][DEBUG][NOTICE] : [Undefined index: wd at file:/work/eschat/App/HttpController/User.php line:72]
[2019-06-19 12:07:08][DEBUG][WARNING] : [Swoole\WebSocket\Server::push(): the connected client of connection[77] is not a websocket client or closed at file:/work/eschat/App/WebSocket/WebSocketEvents.php line:111]
[2019-06-19 12:07:09][DEBUG][WARNING] : [Swoole\WebSocket\Server::push(): the connected client of connection[77] is not a websocket client or closed at file:/work/eschat/App/WebSocket/WebSocketEvents.php line:67]
[2019-06-19 12:09:20][DEBUG][NOTICE] : [Undefined index: type at file:/work/eschat/App/HttpController/User.php line:71]
[2019-06-19 12:09:20][DEBUG][NOTICE] : [Undefined index: wd at file:/work/eschat/App/HttpController/User.php line:72]
[2019-06-19 12:11:37][DEBUG][NOTICE] : [Undefined index: type at file:/work/eschat/App/HttpController/User.php line:71]
[2019-06-19 12:11:37][DEBUG][NOTICE] : [Undefined index: wd at file:/work/eschat/App/HttpController/User.php line:72]
[2019-06-19 12:19:54][DEBUG][NOTICE] : [Undefined index: type at file:/work/eschat/App/HttpController/User.php line:71]
[2019-06-19 12:19:54][DEBUG][NOTICE] : [Undefined index: wd at file:/work/eschat/App/HttpController/User.php line:72]
[2019-06-19 12:25:32][DEBUG][NOTICE] : [Undefined index: type at file:/work/eschat/App/HttpController/User.php line:71]
[2019-06-19 12:25:32][DEBUG][NOTICE] : [Undefined index: wd at file:/work/eschat/App/HttpController/User.php line:72]
[2019-06-19 12:25:48][DEBUG][NOTICE] : [Undefined variable: info at file:/work/eschat/App/WebSocket/Index.php line:266]
[2019-06-19 12:25:48][DEBUG][NOTICE] : [Trying to get property 'id' of non-object at file:/work/eschat/App/WebSocket/Index.php line:266]
[2019-06-19 12:26:46][DEBUG][NOTICE] : [Undefined index: type at file:/work/eschat/App/HttpController/User.php line:71]
[2019-06-19 12:26:46][DEBUG][NOTICE] : [Undefined index: wd at file:/work/eschat/App/HttpController/User.php line:72]
[2019-06-19 12:27:10][DEBUG][WARNING] : [Swoole\WebSocket\Server::push(): the connected client of connection[10001] is not a websocket client or closed at file:/work/eschat/App/WebSocket/Index.php line:279]
[2019-06-19 12:28:25][DEBUG][NOTICE] : [Undefined index: type at file:/work/eschat/App/HttpController/User.php line:71]
[2019-06-19 12:28:25][DEBUG][NOTICE] : [Undefined index: wd at file:/work/eschat/App/HttpController/User.php line:72]
[2019-06-19 12:28:30][DEBUG][NOTICE] : [Undefined index: type at file:/work/eschat/App/HttpController/User.php line:71]
[2019-06-19 12:28:30][DEBUG][NOTICE] : [Undefined index: wd at file:/work/eschat/App/HttpController/User.php line:72]
[2019-06-19 12:28:38][DEBUG][NOTICE] : [Undefined variable: info at file:/work/eschat/App/WebSocket/Index.php line:238]
[2019-06-19 12:28:38][DEBUG][NOTICE] : [Trying to get property 'id' of non-object at file:/work/eschat/App/WebSocket/Index.php line:238]
[2019-06-19 12:29:55][DEBUG][NOTICE] : [Undefined index: type at file:/work/eschat/App/HttpController/User.php line:71]
[2019-06-19 12:29:55][DEBUG][NOTICE] : [Undefined index: wd at file:/work/eschat/App/HttpController/User.php line:72]
[2019-06-19 12:30:02][DEBUG][NOTICE] : [Undefined index: type at file:/work/eschat/App/HttpController/User.php line:71]
[2019-06-19 12:30:02][DEBUG][NOTICE] : [Undefined index: wd at file:/work/eschat/App/HttpController/User.php line:72]
[2019-06-19 13:03:02][DEBUG][NOTICE] : [Undefined index: type at file:/work/eschat/App/HttpController/User.php line:71]
[2019-06-19 13:03:02][DEBUG][NOTICE] : [Undefined index: wd at file:/work/eschat/App/HttpController/User.php line:72]
[2019-06-19 13:25:23][DEBUG][WARNING] : [Illegal string offset 'avatar' at file:/work/eschat/App/Views/index.php line:16]
[2019-06-19 13:25:23][DEBUG][WARNING] : [Illegal string offset 'username' at file:/work/eschat/App/Views/index.php line:16]
[2019-06-19 13:25:36][DEBUG][WARNING] : [Illegal string offset 'avatar' at file:/work/eschat/App/Views/index.php line:16]
[2019-06-19 13:25:36][DEBUG][WARNING] : [Illegal string offset 'username' at file:/work/eschat/App/Views/index.php line:16]
[2019-06-19 13:26:45][DEBUG][WARNING] : [Illegal string offset 'avatar' at file:/work/eschat/App/Views/index.php line:16]
[2019-06-19 13:26:45][DEBUG][WARNING] : [Illegal string offset 'username' at file:/work/eschat/App/Views/index.php line:16]
[2019-06-19 13:28:16][DEBUG][NOTICE] : [Undefined index: type at file:/work/eschat/App/HttpController/User.php line:71]
[2019-06-19 13:28:16][DEBUG][NOTICE] : [Undefined index: wd at file:/work/eschat/App/HttpController/User.php line:72]
[2019-06-19 13:28:56][DEBUG][NOTICE] : [Undefined variable: count at file:/work/eschat/App/HttpController/User.php line:248]
[2019-06-19 13:28:57][DEBUG][NOTICE] : [Undefined variable: count at file:/work/eschat/App/HttpController/User.php line:248]
[2019-06-19 13:32:02][DEBUG][NOTICE] : [Undefined index: type at file:/work/eschat/App/HttpController/User.php line:71]
[2019-06-19 13:32:02][DEBUG][NOTICE] : [Undefined index: wd at file:/work/eschat/App/HttpController/User.php line:72]
[2019-06-19 13:33:56][DEBUG][NOTICE] : [Undefined index: type at file:/work/eschat/App/HttpController/User.php line:71]
[2019-06-19 13:33:56][DEBUG][NOTICE] : [Undefined index: wd at file:/work/eschat/App/HttpController/User.php line:72]
[2019-06-19 13:34:22][DEBUG][NOTICE] : [Undefined index: wd at file:/work/eschat/App/HttpController/User.php line:72]
[2019-06-19 13:35:28][DEBUG][NOTICE] : [Undefined variable: count at file:/work/eschat/App/HttpController/User.php line:248]
[2019-06-19 13:35:28][DEBUG][NOTICE] : [Undefined variable: count at file:/work/eschat/App/HttpController/User.php line:248]
[2019-06-19 13:50:42][DEBUG][WARNING] : [Swoole\WebSocket\Server::push(): the connected client of connection[9] is not a websocket client or closed at file:/work/eschat/App/WebSocket/WebSocketEvents.php line:67]
[2019-06-19 13:50:51][DEBUG][WARNING] : [Swoole\WebSocket\Server::push(): the connected client of connection[9] is not a websocket client or closed at file:/work/eschat/App/WebSocket/WebSocketEvents.php line:111]
[2019-06-19 13:51:01][DEBUG][NOTICE] : [Undefined index: type at file:/work/eschat/App/HttpController/User.php line:71]
[2019-06-19 13:51:01][DEBUG][NOTICE] : [Undefined index: wd at file:/work/eschat/App/HttpController/User.php line:72]
[2019-06-19 13:51:06][DEBUG][NOTICE] : [Trying to get property 'avatar' of non-object at file:/work/eschat/App/HttpController/User.php line:122]
[2019-06-19 13:51:06][DEBUG][NOTICE] : [Trying to get property 'groupname' of non-object at file:/work/eschat/App/HttpController/User.php line:123]
[2019-06-19 13:51:06][DEBUG][NOTICE] : [Trying to get property 'id' of non-object at file:/work/eschat/App/HttpController/User.php line:124]
[2019-06-19 13:53:00][DEBUG][NOTICE] : [Undefined index: type at file:/work/eschat/App/HttpController/User.php line:71]
[2019-06-19 13:53:00][DEBUG][NOTICE] : [Undefined index: wd at file:/work/eschat/App/HttpController/User.php line:72]
[2019-06-19 13:53:16][DEBUG][NOTICE] : [Undefined index: wd at file:/work/eschat/App/HttpController/User.php line:72]
[2019-06-19 13:53:33][DEBUG][NOTICE] : [Undefined index: type at file:/work/eschat/App/HttpController/User.php line:71]
[2019-06-19 13:53:33][DEBUG][NOTICE] : [Undefined index: wd at file:/work/eschat/App/HttpController/User.php line:72]
[2019-06-19 13:53:39][DEBUG][NOTICE] : [Trying to get property 'avatar' of non-object at file:/work/eschat/App/HttpController/User.php line:122]
[2019-06-19 13:53:39][DEBUG][NOTICE] : [Trying to get property 'groupname' of non-object at file:/work/eschat/App/HttpController/User.php line:123]
[2019-06-19 13:53:39][DEBUG][NOTICE] : [Trying to get property 'id' of non-object at file:/work/eschat/App/HttpController/User.php line:124]
[2019-06-19 13:56:00][DEBUG][NOTICE] : [Undefined index: type at file:/work/eschat/App/HttpController/User.php line:71]
[2019-06-19 13:56:00][DEBUG][NOTICE] : [Undefined index: wd at file:/work/eschat/App/HttpController/User.php line:72]
[2019-06-19 13:58:02][DEBUG][NOTICE] : [Undefined variable: hostName at file:/work/eschat/App/Views/index.php line:75]
[2019-06-19 14:08:19][DEBUG][NOTICE] : [Undefined variable: count at file:/work/eschat/App/HttpController/User.php line:248]
[2019-06-19 14:08:20][DEBUG][NOTICE] : [Undefined variable: count at file:/work/eschat/App/HttpController/User.php line:248]
[2019-06-19 14:08:42][DEBUG][NOTICE] : [Undefined index: type at file:/work/eschat/App/HttpController/User.php line:71]
[2019-06-19 14:08:42][DEBUG][NOTICE] : [Undefined index: wd at file:/work/eschat/App/HttpController/User.php line:72]
